#
# There is insufficient memory for the Java Runtime Environment to continue.
# Native memory allocation (mmap) failed to map 616562688 bytes for G1 virtual space
# Possible reasons:
#   The system is out of physical RAM or swap space
#   The process is running with CompressedOops enabled, and the Java Heap may be blocking the growth of the native heap
# Possible solutions:
#   Reduce memory load on the system
#   Increase physical memory or swap space
#   Check if swap backing store is full
#   Decrease Java heap size (-Xmx/-Xms)
#   Decrease number of Java threads
#   Decrease Java thread stack sizes (-Xss)
#   Set larger code cache with -XX:ReservedCodeCacheSize=
#   JVM is running with Zero Based Compressed Oops mode in which the Java heap is
#     placed in the first 32GB address space. The Java Heap base address is the
#     maximum limit for the native heap growth. Please use -XX:HeapBaseMinAddress
#     to set the Java Heap base and to place the Java Heap above 32GB virtual address.
# This output file may be truncated or incomplete.
#
#  Out of Memory Error (os_windows.cpp:3466), pid=58412, tid=68168
#
# JRE version: OpenJDK Runtime Environment (16.0.1+9) (build 16.0.1+9-24)
# Java VM: OpenJDK 64-Bit Server VM (16.0.1+9-24, mixed mode, tiered, compressed oops, compressed class ptrs, g1 gc, windows-amd64)
# No core dump will be written. Minidumps are not enabled by default on client versions of Windows
#

---------------  S U M M A R Y ------------

Command Line: -Dfile.encoding=Cp1252 -XX:+ShowCodeDetailsInExceptionMessages SOSpackage.Game

Host: Intel(R) Core(TM) i7-9750H CPU @ 2.60GHz, 12 cores, 15G,  Windows 10 , 64 bit Build 19041 (10.0.19041.1202)
Time: Sun Sep 26 15:15:49 2021 Central Daylight Time elapsed time: 341.068798 seconds (0d 0h 5m 41s)

---------------  T H R E A D  ---------------

Current thread (0x0000025b65419bf0):  VMThread "VM Thread" [stack: 0x00000077da100000,0x00000077da200000] [id=68168]

Stack: [0x00000077da100000,0x00000077da200000]
Native frames: (J=compiled Java code, j=interpreted, Vv=VM code, C=native code)
V  [jvm.dll+0x6687ca]
V  [jvm.dll+0x7ca3c9]
V  [jvm.dll+0x7cbb53]
V  [jvm.dll+0x7cc1b3]
V  [jvm.dll+0x242ea5]
V  [jvm.dll+0x665589]
V  [jvm.dll+0x65a175]
V  [jvm.dll+0x2fc5ab]
V  [jvm.dll+0x3037a6]
V  [jvm.dll+0x352fee]
V  [jvm.dll+0x35321f]
V  [jvm.dll+0x2d3618]
V  [jvm.dll+0x2d11a5]
V  [jvm.dll+0x2d07dc]
V  [jvm.dll+0x3158c2]
V  [jvm.dll+0x7d05eb]
V  [jvm.dll+0x7d12e4]
V  [jvm.dll+0x7d17e9]
V  [jvm.dll+0x7d1aa4]
V  [jvm.dll+0x7d1b70]
V  [jvm.dll+0x779b4a]
V  [jvm.dll+0x667666]
C  [ucrtbase.dll+0x21bb2]
C  [KERNEL32.DLL+0x17034]
C  [ntdll.dll+0x52651]

VM_Operation (0x00000077db1fe0f0): G1CollectForAllocation, mode: safepoint, requested by thread 0x0000025b658d0320


---------------  P R O C E S S  ---------------

Threads class SMR info:
_java_thread_list=0x0000025b6dc08050, length=18, elements={
0x0000025b65438250, 0x0000025b65438e50, 0x0000025b65425320, 0x0000025b6545f000,
0x0000025b65461920, 0x0000025b65462230, 0x0000025b65468520, 0x0000025b65471020,
0x0000025b6547c250, 0x0000025b655ebd70, 0x0000025b655eefb0, 0x0000025b65878460,
0x0000025b65878980, 0x0000025b658a5010, 0x0000025b658d0320, 0x0000025b43a793e0,
0x0000025b65e917f0, 0x0000025b737e4870
}

Java Threads: ( => current thread )
  0x0000025b65438250 JavaThread "Reference Handler" daemon [_thread_blocked, id=60488, stack(0x00000077da200000,0x00000077da300000)]
  0x0000025b65438e50 JavaThread "Finalizer" daemon [_thread_blocked, id=67872, stack(0x00000077da300000,0x00000077da400000)]
  0x0000025b65425320 JavaThread "Signal Dispatcher" daemon [_thread_blocked, id=68300, stack(0x00000077da400000,0x00000077da500000)]
  0x0000025b6545f000 JavaThread "Attach Listener" daemon [_thread_blocked, id=67360, stack(0x00000077da500000,0x00000077da600000)]
  0x0000025b65461920 JavaThread "Service Thread" daemon [_thread_blocked, id=50652, stack(0x00000077da600000,0x00000077da700000)]
  0x0000025b65462230 JavaThread "Monitor Deflation Thread" daemon [_thread_blocked, id=66180, stack(0x00000077da700000,0x00000077da800000)]
  0x0000025b65468520 JavaThread "C2 CompilerThread0" daemon [_thread_blocked, id=59112, stack(0x00000077da800000,0x00000077da900000)]
  0x0000025b65471020 JavaThread "C1 CompilerThread0" daemon [_thread_blocked, id=57580, stack(0x00000077da900000,0x00000077daa00000)]
  0x0000025b6547c250 JavaThread "Sweeper thread" daemon [_thread_blocked, id=68008, stack(0x00000077daa00000,0x00000077dab00000)]
  0x0000025b655ebd70 JavaThread "Notification Thread" daemon [_thread_blocked, id=56904, stack(0x00000077dab00000,0x00000077dac00000)]
  0x0000025b655eefb0 JavaThread "Common-Cleaner" daemon [_thread_blocked, id=67876, stack(0x00000077dad00000,0x00000077dae00000)]
  0x0000025b65878460 JavaThread "Java2D Disposer" daemon [_thread_in_native, id=64684, stack(0x00000077dae00000,0x00000077daf00000)]
  0x0000025b65878980 JavaThread "AWT-Shutdown" [_thread_blocked, id=11336, stack(0x00000077daf00000,0x00000077db000000)]
  0x0000025b658a5010 JavaThread "AWT-Windows" daemon [_thread_blocked, id=30628, stack(0x00000077db000000,0x00000077db100000)]
  0x0000025b658d0320 JavaThread "AWT-EventQueue-0" [_thread_blocked, id=1368, stack(0x00000077db100000,0x00000077db200000)]
  0x0000025b43a793e0 JavaThread "DestroyJavaVM" [_thread_blocked, id=41684, stack(0x00000077d9b00000,0x00000077d9c00000)]
  0x0000025b65e917f0 JavaThread "D3D Screen Updater" daemon [_thread_blocked, id=29296, stack(0x00000077db520000,0x00000077db620000)]
  0x0000025b737e4870 JavaThread "C2 CompilerThread1" daemon [_thread_blocked, id=65504, stack(0x00000077d9900000,0x00000077d9a00000)]

Other Threads:
=>0x0000025b65419bf0 VMThread "VM Thread" [stack: 0x00000077da100000,0x00000077da200000] [id=68168]
  0x0000025b655ec6a0 WatcherThread [stack: 0x00000077dac00000,0x00000077dad00000] [id=64608]
  0x0000025b43acc110 GCTaskThread "GC Thread#0" [stack: 0x00000077d9c00000,0x00000077d9d00000] [id=62808]
  0x0000025b74613010 GCTaskThread "GC Thread#1" [stack: 0x00000077db7a0000,0x00000077db8a0000] [id=65716]
  0x0000025b74613c50 GCTaskThread "GC Thread#2" [stack: 0x00000077db8a0000,0x00000077db9a0000] [id=65912]
  0x0000025b74613f60 GCTaskThread "GC Thread#3" [stack: 0x00000077db9a0000,0x00000077dbaa0000] [id=61124]
  0x0000025b74614270 GCTaskThread "GC Thread#4" [stack: 0x00000077dbaa0000,0x00000077dbba0000] [id=67676]
  0x0000025b74616730 GCTaskThread "GC Thread#5" [stack: 0x00000077dbba0000,0x00000077dbca0000] [id=52324]
  0x0000025b74615af0 GCTaskThread "GC Thread#6" [stack: 0x00000077dbca0000,0x00000077dbda0000] [id=56436]
  0x0000025b746151c0 GCTaskThread "GC Thread#7" [stack: 0x00000077dbda0000,0x00000077dbea0000] [id=55796]
  0x0000025b74614ba0 GCTaskThread "GC Thread#8" [stack: 0x00000077dbea0000,0x00000077dbfa0000] [id=66480]
  0x0000025b6dddc7a0 GCTaskThread "GC Thread#9" [stack: 0x00000077dbfa0000,0x00000077dc0a0000] [id=67544]
  0x0000025b43adf7d0 ConcurrentGCThread "G1 Main Marker" [stack: 0x00000077d9d00000,0x00000077d9e00000] [id=59184]
  0x0000025b43ae02c0 ConcurrentGCThread "G1 Conc#0" [stack: 0x00000077d9e00000,0x00000077d9f00000] [id=13356]
  0x0000025b15673cf0 ConcurrentGCThread "G1 Conc#1" [stack: 0x00000077dc6a0000,0x00000077dc7a0000] [id=68140]
  0x0000025b156705d0 ConcurrentGCThread "G1 Conc#2" [stack: 0x00000077dc7a0000,0x00000077dc8a0000] [id=66376]
  0x0000025b43b5dac0 ConcurrentGCThread "G1 Refine#0" [stack: 0x00000077d9f00000,0x00000077da000000] [id=55856]
  0x0000025b7469e4b0 ConcurrentGCThread "G1 Refine#1" [stack: 0x00000077d9a00000,0x00000077d9b00000] [id=63364]
  0x0000025b74199020 ConcurrentGCThread "G1 Refine#2" [stack: 0x00000077db200000,0x00000077db300000] [id=49508]
  0x0000025b087b8c50 ConcurrentGCThread "G1 Refine#3" [stack: 0x00000077db6a0000,0x00000077db7a0000] [id=65992]
  0x0000025b7aa32020 ConcurrentGCThread "G1 Refine#4" [stack: 0x00000077dc0a0000,0x00000077dc1a0000] [id=64272]
  0x0000025b15764c40 ConcurrentGCThread "G1 Refine#5" [stack: 0x00000077dc1a0000,0x00000077dc2a0000] [id=52952]
  0x0000025b659867b0 ConcurrentGCThread "G1 Refine#6" [stack: 0x00000077dc2a0000,0x00000077dc3a0000] [id=13788]
  0x0000025b73a1f590 ConcurrentGCThread "G1 Refine#7" [stack: 0x00000077dc3a0000,0x00000077dc4a0000] [id=53880]
  0x0000025b73a1f8d0 ConcurrentGCThread "G1 Refine#8" [stack: 0x00000077dc4a0000,0x00000077dc5a0000] [id=30308]
  0x0000025b7a9023c0 ConcurrentGCThread "G1 Refine#9" [stack: 0x00000077dc5a0000,0x00000077dc6a0000] [id=54592]
  0x0000025b43b5e5c0 ConcurrentGCThread "G1 Service" [stack: 0x00000077da000000,0x00000077da100000] [id=66404]

Threads with active compile tasks:
C2 CompilerThread0   341113 2285       4       sun.java2d.SurfaceData::invalidate (13 bytes)
C2 CompilerThread1   341113 2283       4       sun.awt.image.VolatileSurfaceManager::getBackupSurface (74 bytes)

VM state: at safepoint (normal execution)

VM Mutex/Monitor currently owned by a thread:  ([mutex/lock_event])
[0x0000025b43a75fd0] Threads_lock - owner thread: 0x0000025b65419bf0
[0x0000025b43a75c70] Heap_lock - owner thread: 0x0000025b658d0320

Heap address: 0x0000000702400000, size: 4060 MB, Compressed Oops mode: Zero based, Oop shift amount: 3

CDS disabled.
Compressed class space mapped at: 0x0000000800000000-0x0000000840000000, reserved size: 1073741824
Narrow klass base: 0x0000000800000000, Narrow klass shift: 0, Narrow klass range: 0x40000000

GC Precious Log:
 CPUs: 12 total, 12 available
 Memory: 16234M
 Large Page Support: Disabled
 NUMA Support: Disabled
 Compressed Oops: Enabled (Zero based)
 Heap Region Size: 2M
 Heap Min Capacity: 8M
 Heap Initial Capacity: 254M
 Heap Max Capacity: 4060M
 Pre-touch: Disabled
 Parallel Workers: 10
 Concurrent Workers: 3
 Concurrent Refinement Workers: 10
 Periodic GC: Disabled

Heap:
 garbage-first heap   total 301056K, used 255495K [0x0000000702400000, 0x0000000800000000)
  region size 2048K, 1 young (2048K), 1 survivors (2048K)
 Metaspace       used 14682K, committed 14912K, reserved 1064960K
  class space    used 1366K, committed 1472K, reserved 1048576K

Heap Regions: E=young(eden), S=young(survivor), O=old, HS=humongous(starts), HC=humongous(continues), CS=collection set, F=free, OA=open archive, CA=closed archive, TAMS=top-at-mark-start (previous, next)
|   0|0x0000000702400000, 0x0000000702600000, 0x0000000702600000|100%|HS|  |TAMS 0x0000000702400000, 0x0000000702600000| Complete 
|   1|0x0000000702600000, 0x0000000702800000, 0x0000000702800000|100%|HC|  |TAMS 0x0000000702600000, 0x0000000702800000| Complete 
|   2|0x0000000702800000, 0x0000000702a00000, 0x0000000702a00000|100%|HC|  |TAMS 0x0000000702800000, 0x0000000702a00000| Complete 
|   3|0x0000000702a00000, 0x0000000702c00000, 0x0000000702c00000|100%|HC|  |TAMS 0x0000000702a00000, 0x0000000702c00000| Complete 
|   4|0x0000000702c00000, 0x0000000702e00000, 0x0000000702e00000|100%|HC|  |TAMS 0x0000000702c00000, 0x0000000702e00000| Complete 
|   5|0x0000000702e00000, 0x0000000703000000, 0x0000000703000000|100%|HC|  |TAMS 0x0000000702e00000, 0x0000000703000000| Complete 
|   6|0x0000000703000000, 0x0000000703200000, 0x0000000703200000|100%|HC|  |TAMS 0x0000000703000000, 0x0000000703200000| Complete 
|   7|0x0000000703200000, 0x0000000703400000, 0x0000000703400000|100%|HC|  |TAMS 0x0000000703200000, 0x0000000703400000| Complete 
|   8|0x0000000703400000, 0x0000000703600000, 0x0000000703600000|100%|HC|  |TAMS 0x0000000703400000, 0x0000000703600000| Complete 
|   9|0x0000000703600000, 0x0000000703800000, 0x0000000703800000|100%|HC|  |TAMS 0x0000000703600000, 0x0000000703800000| Complete 
|  10|0x0000000703800000, 0x0000000703a00000, 0x0000000703a00000|100%|HC|  |TAMS 0x0000000703800000, 0x0000000703a00000| Complete 
|  11|0x0000000703a00000, 0x0000000703c00000, 0x0000000703c00000|100%|HC|  |TAMS 0x0000000703a00000, 0x0000000703c00000| Complete 
|  12|0x0000000703c00000, 0x0000000703e00000, 0x0000000703e00000|100%|HC|  |TAMS 0x0000000703c00000, 0x0000000703e00000| Complete 
|  13|0x0000000703e00000, 0x0000000704000000, 0x0000000704000000|100%|HC|  |TAMS 0x0000000703e00000, 0x0000000704000000| Complete 
|  14|0x0000000704000000, 0x0000000704200000, 0x0000000704200000|100%|HC|  |TAMS 0x0000000704000000, 0x0000000704200000| Complete 
|  15|0x0000000704200000, 0x0000000704400000, 0x0000000704400000|100%|HC|  |TAMS 0x0000000704200000, 0x0000000704400000| Complete 
|  16|0x0000000704400000, 0x0000000704600000, 0x0000000704600000|100%| O|  |TAMS 0x0000000704400000, 0x0000000704600000| Untracked 
|  17|0x0000000704600000, 0x0000000704800000, 0x0000000704800000|100%| O|  |TAMS 0x0000000704600000, 0x0000000704800000| Untracked 
|  18|0x0000000704800000, 0x0000000704a00000, 0x0000000704a00000|100%| O|  |TAMS 0x0000000704800000, 0x0000000704a00000| Untracked 
|  19|0x0000000704a00000, 0x0000000704c00000, 0x0000000704c00000|100%| O|  |TAMS 0x0000000704a00000, 0x0000000704c00000| Untracked 
|  20|0x0000000704c00000, 0x0000000704e00000, 0x0000000704e00000|100%| O|  |TAMS 0x0000000704c00000, 0x0000000704e00000| Untracked 
|  21|0x0000000704e00000, 0x0000000705000000, 0x0000000705000000|100%| O|  |TAMS 0x0000000704e00000, 0x0000000705000000| Untracked 
|  22|0x0000000705000000, 0x0000000705200000, 0x0000000705200000|100%| O|  |TAMS 0x0000000705000000, 0x0000000705200000| Untracked 
|  23|0x0000000705200000, 0x0000000705400000, 0x0000000705400000|100%| O|  |TAMS 0x0000000705200000, 0x0000000705400000| Untracked 
|  24|0x0000000705400000, 0x0000000705600000, 0x0000000705600000|100%| O|  |TAMS 0x0000000705400000, 0x0000000705600000| Untracked 
|  25|0x0000000705600000, 0x0000000705800000, 0x0000000705800000|100%| O|  |TAMS 0x0000000705600000, 0x0000000705800000| Untracked 
|  26|0x0000000705800000, 0x0000000705a00000, 0x0000000705a00000|100%| O|  |TAMS 0x0000000705800000, 0x0000000705a00000| Untracked 
|  27|0x0000000705a00000, 0x0000000705c00000, 0x0000000705c00000|100%| O|  |TAMS 0x0000000705a00000, 0x0000000705c00000| Untracked 
|  28|0x0000000705c00000, 0x0000000705e00000, 0x0000000705e00000|100%| O|  |TAMS 0x0000000705c00000, 0x0000000705e00000| Untracked 
|  29|0x0000000705e00000, 0x0000000706000000, 0x0000000706000000|100%| O|  |TAMS 0x0000000705e00000, 0x0000000706000000| Untracked 
|  30|0x0000000706000000, 0x0000000706200000, 0x0000000706200000|100%| O|  |TAMS 0x0000000706000000, 0x0000000706200000| Untracked 
|  31|0x0000000706200000, 0x0000000706400000, 0x0000000706400000|100%| O|  |TAMS 0x0000000706200000, 0x0000000706400000| Untracked 
|  32|0x0000000706400000, 0x0000000706600000, 0x0000000706600000|100%| O|  |TAMS 0x0000000706400000, 0x0000000706600000| Untracked 
|  33|0x0000000706600000, 0x0000000706800000, 0x0000000706800000|100%| O|  |TAMS 0x0000000706600000, 0x0000000706800000| Untracked 
|  34|0x0000000706800000, 0x0000000706a00000, 0x0000000706a00000|100%| O|  |TAMS 0x0000000706800000, 0x0000000706a00000| Untracked 
|  35|0x0000000706a00000, 0x0000000706c00000, 0x0000000706c00000|100%| O|  |TAMS 0x0000000706a00000, 0x0000000706c00000| Untracked 
|  36|0x0000000706c00000, 0x0000000706e00000, 0x0000000706e00000|100%| O|  |TAMS 0x0000000706c00000, 0x0000000706e00000| Untracked 
|  37|0x0000000706e00000, 0x0000000707000000, 0x0000000707000000|100%| O|  |TAMS 0x0000000706e00000, 0x0000000707000000| Untracked 
|  38|0x0000000707000000, 0x0000000707200000, 0x0000000707200000|100%| O|  |TAMS 0x0000000707000000, 0x0000000707200000| Untracked 
|  39|0x0000000707200000, 0x0000000707400000, 0x0000000707400000|100%| O|  |TAMS 0x0000000707200000, 0x0000000707400000| Untracked 
|  40|0x0000000707400000, 0x0000000707600000, 0x0000000707600000|100%| O|  |TAMS 0x0000000707400000, 0x0000000707600000| Untracked 
|  41|0x0000000707600000, 0x0000000707800000, 0x0000000707800000|100%| O|  |TAMS 0x0000000707600000, 0x0000000707600000| Untracked 
|  42|0x0000000707800000, 0x0000000707a00000, 0x0000000707a00000|100%| O|  |TAMS 0x0000000707800000, 0x0000000707800000| Untracked 
|  43|0x0000000707a00000, 0x0000000707c00000, 0x0000000707c00000|100%| O|  |TAMS 0x0000000707a00000, 0x0000000707a00000| Untracked 
|  44|0x0000000707c00000, 0x0000000707e00000, 0x0000000707e00000|100%| O|  |TAMS 0x0000000707c00000, 0x0000000707c00000| Untracked 
|  45|0x0000000707e00000, 0x0000000708000000, 0x0000000708000000|100%| O|  |TAMS 0x0000000707e00000, 0x0000000707e00000| Untracked 
|  46|0x0000000708000000, 0x0000000708200000, 0x0000000708200000|100%| O|  |TAMS 0x0000000708000000, 0x0000000708000000| Untracked 
|  47|0x0000000708200000, 0x0000000708400000, 0x0000000708400000|100%| O|  |TAMS 0x0000000708200000, 0x0000000708200000| Untracked 
|  48|0x0000000708400000, 0x0000000708600000, 0x0000000708600000|100%| O|  |TAMS 0x0000000708400000, 0x0000000708400000| Untracked 
|  49|0x0000000708600000, 0x0000000708800000, 0x0000000708800000|100%| O|  |TAMS 0x0000000708600000, 0x0000000708600000| Untracked 
|  50|0x0000000708800000, 0x0000000708a00000, 0x0000000708a00000|100%| O|  |TAMS 0x0000000708800000, 0x0000000708800000| Untracked 
|  51|0x0000000708a00000, 0x0000000708c00000, 0x0000000708c00000|100%| O|  |TAMS 0x0000000708a00000, 0x0000000708c00000| Untracked 
|  52|0x0000000708c00000, 0x0000000708e00000, 0x0000000708e00000|100%| O|  |TAMS 0x0000000708c00000, 0x0000000708e00000| Untracked 
|  53|0x0000000708e00000, 0x0000000709000000, 0x0000000709000000|100%| O|  |TAMS 0x0000000708e00000, 0x0000000709000000| Untracked 
|  54|0x0000000709000000, 0x0000000709200000, 0x0000000709200000|100%| O|  |TAMS 0x0000000709000000, 0x0000000709200000| Untracked 
|  55|0x0000000709200000, 0x0000000709400000, 0x0000000709400000|100%| O|  |TAMS 0x0000000709200000, 0x0000000709400000| Untracked 
|  56|0x0000000709400000, 0x0000000709600000, 0x0000000709600000|100%| O|  |TAMS 0x0000000709400000, 0x0000000709600000| Untracked 
|  57|0x0000000709600000, 0x0000000709800000, 0x0000000709800000|100%| O|  |TAMS 0x0000000709600000, 0x0000000709800000| Untracked 
|  58|0x0000000709800000, 0x0000000709a00000, 0x0000000709a00000|100%| O|  |TAMS 0x0000000709800000, 0x0000000709a00000| Untracked 
|  59|0x0000000709a00000, 0x0000000709c00000, 0x0000000709c00000|100%| O|  |TAMS 0x0000000709a00000, 0x0000000709c00000| Untracked 
|  60|0x0000000709c00000, 0x0000000709e00000, 0x0000000709e00000|100%| O|  |TAMS 0x0000000709c00000, 0x0000000709e00000| Untracked 
|  61|0x0000000709e00000, 0x000000070a000000, 0x000000070a000000|100%| O|  |TAMS 0x0000000709e00000, 0x000000070a000000| Untracked 
|  62|0x000000070a000000, 0x000000070a200000, 0x000000070a200000|100%| O|  |TAMS 0x000000070a000000, 0x000000070a200000| Untracked 
|  63|0x000000070a200000, 0x000000070a400000, 0x000000070a400000|100%| O|  |TAMS 0x000000070a200000, 0x000000070a400000| Untracked 
|  64|0x000000070a400000, 0x000000070a600000, 0x000000070a600000|100%| O|  |TAMS 0x000000070a400000, 0x000000070a600000| Untracked 
|  65|0x000000070a600000, 0x000000070a800000, 0x000000070a800000|100%| O|  |TAMS 0x000000070a600000, 0x000000070a800000| Untracked 
|  66|0x000000070a800000, 0x000000070aa00000, 0x000000070aa00000|100%| O|  |TAMS 0x000000070a800000, 0x000000070aa00000| Untracked 
|  67|0x000000070aa00000, 0x000000070ac00000, 0x000000070ac00000|100%| O|  |TAMS 0x000000070aa00000, 0x000000070ac00000| Untracked 
|  68|0x000000070ac00000, 0x000000070ae00000, 0x000000070ae00000|100%| O|  |TAMS 0x000000070ac00000, 0x000000070ae00000| Untracked 
|  69|0x000000070ae00000, 0x000000070b000000, 0x000000070b000000|100%| O|  |TAMS 0x000000070ae00000, 0x000000070b000000| Untracked 
|  70|0x000000070b000000, 0x000000070b200000, 0x000000070b200000|100%| O|  |TAMS 0x000000070b000000, 0x000000070b200000| Untracked 
|  71|0x000000070b200000, 0x000000070b400000, 0x000000070b400000|100%| O|  |TAMS 0x000000070b200000, 0x000000070b400000| Untracked 
|  72|0x000000070b400000, 0x000000070b600000, 0x000000070b600000|100%| O|  |TAMS 0x000000070b400000, 0x000000070b600000| Untracked 
|  73|0x000000070b600000, 0x000000070b800000, 0x000000070b800000|100%| O|  |TAMS 0x000000070b600000, 0x000000070b800000| Untracked 
|  74|0x000000070b800000, 0x000000070ba00000, 0x000000070ba00000|100%| O|  |TAMS 0x000000070b800000, 0x000000070ba00000| Untracked 
|  75|0x000000070ba00000, 0x000000070bc00000, 0x000000070bc00000|100%| O|  |TAMS 0x000000070ba00000, 0x000000070bc00000| Untracked 
|  76|0x000000070bc00000, 0x000000070be00000, 0x000000070be00000|100%| O|  |TAMS 0x000000070bc00000, 0x000000070bde4600| Untracked 
|  77|0x000000070be00000, 0x000000070c000000, 0x000000070c000000|100%| O|  |TAMS 0x000000070be00000, 0x000000070be00000| Untracked 
|  78|0x000000070c000000, 0x000000070c200000, 0x000000070c200000|100%| O|  |TAMS 0x000000070c000000, 0x000000070c000000| Untracked 
|  79|0x000000070c200000, 0x000000070c400000, 0x000000070c400000|100%| O|  |TAMS 0x000000070c200000, 0x000000070c200000| Untracked 
|  80|0x000000070c400000, 0x000000070c600000, 0x000000070c600000|100%| O|  |TAMS 0x000000070c400000, 0x000000070c400000| Untracked 
|  81|0x000000070c600000, 0x000000070c800000, 0x000000070c800000|100%| O|  |TAMS 0x000000070c600000, 0x000000070c600000| Untracked 
|  82|0x000000070c800000, 0x000000070ca00000, 0x000000070ca00000|100%| O|  |TAMS 0x000000070c800000, 0x000000070c800000| Untracked 
|  83|0x000000070ca00000, 0x000000070cc00000, 0x000000070cc00000|100%| O|  |TAMS 0x000000070ca00000, 0x000000070ca00000| Untracked 
|  84|0x000000070cc00000, 0x000000070ce00000, 0x000000070ce00000|100%| O|  |TAMS 0x000000070cc00000, 0x000000070cc00000| Untracked 
|  85|0x000000070ce00000, 0x000000070d000000, 0x000000070d000000|100%| O|  |TAMS 0x000000070ce00000, 0x000000070ce00000| Untracked 
|  86|0x000000070d000000, 0x000000070d200000, 0x000000070d200000|100%| O|  |TAMS 0x000000070d000000, 0x000000070d000000| Untracked 
|  87|0x000000070d200000, 0x000000070d400000, 0x000000070d400000|100%| O|  |TAMS 0x000000070d200000, 0x000000070d200000| Untracked 
|  88|0x000000070d400000, 0x000000070d600000, 0x000000070d600000|100%| O|  |TAMS 0x000000070d400000, 0x000000070d400000| Untracked 
|  89|0x000000070d600000, 0x000000070d800000, 0x000000070d800000|100%| O|  |TAMS 0x000000070d600000, 0x000000070d600000| Untracked 
|  90|0x000000070d800000, 0x000000070da00000, 0x000000070da00000|100%| O|  |TAMS 0x000000070d800000, 0x000000070d800000| Untracked 
|  91|0x000000070da00000, 0x000000070dc00000, 0x000000070dc00000|100%| O|  |TAMS 0x000000070da00000, 0x000000070da00000| Untracked 
|  92|0x000000070dc00000, 0x000000070de00000, 0x000000070de00000|100%| O|  |TAMS 0x000000070dc00000, 0x000000070dc00000| Untracked 
|  93|0x000000070de00000, 0x000000070e000000, 0x000000070e000000|100%| O|  |TAMS 0x000000070de00000, 0x000000070de00000| Untracked 
|  94|0x000000070e000000, 0x000000070e200000, 0x000000070e200000|100%| O|  |TAMS 0x000000070e000000, 0x000000070e000000| Untracked 
|  95|0x000000070e200000, 0x000000070e400000, 0x000000070e400000|100%| O|  |TAMS 0x000000070e200000, 0x000000070e200000| Untracked 
|  96|0x000000070e400000, 0x000000070e600000, 0x000000070e600000|100%| O|  |TAMS 0x000000070e400000, 0x000000070e400000| Untracked 
|  97|0x000000070e600000, 0x000000070e800000, 0x000000070e800000|100%| O|  |TAMS 0x000000070e600000, 0x000000070e600000| Untracked 
|  98|0x000000070e800000, 0x000000070ea00000, 0x000000070ea00000|100%| O|  |TAMS 0x000000070e800000, 0x000000070e800000| Untracked 
|  99|0x000000070ea00000, 0x000000070ec00000, 0x000000070ec00000|100%| O|  |TAMS 0x000000070ea00000, 0x000000070ea00000| Untracked 
| 100|0x000000070ec00000, 0x000000070ee00000, 0x000000070ee00000|100%| O|  |TAMS 0x000000070ec00000, 0x000000070ec00000| Untracked 
| 101|0x000000070ee00000, 0x000000070f000000, 0x000000070f000000|100%| O|  |TAMS 0x000000070ee00000, 0x000000070ee00000| Untracked 
| 102|0x000000070f000000, 0x000000070f200000, 0x000000070f200000|100%| O|  |TAMS 0x000000070f000000, 0x000000070f000000| Untracked 
| 103|0x000000070f200000, 0x000000070f381e00, 0x000000070f400000| 75%| O|  |TAMS 0x000000070f200000, 0x000000070f200000| Untracked 
| 104|0x000000070f400000, 0x000000070f400000, 0x000000070f600000|  0%| F|  |TAMS 0x000000070f400000, 0x000000070f400000| Untracked 
| 105|0x000000070f600000, 0x000000070f600000, 0x000000070f800000|  0%| F|  |TAMS 0x000000070f600000, 0x000000070f600000| Untracked 
| 106|0x000000070f800000, 0x000000070f800000, 0x000000070fa00000|  0%| F|  |TAMS 0x000000070f800000, 0x000000070f800000| Untracked 
| 107|0x000000070fa00000, 0x000000070fa00000, 0x000000070fc00000|  0%| F|  |TAMS 0x000000070fa00000, 0x000000070fa00000| Untracked 
| 108|0x000000070fc00000, 0x000000070fc00000, 0x000000070fe00000|  0%| F|  |TAMS 0x000000070fc00000, 0x000000070fc00000| Untracked 
| 109|0x000000070fe00000, 0x000000070fe00000, 0x0000000710000000|  0%| F|  |TAMS 0x000000070fe00000, 0x000000070fe00000| Untracked 
| 110|0x0000000710000000, 0x0000000710000000, 0x0000000710200000|  0%| F|  |TAMS 0x0000000710000000, 0x0000000710000000| Untracked 
| 111|0x0000000710200000, 0x0000000710200000, 0x0000000710400000|  0%| F|  |TAMS 0x0000000710200000, 0x0000000710200000| Untracked 
| 112|0x0000000710400000, 0x0000000710400000, 0x0000000710600000|  0%| F|  |TAMS 0x0000000710400000, 0x0000000710400000| Untracked 
| 113|0x0000000710600000, 0x0000000710600000, 0x0000000710800000|  0%| F|  |TAMS 0x0000000710600000, 0x0000000710600000| Untracked 
| 114|0x0000000710800000, 0x0000000710800000, 0x0000000710a00000|  0%| F|  |TAMS 0x0000000710800000, 0x0000000710800000| Untracked 
| 115|0x0000000710a00000, 0x0000000710a00000, 0x0000000710c00000|  0%| F|  |TAMS 0x0000000710a00000, 0x0000000710a00000| Untracked 
| 116|0x0000000710c00000, 0x0000000710c00000, 0x0000000710e00000|  0%| F|  |TAMS 0x0000000710c00000, 0x0000000710c00000| Untracked 
| 117|0x0000000710e00000, 0x0000000710e00000, 0x0000000711000000|  0%| F|  |TAMS 0x0000000710e00000, 0x0000000710e00000| Untracked 
| 118|0x0000000711000000, 0x0000000711000000, 0x0000000711200000|  0%| F|  |TAMS 0x0000000711000000, 0x0000000711000000| Untracked 
| 119|0x0000000711200000, 0x0000000711400000, 0x0000000711400000|100%| S|CS|TAMS 0x0000000711200000, 0x0000000711200000| Complete 
| 120|0x0000000711400000, 0x0000000711400000, 0x0000000711600000|  0%| F|  |TAMS 0x0000000711400000, 0x0000000711400000| Untracked 
| 121|0x0000000711600000, 0x0000000711600000, 0x0000000711800000|  0%| F|  |TAMS 0x0000000711600000, 0x0000000711600000| Untracked 
| 122|0x0000000711800000, 0x0000000711800000, 0x0000000711a00000|  0%| F|  |TAMS 0x0000000711800000, 0x0000000711800000| Untracked 
| 123|0x0000000711a00000, 0x0000000711a00000, 0x0000000711c00000|  0%| F|  |TAMS 0x0000000711a00000, 0x0000000711a00000| Untracked 
| 124|0x0000000711c00000, 0x0000000711c00000, 0x0000000711e00000|  0%| F|  |TAMS 0x0000000711c00000, 0x0000000711c00000| Untracked 
| 125|0x0000000711e00000, 0x0000000711e00000, 0x0000000712000000|  0%| F|  |TAMS 0x0000000711e00000, 0x0000000711e00000| Untracked 
| 126|0x0000000712000000, 0x0000000712000000, 0x0000000712200000|  0%| F|  |TAMS 0x0000000712000000, 0x0000000712000000| Untracked 
|2010|0x00000007fd800000, 0x00000007fda00000, 0x00000007fda00000|100%| O|  |TAMS 0x00000007fd800000, 0x00000007fda00000| Untracked 
|2011|0x00000007fda00000, 0x00000007fdc00000, 0x00000007fdc00000|100%| O|  |TAMS 0x00000007fda00000, 0x00000007fdc00000| Untracked 
|2012|0x00000007fdc00000, 0x00000007fde00000, 0x00000007fde00000|100%| O|  |TAMS 0x00000007fdc00000, 0x00000007fde00000| Untracked 
|2013|0x00000007fde00000, 0x00000007fe000000, 0x00000007fe000000|100%| O|  |TAMS 0x00000007fde00000, 0x00000007fe000000| Untracked 
|2014|0x00000007fe000000, 0x00000007fe200000, 0x00000007fe200000|100%| O|  |TAMS 0x00000007fe000000, 0x00000007fe200000| Untracked 
|2015|0x00000007fe200000, 0x00000007fe400000, 0x00000007fe400000|100%| O|  |TAMS 0x00000007fe200000, 0x00000007fe400000| Untracked 
|2016|0x00000007fe400000, 0x00000007fe600000, 0x00000007fe600000|100%| O|  |TAMS 0x00000007fe400000, 0x00000007fe600000| Untracked 
|2017|0x00000007fe600000, 0x00000007fe800000, 0x00000007fe800000|100%| O|  |TAMS 0x00000007fe600000, 0x00000007fe800000| Untracked 
|2018|0x00000007fe800000, 0x00000007fea00000, 0x00000007fea00000|100%| O|  |TAMS 0x00000007fe800000, 0x00000007fea00000| Untracked 
|2019|0x00000007fea00000, 0x00000007fec00000, 0x00000007fec00000|100%| O|  |TAMS 0x00000007fea00000, 0x00000007fec00000| Untracked 
|2020|0x00000007fec00000, 0x00000007fee00000, 0x00000007fee00000|100%| O|  |TAMS 0x00000007fec00000, 0x00000007fee00000| Untracked 
|2021|0x00000007fee00000, 0x00000007ff000000, 0x00000007ff000000|100%| O|  |TAMS 0x00000007fee00000, 0x00000007ff000000| Untracked 
|2022|0x00000007ff000000, 0x00000007ff200000, 0x00000007ff200000|100%| O|  |TAMS 0x00000007ff000000, 0x00000007ff200000| Untracked 
|2023|0x00000007ff200000, 0x00000007ff400000, 0x00000007ff400000|100%| O|  |TAMS 0x00000007ff200000, 0x00000007ff400000| Untracked 
|2024|0x00000007ff400000, 0x00000007ff600000, 0x00000007ff600000|100%| O|  |TAMS 0x00000007ff400000, 0x00000007ff600000| Untracked 
|2025|0x00000007ff600000, 0x00000007ff800000, 0x00000007ff800000|100%| O|  |TAMS 0x00000007ff600000, 0x00000007ff800000| Untracked 
|2026|0x00000007ff800000, 0x00000007ffa00000, 0x00000007ffa00000|100%| O|  |TAMS 0x00000007ff800000, 0x00000007ffa00000| Untracked 
|2027|0x00000007ffa00000, 0x00000007ffc00000, 0x00000007ffc00000|100%| O|  |TAMS 0x00000007ffa00000, 0x00000007ffc00000| Untracked 
|2028|0x00000007ffc00000, 0x00000007ffe00000, 0x00000007ffe00000|100%| O|  |TAMS 0x00000007ffc00000, 0x00000007ffe00000| Untracked 
|2029|0x00000007ffe00000, 0x0000000800000000, 0x0000000800000000|100%| O|  |TAMS 0x00000007ffe00000, 0x0000000800000000| Untracked 

Card table byte_map: [0x0000025b58c40000,0x0000025b59430000] _byte_map_base: 0x0000025b5542e000

Marking Bits (Prev, Next): (CMBitMap*) 0x0000025b43acd810, (CMBitMap*) 0x0000025b43acd850
 Prev Bits: [0x0000025b59c20000, 0x0000025b5db90000)
 Next Bits: [0x0000025b5db90000, 0x0000025b61b00000)

Polling page: 0x0000025b43b60000

Metaspace:

Usage:
  Non-class:     13.00 MB used.
      Class:      1.33 MB used.
       Both:     14.34 MB used.

Virtual space:
  Non-class space:       16.00 MB reserved,      13.12 MB ( 82%) committed,  2 nodes.
      Class space:        1.00 GB reserved,       1.44 MB ( <1%) committed,  1 nodes.
              Both:        1.02 GB reserved,      14.56 MB (  1%) committed. 

Chunk freelists:
   Non-Class:  2.49 MB
       Class:  2.62 MB
        Both:  5.11 MB

MaxMetaspaceSize: 17179869184.00 GB
CompressedClassSpaceSize: 1.00 GB
 - commit_granule_bytes: 65536.
 - commit_granule_words: 8192.
 - virtual_space_node_default_size: 1048576.
 - enlarge_chunks_in_place: 1.
 - new_chunks_are_fully_committed: 0.
 - uncommit_free_chunks: 1.
 - use_allocation_guard: 0.
 - handle_deallocations: 1.


Internal statistics:

num_allocs_failed_limit: 0.
num_arena_births: 110.
num_arena_deaths: 0.
num_vsnodes_births: 3.
num_vsnodes_deaths: 0.
num_space_committed: 233.
num_space_uncommitted: 0.
num_chunks_returned_to_freelist: 0.
num_chunks_taken_from_freelist: 165.
num_chunk_merges: 0.
num_chunk_splits: 90.
num_chunks_enlarged: 46.
num_purges: 0.

CodeHeap 'non-profiled nmethods': size=120000Kb used=1664Kb max_used=1664Kb free=118335Kb
 bounds [0x0000025b50290000, 0x0000025b50500000, 0x0000025b577c0000]
CodeHeap 'profiled nmethods': size=120000Kb used=4132Kb max_used=4132Kb free=115867Kb
 bounds [0x0000025b48d60000, 0x0000025b49170000, 0x0000025b50290000]
CodeHeap 'non-nmethods': size=5760Kb used=1269Kb max_used=1322Kb free=4490Kb
 bounds [0x0000025b487c0000, 0x0000025b48a30000, 0x0000025b48d60000]
 total_blobs=2870 nmethods=2282 adapters=500
 compilation: enabled
              stopped_count=0, restarted_count=0
 full_count=0

Compilation events (20 events):
Event: 340.863 Thread 0x0000025b65468520 nmethod 2275 0x0000025b5042bb10 code [0x0000025b5042bca0, 0x0000025b5042bdb8]
Event: 340.863 Thread 0x0000025b65468520 2276       4       sun.java2d.SurfaceData::<init> (36 bytes)
Event: 340.867 Thread 0x0000025b65468520 nmethod 2276 0x0000025b5042bf10 code [0x0000025b5042c0a0, 0x0000025b5042c558]
Event: 340.870 Thread 0x0000025b737e4870 nmethod 2274 0x0000025b5042c610 code [0x0000025b5042c7c0, 0x0000025b5042d118]
Event: 340.917 Thread 0x0000025b737e4870 2277       4       sun.awt.image.IntegerInterleavedRaster::getDataOffset (7 bytes)
Event: 340.918 Thread 0x0000025b737e4870 nmethod 2277 0x0000025b5042d590 code [0x0000025b5042d720, 0x0000025b5042d7d8]
Event: 340.983 Thread 0x0000025b737e4870 2278  s    4       sun.awt.Win32GraphicsConfig::getColorModel (8 bytes)
Event: 340.984 Thread 0x0000025b737e4870 nmethod 2278 0x0000025b5042d890 code [0x0000025b5042da20, 0x0000025b5042dbf8]
Event: 340.985 Thread 0x0000025b65468520 2279       4       sun.awt.image.IntegerComponentRaster::verify (410 bytes)
Event: 340.990 Thread 0x0000025b65468520 nmethod 2279 0x0000025b5042dd10 code [0x0000025b5042dec0, 0x0000025b5042e318]
Event: 341.044 Thread 0x0000025b65468520 2280       4       java.awt.image.DirectColorModel::isCompatibleRaster (93 bytes)
Event: 341.046 Thread 0x0000025b737e4870 2281       4       java.util.HashMap$HashIterator::hasNext (13 bytes)
Event: 341.046 Thread 0x0000025b737e4870 nmethod 2281 0x0000025b5042e690 code [0x0000025b5042e800, 0x0000025b5042e898]
Event: 341.051 Thread 0x0000025b65468520 nmethod 2280 0x0000025b5042e990 code [0x0000025b5042eb20, 0x0000025b5042eeb8]
Event: 341.051 Thread 0x0000025b65468520 2282       4       java.util.HashMap$HashIterator::nextNode (100 bytes)
Event: 341.052 Thread 0x0000025b737e4870 2283       4       sun.awt.image.VolatileSurfaceManager::getBackupSurface (74 bytes)
Event: 341.057 Thread 0x0000025b65468520 nmethod 2282 0x0000025b5042f190 code [0x0000025b5042f320, 0x0000025b5042f758]
Event: 341.057 Thread 0x0000025b65468520 2284       4       java.util.HashMap$KeyIterator::next (8 bytes)
Event: 341.063 Thread 0x0000025b65468520 nmethod 2284 0x0000025b5042f910 code [0x0000025b5042faa0, 0x0000025b5042fef8]
Event: 341.063 Thread 0x0000025b65468520 2285       4       sun.java2d.SurfaceData::invalidate (13 bytes)

GC Heap History (15 events):
Event: 14.173 GC heap before
{Heap before GC invocations=0 (full 0):
 garbage-first heap   total 260096K, used 22528K [0x0000000702400000, 0x0000000800000000)
  region size 2048K, 11 young (22528K), 0 survivors (0K)
 Metaspace       used 14373K, committed 14592K, reserved 1064960K
  class space    used 1346K, committed 1472K, reserved 1048576K
}
Event: 14.177 GC heap after
{Heap after GC invocations=1 (full 0):
 garbage-first heap   total 260096K, used 2957K [0x0000000702400000, 0x0000000800000000)
  region size 2048K, 2 young (4096K), 2 survivors (4096K)
 Metaspace       used 14373K, committed 14592K, reserved 1064960K
  class space    used 1346K, committed 1472K, reserved 1048576K
}
Event: 17.499 GC heap before
{Heap before GC invocations=1 (full 0):
 garbage-first heap   total 260096K, used 35725K [0x0000000702400000, 0x0000000800000000)
  region size 2048K, 18 young (36864K), 2 survivors (4096K)
 Metaspace       used 14426K, committed 14656K, reserved 1064960K
  class space    used 1348K, committed 1472K, reserved 1048576K
}
Event: 17.504 GC heap after
{Heap after GC invocations=2 (full 0):
 garbage-first heap   total 260096K, used 4341K [0x0000000702400000, 0x0000000800000000)
  region size 2048K, 3 young (6144K), 3 survivors (6144K)
 Metaspace       used 14426K, committed 14656K, reserved 1064960K
  class space    used 1348K, committed 1472K, reserved 1048576K
}
Event: 340.992 GC heap before
{Heap before GC invocations=2 (full 0):
 garbage-first heap   total 260096K, used 186613K [0x0000000702400000, 0x0000000800000000)
  region size 2048K, 76 young (155648K), 3 survivors (6144K)
 Metaspace       used 14680K, committed 14912K, reserved 1064960K
  class space    used 1366K, committed 1472K, reserved 1048576K
}
Event: 341.026 GC heap after
{Heap after GC invocations=3 (full 0):
 garbage-first heap   total 301056K, used 145180K [0x0000000702400000, 0x0000000800000000)
  region size 2048K, 10 young (20480K), 10 survivors (20480K)
 Metaspace       used 14680K, committed 14912K, reserved 1064960K
  class space    used 1366K, committed 1472K, reserved 1048576K
}
Event: 341.033 GC heap before
{Heap before GC invocations=3 (full 0):
 garbage-first heap   total 301056K, used 184092K [0x0000000702400000, 0x0000000800000000)
  region size 2048K, 30 young (61440K), 10 survivors (20480K)
 Metaspace       used 14682K, committed 14912K, reserved 1064960K
  class space    used 1366K, committed 1472K, reserved 1048576K
}
Event: 341.042 GC heap after
{Heap after GC invocations=4 (full 0):
 garbage-first heap   total 301056K, used 186257K [0x0000000702400000, 0x0000000800000000)
  region size 2048K, 4 young (8192K), 4 survivors (8192K)
 Metaspace       used 14682K, committed 14912K, reserved 1064960K
  class space    used 1366K, committed 1472K, reserved 1048576K
}
Event: 341.047 GC heap before
{Heap before GC invocations=4 (full 0):
 garbage-first heap   total 301056K, used 208785K [0x0000000702400000, 0x0000000800000000)
  region size 2048K, 16 young (32768K), 4 survivors (8192K)
 Metaspace       used 14682K, committed 14912K, reserved 1064960K
  class space    used 1366K, committed 1472K, reserved 1048576K
}
Event: 341.051 GC heap after
{Heap after GC invocations=5 (full 0):
 garbage-first heap   total 301056K, used 212312K [0x0000000702400000, 0x0000000800000000)
  region size 2048K, 2 young (4096K), 2 survivors (4096K)
 Metaspace       used 14682K, committed 14912K, reserved 1064960K
  class space    used 1366K, committed 1472K, reserved 1048576K
}
Event: 341.054 GC heap before
{Heap before GC invocations=5 (full 0):
 garbage-first heap   total 301056K, used 226648K [0x0000000702400000, 0x0000000800000000)
  region size 2048K, 10 young (20480K), 2 survivors (4096K)
 Metaspace       used 14682K, committed 14912K, reserved 1064960K
  class space    used 1366K, committed 1472K, reserved 1048576K
}
Event: 341.056 GC heap after
{Heap after GC invocations=6 (full 0):
 garbage-first heap   total 301056K, used 230063K [0x0000000702400000, 0x0000000800000000)
  region size 2048K, 2 young (4096K), 2 survivors (4096K)
 Metaspace       used 14682K, committed 14912K, reserved 1064960K
  class space    used 1366K, committed 1472K, reserved 1048576K
}
Event: 341.059 GC heap before
{Heap before GC invocations=6 (full 0):
 garbage-first heap   total 301056K, used 238255K [0x0000000702400000, 0x0000000800000000)
  region size 2048K, 7 young (14336K), 2 survivors (4096K)
 Metaspace       used 14682K, committed 14912K, reserved 1064960K
  class space    used 1366K, committed 1472K, reserved 1048576K
}
Event: 341.060 GC heap after
{Heap after GC invocations=7 (full 0):
 garbage-first heap   total 301056K, used 241664K [0x0000000702400000, 0x0000000800000000)
  region size 2048K, 1 young (2048K), 1 survivors (2048K)
 Metaspace       used 14682K, committed 14912K, reserved 1064960K
  class space    used 1366K, committed 1472K, reserved 1048576K
}
Event: 341.064 GC heap before
{Heap before GC invocations=7 (full 0):
 garbage-first heap   total 301056K, used 251904K [0x0000000702400000, 0x0000000800000000)
  region size 2048K, 7 young (14336K), 1 survivors (2048K)
 Metaspace       used 14682K, committed 14912K, reserved 1064960K
  class space    used 1366K, committed 1472K, reserved 1048576K
}

Deoptimization events (20 events):
Event: 340.755 Thread 0x0000025b658d0320 Uncommon trap: trap_request=0xffffffde fr.pc=0x0000025b503f541c relative=0x00000000000003dc
Event: 340.755 Thread 0x0000025b658d0320 Uncommon trap: reason=class_check action=maybe_recompile pc=0x0000025b503f541c method=sun.java2d.Disposer.add(Ljava/lang/Object;Lsun/java2d/DisposerRecord;)V @ 1 c2
Event: 340.755 Thread 0x0000025b658d0320 DEOPT PACKING pc=0x0000025b503f541c sp=0x00000077db1fe0c0
Event: 340.755 Thread 0x0000025b658d0320 DEOPT UNPACKING pc=0x0000025b4880d72e sp=0x00000077db1fe008 mode 2
Event: 340.755 Thread 0x0000025b658d0320 Uncommon trap: trap_request=0xffffffde fr.pc=0x0000025b503f541c relative=0x00000000000003dc
Event: 340.755 Thread 0x0000025b658d0320 Uncommon trap: reason=class_check action=maybe_recompile pc=0x0000025b503f541c method=sun.java2d.Disposer.add(Ljava/lang/Object;Lsun/java2d/DisposerRecord;)V @ 1 c2
Event: 340.755 Thread 0x0000025b658d0320 DEOPT PACKING pc=0x0000025b503f541c sp=0x00000077db1fe0c0
Event: 340.755 Thread 0x0000025b658d0320 DEOPT UNPACKING pc=0x0000025b4880d72e sp=0x00000077db1fe008 mode 2
Event: 340.755 Thread 0x0000025b658d0320 Uncommon trap: trap_request=0xffffffde fr.pc=0x0000025b503f541c relative=0x00000000000003dc
Event: 340.755 Thread 0x0000025b658d0320 Uncommon trap: reason=class_check action=maybe_recompile pc=0x0000025b503f541c method=sun.java2d.Disposer.add(Ljava/lang/Object;Lsun/java2d/DisposerRecord;)V @ 1 c2
Event: 340.755 Thread 0x0000025b658d0320 DEOPT PACKING pc=0x0000025b503f541c sp=0x00000077db1fe0c0
Event: 340.755 Thread 0x0000025b658d0320 DEOPT UNPACKING pc=0x0000025b4880d72e sp=0x00000077db1fe008 mode 2
Event: 340.755 Thread 0x0000025b658d0320 Uncommon trap: trap_request=0xffffffde fr.pc=0x0000025b503f541c relative=0x00000000000003dc
Event: 340.755 Thread 0x0000025b658d0320 Uncommon trap: reason=class_check action=maybe_recompile pc=0x0000025b503f541c method=sun.java2d.Disposer.add(Ljava/lang/Object;Lsun/java2d/DisposerRecord;)V @ 1 c2
Event: 340.755 Thread 0x0000025b658d0320 DEOPT PACKING pc=0x0000025b503f541c sp=0x00000077db1fe0c0
Event: 340.755 Thread 0x0000025b658d0320 DEOPT UNPACKING pc=0x0000025b4880d72e sp=0x00000077db1fe008 mode 2
Event: 340.755 Thread 0x0000025b658d0320 Uncommon trap: trap_request=0xffffffde fr.pc=0x0000025b503f3bd0 relative=0x0000000000000310
Event: 340.755 Thread 0x0000025b658d0320 Uncommon trap: reason=class_check action=maybe_recompile pc=0x0000025b503f3bd0 method=sun.java2d.Disposer.add(Ljava/lang/Object;Lsun/java2d/DisposerRecord;)V @ 1 c2
Event: 340.755 Thread 0x0000025b658d0320 DEOPT PACKING pc=0x0000025b503f3bd0 sp=0x00000077db1fe050
Event: 340.755 Thread 0x0000025b658d0320 DEOPT UNPACKING pc=0x0000025b4880d72e sp=0x00000077db1fe008 mode 2

Classes unloaded (0 events):
No events

Classes redefined (0 events):
No events

Internal exceptions (16 events):
Event: 0.094 Thread 0x0000025b43a793e0 Exception <a 'java/lang/NoSuchMethodError'{0x0000000712183060}: 'void java.lang.invoke.DirectMethodHandle$Holder.invokeSpecial(java.lang.Object, java.lang.Object, java.lang.Object)'> (0x0000000712183060) 
thrown [t:\workspace\open\src\hotspot\share\interpreter\linkResolver.cpp, line 790]
Event: 0.118 Thread 0x0000025b43a793e0 Exception <a 'java/lang/ClassNotFoundException'{0x00000007121a4030}: sun/awt/resources/spi/awtProvider> (0x00000007121a4030) 
thrown [t:\workspace\open\src\hotspot\share\classfile\systemDictionary.cpp, line 256]
Event: 0.140 Thread 0x0000025b43a793e0 Exception <a 'java/io/FileNotFoundException'{0x00000007121ff8b0}> (0x00000007121ff8b0) 
thrown [t:\workspace\open\src\hotspot\share\prims\jni.cpp, line 579]
Event: 0.146 Thread 0x0000025b43a793e0 Exception <a 'java/io/FileNotFoundException'{0x0000000711e2e758}> (0x0000000711e2e758) 
thrown [t:\workspace\open\src\hotspot\share\prims\jni.cpp, line 579]
Event: 0.146 Thread 0x0000025b43a793e0 Exception <a 'java/lang/NoSuchMethodError'{0x0000000711e2fb48}: 'java.lang.Object java.lang.invoke.DirectMethodHandle$Holder.invokeStatic(java.lang.Object)'> (0x0000000711e2fb48) 
thrown [t:\workspace\open\src\hotspot\share\interpreter\linkResolver.cpp, line 790]
Event: 0.173 Thread 0x0000025b43a793e0 Exception <a 'java/lang/NoSuchMethodError'{0x0000000711e70f28}: 'java.lang.Object java.lang.invoke.DirectMethodHandle$Holder.invokeStaticInit(java.lang.Object)'> (0x0000000711e70f28) 
thrown [t:\workspace\open\src\hotspot\share\interpreter\linkResolver.cpp, line 790]
Event: 0.471 Thread 0x0000025b658d0320 Exception <a 'java/lang/NoSuchMethodError'{0x0000000711c0c158}: 'java.lang.Object java.lang.invoke.DirectMethodHandle$Holder.newInvokeSpecial(java.lang.Object, java.lang.Object, java.lang.Object, java.lang.Object, java.lang.Object)'> (0x0000000711c0c158) 
thrown [t:\workspace\open\src\hotspot\share\interpreter\linkResolver.cpp, line 790]
Event: 0.473 Thread 0x0000025b658d0320 Exception <a 'java/lang/NoSuchMethodError'{0x0000000711c17c40}: 'java.lang.Object java.lang.invoke.DirectMethodHandle$Holder.invokeStatic(java.lang.Object, int, java.lang.Object, java.lang.Object, java.lang.Object, java.lang.Object)'> (0x0000000711c17c40) 
thrown [t:\workspace\open\src\hotspot\share\interpreter\linkResolver.cpp, line 790]
Event: 0.478 Thread 0x0000025b658d0320 Exception <a 'java/lang/NoSuchMethodError'{0x0000000711c3dd08}: 'java.lang.Object java.lang.invoke.DirectMethodHandle$Holder.invokeStatic(java.lang.Object, int, java.lang.Object)'> (0x0000000711c3dd08) 
thrown [t:\workspace\open\src\hotspot\share\interpreter\linkResolver.cpp, line 790]
Event: 0.501 Thread 0x0000025b658d0320 Exception <a 'java/lang/ClassNotFoundException'{0x0000000711cf5dc0}: com/sun/swing/internal/plaf/metal/resources/spi/metalProvider> (0x0000000711cf5dc0) 
thrown [t:\workspace\open\src\hotspot\share\classfile\systemDictionary.cpp, line 256]
Event: 0.502 Thread 0x0000025b658d0320 Exception <a 'java/lang/ClassNotFoundException'{0x0000000711cfa238}: com/sun/swing/internal/plaf/basic/resources/spi/basicProvider> (0x0000000711cfa238) 
thrown [t:\workspace\open\src\hotspot\share\classfile\systemDictionary.cpp, line 256]
Event: 0.542 Thread 0x0000025b658a5010 Exception <a 'java/lang/NoSuchMethodError'{0x0000000711ef1598}: 'void java.lang.invoke.DirectMethodHandle$Holder.invokeVirtual(java.lang.Object, java.lang.Object)'> (0x0000000711ef1598) 
thrown [t:\workspace\open\src\hotspot\share\interpreter\linkResolver.cpp, line 790]
Event: 0.554 Thread 0x0000025b658d0320 Exception <a 'java/lang/NoSuchMethodError'{0x0000000711d76100}: 'void java.lang.invoke.DirectMethodHandle$Holder.invokeStaticInit(java.lang.Object)'> (0x0000000711d76100) 
thrown [t:\workspace\open\src\hotspot\share\interpreter\linkResolver.cpp, line 790]
Event: 17.504 Thread 0x0000025b658d0320 Implicit null exception at 0x0000025b5031c06b to 0x0000025b5031e414
Event: 21.141 Thread 0x0000025b658d0320 Implicit null exception at 0x0000025b502f7ce5 to 0x0000025b502f8222
Event: 21.142 Thread 0x0000025b658d0320 Implicit null exception at 0x0000025b502e72e0 to 0x0000025b502e753a

Events (20 events):
Event: 340.753 loading class java/awt/image/BufferedImage$1
Event: 340.754 loading class java/awt/image/BufferedImage$1 done
Event: 340.754 loading class sun/awt/image/BufImgSurfaceData
Event: 340.754 loading class sun/awt/image/BufImgSurfaceData done
Event: 340.754 loading class sun/awt/image/BufImgSurfaceData$ICMColorData
Event: 340.754 loading class sun/awt/image/BufImgSurfaceData$ICMColorData done
Event: 340.766 Thread 0x0000025b737e4870 Thread added: 0x0000025b737e4870
Event: 340.992 Executing  VM operation: G1CollectForAllocation
Event: 341.026 Executing  VM operation: G1CollectForAllocation done
Event: 341.032 loading class javax/swing/RepaintManager$DisplayChangedRunnable
Event: 341.032 loading class javax/swing/RepaintManager$DisplayChangedRunnable done
Event: 341.033 Executing  VM operation: G1CollectForAllocation
Event: 341.042 Executing  VM operation: G1CollectForAllocation done
Event: 341.047 Executing  VM operation: G1CollectForAllocation
Event: 341.051 Executing  VM operation: G1CollectForAllocation done
Event: 341.054 Executing  VM operation: G1CollectForAllocation
Event: 341.056 Executing  VM operation: G1CollectForAllocation done
Event: 341.058 Executing  VM operation: G1CollectForAllocation
Event: 341.060 Executing  VM operation: G1CollectForAllocation done
Event: 341.063 Executing  VM operation: G1CollectForAllocation


Dynamic libraries:
0x00007ff6e35b0000 - 0x00007ff6e35be000 	C:\Users\phuc3\Downloads\eclipse-java-2021-06-R-win32-x86_64\eclipse\plugins\org.eclipse.justj.openjdk.hotspot.jre.full.win32.x86_64_16.0.1.v20210528-1205\jre\bin\javaw.exe
0x00007ff9e7d10000 - 0x00007ff9e7f05000 	C:\WINDOWS\SYSTEM32\ntdll.dll
0x00007ff9e5d60000 - 0x00007ff9e5e1e000 	C:\WINDOWS\System32\KERNEL32.DLL
0x00007ff9e5660000 - 0x00007ff9e5929000 	C:\WINDOWS\System32\KERNELBASE.dll
0x00007ff9e5c60000 - 0x00007ff9e5d60000 	C:\WINDOWS\System32\ucrtbase.dll
0x00007ff9d9850000 - 0x00007ff9d9868000 	C:\Users\phuc3\Downloads\eclipse-java-2021-06-R-win32-x86_64\eclipse\plugins\org.eclipse.justj.openjdk.hotspot.jre.full.win32.x86_64_16.0.1.v20210528-1205\jre\bin\jli.dll
0x00007ff9d67c0000 - 0x00007ff9d67d9000 	C:\Users\phuc3\Downloads\eclipse-java-2021-06-R-win32-x86_64\eclipse\plugins\org.eclipse.justj.openjdk.hotspot.jre.full.win32.x86_64_16.0.1.v20210528-1205\jre\bin\VCRUNTIME140.dll
0x00007ff9e62f0000 - 0x00007ff9e6491000 	C:\WINDOWS\System32\USER32.dll
0x00007ff9e54e0000 - 0x00007ff9e5502000 	C:\WINDOWS\System32\win32u.dll
0x00007ff9d0290000 - 0x00007ff9d052a000 	C:\WINDOWS\WinSxS\amd64_microsoft.windows.common-controls_6595b64144ccf1df_6.0.19041.1110_none_60b5254171f9507e\COMCTL32.dll
0x00007ff9e5e90000 - 0x00007ff9e5ebb000 	C:\WINDOWS\System32\GDI32.dll
0x00007ff9e75e0000 - 0x00007ff9e767e000 	C:\WINDOWS\System32\msvcrt.dll
0x00007ff9e5b20000 - 0x00007ff9e5c2b000 	C:\WINDOWS\System32\gdi32full.dll
0x00007ff9e5560000 - 0x00007ff9e55fd000 	C:\WINDOWS\System32\msvcp_win.dll
0x00007ff9e74c0000 - 0x00007ff9e74f0000 	C:\WINDOWS\System32\IMM32.DLL
0x00007ff9d96b0000 - 0x00007ff9d96bc000 	C:\Users\phuc3\Downloads\eclipse-java-2021-06-R-win32-x86_64\eclipse\plugins\org.eclipse.justj.openjdk.hotspot.jre.full.win32.x86_64_16.0.1.v20210528-1205\jre\bin\vcruntime140_1.dll
0x00007ff9d1af0000 - 0x00007ff9d1b81000 	C:\Users\phuc3\Downloads\eclipse-java-2021-06-R-win32-x86_64\eclipse\plugins\org.eclipse.justj.openjdk.hotspot.jre.full.win32.x86_64_16.0.1.v20210528-1205\jre\bin\msvcp140.dll
0x00007ff969e10000 - 0x00007ff96a9bb000 	C:\Users\phuc3\Downloads\eclipse-java-2021-06-R-win32-x86_64\eclipse\plugins\org.eclipse.justj.openjdk.hotspot.jre.full.win32.x86_64_16.0.1.v20210528-1205\jre\bin\server\jvm.dll
0x00007ff9e61a0000 - 0x00007ff9e624c000 	C:\WINDOWS\System32\ADVAPI32.dll
0x00007ff9e6250000 - 0x00007ff9e62eb000 	C:\WINDOWS\System32\sechost.dll
0x00007ff9e6ab0000 - 0x00007ff9e6bda000 	C:\WINDOWS\System32\RPCRT4.dll
0x00007ff9e6060000 - 0x00007ff9e6068000 	C:\WINDOWS\System32\PSAPI.DLL
0x00007ff9c8ef0000 - 0x00007ff9c8ef9000 	C:\WINDOWS\SYSTEM32\WSOCK32.dll
0x00007ff9dc250000 - 0x00007ff9dc25a000 	C:\WINDOWS\SYSTEM32\VERSION.dll
0x00007ff9d7ff0000 - 0x00007ff9d8017000 	C:\WINDOWS\SYSTEM32\WINMM.dll
0x00007ff9e7570000 - 0x00007ff9e75db000 	C:\WINDOWS\System32\WS2_32.dll
0x00007ff9e3d00000 - 0x00007ff9e3d12000 	C:\WINDOWS\SYSTEM32\kernel.appcore.dll
0x00007ff9df380000 - 0x00007ff9df38a000 	C:\Users\phuc3\Downloads\eclipse-java-2021-06-R-win32-x86_64\eclipse\plugins\org.eclipse.justj.openjdk.hotspot.jre.full.win32.x86_64_16.0.1.v20210528-1205\jre\bin\jimage.dll
0x00007ff9e39d0000 - 0x00007ff9e3bb4000 	C:\WINDOWS\SYSTEM32\DBGHELP.DLL
0x00007ff9cde40000 - 0x00007ff9cde6c000 	C:\WINDOWS\SYSTEM32\dbgcore.DLL
0x00007ff9e5930000 - 0x00007ff9e59b3000 	C:\WINDOWS\System32\bcryptPrimitives.dll
0x00007ff99c5e0000 - 0x00007ff99c605000 	C:\Users\phuc3\Downloads\eclipse-java-2021-06-R-win32-x86_64\eclipse\plugins\org.eclipse.justj.openjdk.hotspot.jre.full.win32.x86_64_16.0.1.v20210528-1205\jre\bin\java.dll
0x00007ff99bca0000 - 0x00007ff99bcb8000 	C:\Users\phuc3\Downloads\eclipse-java-2021-06-R-win32-x86_64\eclipse\plugins\org.eclipse.justj.openjdk.hotspot.jre.full.win32.x86_64_16.0.1.v20210528-1205\jre\bin\zip.dll
0x00007ff9e6ca0000 - 0x00007ff9e73df000 	C:\WINDOWS\System32\SHELL32.dll
0x00007ff9e3170000 - 0x00007ff9e3900000 	C:\WINDOWS\SYSTEM32\windows.storage.dll
0x00007ff9e6750000 - 0x00007ff9e6aa5000 	C:\WINDOWS\System32\combase.dll
0x00007ff9e4e80000 - 0x00007ff9e4eac000 	C:\WINDOWS\SYSTEM32\Wldp.dll
0x00007ff9e5ec0000 - 0x00007ff9e5f6e000 	C:\WINDOWS\System32\SHCORE.dll
0x00007ff9e66f0000 - 0x00007ff9e6745000 	C:\WINDOWS\System32\shlwapi.dll
0x00007ff9e5370000 - 0x00007ff9e538f000 	C:\WINDOWS\SYSTEM32\profapi.dll
0x00007ff978000000 - 0x00007ff97817f000 	C:\Users\phuc3\Downloads\eclipse-java-2021-06-R-win32-x86_64\eclipse\plugins\org.eclipse.justj.openjdk.hotspot.jre.full.win32.x86_64_16.0.1.v20210528-1205\jre\bin\awt.dll
0x00007ff9e5f70000 - 0x00007ff9e603d000 	C:\WINDOWS\System32\OLEAUT32.dll
0x00007ff9e25c0000 - 0x00007ff9e2650000 	C:\WINDOWS\SYSTEM32\apphelp.dll
0x00007ff9e2ad0000 - 0x00007ff9e2b6e000 	C:\WINDOWS\system32\uxtheme.dll
0x00007ff9e7bb0000 - 0x00007ff9e7cc5000 	C:\WINDOWS\System32\MSCTF.dll
0x00007ff98c160000 - 0x00007ff98c259000 	C:\Program Files\NahimicAPI\NahimicAPIDevProps2.dll
0x00007ff9e6070000 - 0x00007ff9e619a000 	C:\WINDOWS\System32\ole32.dll
0x00007ff9e2db0000 - 0x00007ff9e2ddf000 	C:\WINDOWS\system32\DWMAPI.DLL
0x00007ff9bd460000 - 0x00007ff9bd585000 	C:\WINDOWS\system32\opengl32.dll
0x00007ff9d5d10000 - 0x00007ff9d5d3c000 	C:\WINDOWS\SYSTEM32\GLU32.dll
0x00007ff9d6fb0000 - 0x00007ff9d717e000 	C:\WINDOWS\system32\d3d9.dll
0x00007ff9e0820000 - 0x00007ff9e0922000 	C:\WINDOWS\System32\DriverStore\FileRepository\nvacui.inf_amd64_d822c5c0b7f7c6a9\nvldumdx.dll
0x00007ff9e5010000 - 0x00007ff9e5022000 	C:\WINDOWS\SYSTEM32\msasn1.dll
0x00007ff9dbd40000 - 0x00007ff9dbd71000 	C:\WINDOWS\SYSTEM32\cryptnet.dll
0x00007ff9e59c0000 - 0x00007ff9e5b16000 	C:\WINDOWS\System32\CRYPT32.dll
0x00007ff9e4df0000 - 0x00007ff9e4dfc000 	C:\WINDOWS\SYSTEM32\cryptbase.dll
0x0000025b64ac0000 - 0x0000025b64b20000 	C:\WINDOWS\System32\WINTRUST.DLL
0x00007ff9e6040000 - 0x00007ff9e605d000 	C:\WINDOWS\System32\imagehlp.dll
0x00007ff9e4dd0000 - 0x00007ff9e4de8000 	C:\WINDOWS\SYSTEM32\CRYPTSP.dll
0x00007ff9e44f0000 - 0x00007ff9e4524000 	C:\WINDOWS\system32\rsaenh.dll
0x00007ff9e5c30000 - 0x00007ff9e5c57000 	C:\WINDOWS\System32\bcrypt.dll
0x00007ff972040000 - 0x00007ff973a5c000 	C:\WINDOWS\System32\DriverStore\FileRepository\nvacui.inf_amd64_d822c5c0b7f7c6a9\nvd3dumx.dll
0x00007ff99bfb0000 - 0x00007ff99c269000 	C:\WINDOWS\system32\nvspcap64.dll
0x00007ff9e4120000 - 0x00007ff9e4153000 	C:\WINDOWS\SYSTEM32\ntmarta.dll
0x00007ff9e3cb0000 - 0x00007ff9e3cd3000 	C:\WINDOWS\SYSTEM32\gpapi.dll
0x00007ff9df770000 - 0x00007ff9df7ab000 	C:\WINDOWS\SYSTEM32\dxcore.dll
0x00007ff9e5510000 - 0x00007ff9e555e000 	C:\WINDOWS\System32\cfgmgr32.dll
0x00007ff99afe0000 - 0x00007ff99b069000 	C:\Users\phuc3\Downloads\eclipse-java-2021-06-R-win32-x86_64\eclipse\plugins\org.eclipse.justj.openjdk.hotspot.jre.full.win32.x86_64_16.0.1.v20210528-1205\jre\bin\freetype.dll
0x00007ff99ab70000 - 0x00007ff99ac66000 	C:\Users\phuc3\Downloads\eclipse-java-2021-06-R-win32-x86_64\eclipse\plugins\org.eclipse.justj.openjdk.hotspot.jre.full.win32.x86_64_16.0.1.v20210528-1205\jre\bin\harfbuzz.dll
0x00007ff9d74a0000 - 0x00007ff9d74b2000 	C:\Users\phuc3\Downloads\eclipse-java-2021-06-R-win32-x86_64\eclipse\plugins\org.eclipse.justj.openjdk.hotspot.jre.full.win32.x86_64_16.0.1.v20210528-1205\jre\bin\fontmanager.dll
0x00007ff9d7980000 - 0x00007ff9d7a79000 	C:\WINDOWS\SYSTEM32\textinputframework.dll
0x00007ff9e1ea0000 - 0x00007ff9e21fe000 	C:\WINDOWS\System32\CoreUIComponents.dll
0x00007ff9e22b0000 - 0x00007ff9e23a2000 	C:\WINDOWS\System32\CoreMessaging.dll
0x00007ff9e17d0000 - 0x00007ff9e1924000 	C:\WINDOWS\SYSTEM32\wintypes.dll
0x00007ff99bc00000 - 0x00007ff99bc19000 	C:\Users\phuc3\Downloads\eclipse-java-2021-06-R-win32-x86_64\eclipse\plugins\org.eclipse.justj.openjdk.hotspot.jre.full.win32.x86_64_16.0.1.v20210528-1205\jre\bin\net.dll
0x00007ff9dbde0000 - 0x00007ff9dbee8000 	C:\WINDOWS\SYSTEM32\WINHTTP.dll
0x00007ff9e4be0000 - 0x00007ff9e4c4a000 	C:\WINDOWS\system32\mswsock.dll
0x00007ff99bbe0000 - 0x00007ff99bbf3000 	C:\Users\phuc3\Downloads\eclipse-java-2021-06-R-win32-x86_64\eclipse\plugins\org.eclipse.justj.openjdk.hotspot.jre.full.win32.x86_64_16.0.1.v20210528-1205\jre\bin\nio.dll

dbghelp: loaded successfully - version: 4.0.5 - missing functions: none
symbol engine: initialized successfully - sym options: 0x614 - pdb path: .;C:\Users\phuc3\Downloads\eclipse-java-2021-06-R-win32-x86_64\eclipse\plugins\org.eclipse.justj.openjdk.hotspot.jre.full.win32.x86_64_16.0.1.v20210528-1205\jre\bin;C:\WINDOWS\SYSTEM32;C:\WINDOWS\WinSxS\amd64_microsoft.windows.common-controls_6595b64144ccf1df_6.0.19041.1110_none_60b5254171f9507e;C:\Users\phuc3\Downloads\eclipse-java-2021-06-R-win32-x86_64\eclipse\plugins\org.eclipse.justj.openjdk.hotspot.jre.full.win32.x86_64_16.0.1.v20210528-1205\jre\bin\server;C:\Program Files\NahimicAPI;C:\WINDOWS\System32\DriverStore\FileRepository\nvacui.inf_amd64_d822c5c0b7f7c6a9

VM Arguments:
jvm_args: -Dfile.encoding=Cp1252 -XX:+ShowCodeDetailsInExceptionMessages 
java_command: SOSpackage.Game
java_class_path (initial): C:\Users\phuc3\eclipse-workspace\SPRIN\bin
Launcher Type: SUN_STANDARD

[Global flags]
     intx CICompilerCount                          = 4                                         {product} {ergonomic}
     uint ConcGCThreads                            = 3                                         {product} {ergonomic}
     uint G1ConcRefinementThreads                  = 10                                        {product} {ergonomic}
   size_t G1HeapRegionSize                         = 2097152                                   {product} {ergonomic}
    uintx GCDrainStackTargetSize                   = 64                                        {product} {ergonomic}
   size_t InitialHeapSize                          = 266338304                                 {product} {ergonomic}
   size_t MarkStackSize                            = 4194304                                   {product} {ergonomic}
   size_t MaxHeapSize                              = 4257218560                                {product} {ergonomic}
   size_t MaxNewSize                               = 2554331136                                {product} {ergonomic}
   size_t MinHeapDeltaBytes                        = 2097152                                   {product} {ergonomic}
   size_t MinHeapSize                              = 8388608                                   {product} {ergonomic}
    uintx NonNMethodCodeHeapSize                   = 5839372                                {pd product} {ergonomic}
    uintx NonProfiledCodeHeapSize                  = 122909434                              {pd product} {ergonomic}
    uintx ProfiledCodeHeapSize                     = 122909434                              {pd product} {ergonomic}
    uintx ReservedCodeCacheSize                    = 251658240                              {pd product} {ergonomic}
     bool SegmentedCodeCache                       = true                                      {product} {ergonomic}
     bool ShowCodeDetailsInExceptionMessages       = true                                   {manageable} {command line}
   size_t SoftMaxHeapSize                          = 4257218560                             {manageable} {ergonomic}
     bool UseCompressedClassPointers               = true                           {product lp64_product} {ergonomic}
     bool UseCompressedOops                        = true                           {product lp64_product} {ergonomic}
     bool UseG1GC                                  = true                                      {product} {ergonomic}
     bool UseLargePagesIndividualAllocation        = false                                  {pd product} {ergonomic}

Logging:
Log output configuration:
 #0: stdout all=warning uptime,level,tags
 #1: stderr all=off uptime,level,tags

Environment Variables:
PATH=C:/Users/phuc3/Downloads/eclipse-java-2021-06-R-win32-x86_64/eclipse//plugins/org.eclipse.justj.openjdk.hotspot.jre.full.win32.x86_64_16.0.1.v20210528-1205/jre/bin/server;C:/Users/phuc3/Downloads/eclipse-java-2021-06-R-win32-x86_64/eclipse//plugins/org.eclipse.justj.openjdk.hotspot.jre.full.win32.x86_64_16.0.1.v20210528-1205/jre/bin;C:\Program Files\Common Files\Oracle\Java\javapath;C:\Program Files (x86)\Common Files\Oracle\Java\javapath;C:\Program Files\NVIDIA GPU Computing Toolkit\CUDA\v11.1\bin;C:\Program Files\NVIDIA GPU Computing Toolkit\CUDA\v11.1\libnvvp;C:\Program Files (x86)\Razer Chroma SDK\bin;C:\Program Files\Razer Chroma SDK\bin;C:\Program Files (x86)\Razer\ChromaBroadcast\bin;C:\Program Files\Razer\ChromaBroadcast\bin;C:\Windows\system32;C:\Windows;C:\Windows\System32\Wbem;C:\Windows\System32\WindowsPowerShell\v1.0\;C:\Windows\System32\OpenSSH\;C:\Program Files\NVIDIA Corporation\NVIDIA NGX;C:\Program Files\NVIDIA Corporation\NVIDIA NvDLISR;C:\WINDOWS\system32;C:\WINDOWS;C:\WINDOWS\System32\Wbem;C:\WINDOWS\System32\WindowsPowerShell\v1.0\;C:\WINDOWS\System32\OpenSSH\;C:\Program Files\Git\cmd;C:\WINDOWS\system32\config\systemprofile\AppData\Local\Microsoft\WindowsApps;C:\Program Files\NVIDIA Corporation\Nsight Compute 2020.2.1\;C:\Program Files (x86)\NVIDIA Corporation\PhysX\Common;C:\WINDOWS\system32;C:\WINDOWS;C:\WINDOWS\System32\Wbem;C:\WINDOWS\System32\WindowsPowerShell\v1.0\;C:\WINDOWS\System32\OpenSSH\;C:\Program Files\dotnet\;C:\MinGW\bin;C:\MinGW\bin;C:\Users\phuc3\Downloads\eclipse-java-2021-06-R-win32-x86_64\eclipse;
USERNAME=phuc3
OS=Windows_NT
PROCESSOR_IDENTIFIER=Intel64 Family 6 Model 158 Stepping 10, GenuineIntel



---------------  S Y S T E M  ---------------

OS:
 Windows 10 , 64 bit Build 19041 (10.0.19041.1202)
OS uptime: 2 days 17:11 hours

CPU: total 12 (initial active 12) (6 cores per cpu, 2 threads per core) family 6 model 158 stepping 10 microcode 0xb4, cx8, cmov, fxsr, ht, mmx, 3dnowpref, sse, sse2, sse3, ssse3, sse4.1, sse4.2, popcnt, lzcnt, tsc, tscinvbit, avx, avx2, aes, erms, clmul, bmi1, bmi2, adx, fma, vzeroupper, clflush, clflushopt

Memory: 4k page, system-wide physical 16234M (351M free)
TotalPageFile size 65386M (AvailPageFile size 261M)
current process WorkingSet (physical memory assigned to process): 521M, peak: 521M
current process commit charge ("private bytes"): 1149M, peak: 1737M

vm_info: OpenJDK 64-Bit Server VM (16.0.1+9-24) for windows-amd64 JRE (16.0.1+9-24), built on Mar 26 2021 19:30:07 by "mach5one" with MS VC++ 16.7 (VS2019)

END.
