#
# There is insufficient memory for the Java Runtime Environment to continue.
# Native memory allocation (malloc) failed to allocate 220016 bytes for Chunk::new
# Possible reasons:
#   The system is out of physical RAM or swap space
#   The process is running with CompressedOops enabled, and the Java Heap may be blocking the growth of the native heap
# Possible solutions:
#   Reduce memory load on the system
#   Increase physical memory or swap space
#   Check if swap backing store is full
#   Decrease Java heap size (-Xmx/-Xms)
#   Decrease number of Java threads
#   Decrease Java thread stack sizes (-Xss)
#   Set larger code cache with -XX:ReservedCodeCacheSize=
#   JVM is running with Zero Based Compressed Oops mode in which the Java heap is
#     placed in the first 32GB address space. The Java Heap base address is the
#     maximum limit for the native heap growth. Please use -XX:HeapBaseMinAddress
#     to set the Java Heap base and to place the Java Heap above 32GB virtual address.
# This output file may be truncated or incomplete.
#
#  Out of Memory Error (arena.cpp:195), pid=41004, tid=62288
#
# JRE version: OpenJDK Runtime Environment (16.0.1+9) (build 16.0.1+9-24)
# Java VM: OpenJDK 64-Bit Server VM (16.0.1+9-24, mixed mode, tiered, compressed oops, compressed class ptrs, g1 gc, windows-amd64)
# No core dump will be written. Minidumps are not enabled by default on client versions of Windows
#

---------------  S U M M A R Y ------------

Command Line: -Dfile.encoding=Cp1252 -XX:+ShowCodeDetailsInExceptionMessages SOSpackage.Game

Host: Intel(R) Core(TM) i7-9750H CPU @ 2.60GHz, 12 cores, 15G,  Windows 10 , 64 bit Build 19041 (10.0.19041.1202)
Time: Sun Sep 26 15:19:24 2021 Central Daylight Time elapsed time: 9065.719864 seconds (0d 2h 31m 5s)

---------------  T H R E A D  ---------------

Current thread (0x000002222a48bcd0):  JavaThread "C2 CompilerThread0" daemon [_thread_in_native, id=62288, stack(0x0000004bc8d00000,0x0000004bc8e00000)]


Current CompileTask:
C2:9065719 1770       4       java.awt.event.InvocationEvent::<init> (52 bytes)

Stack: [0x0000004bc8d00000,0x0000004bc8e00000]
Native frames: (J=compiled Java code, j=interpreted, Vv=VM code, C=native code)
V  [jvm.dll+0x6687ca]
V  [jvm.dll+0x7ca3c9]
V  [jvm.dll+0x7cbb53]
V  [jvm.dll+0x7cc1b3]
V  [jvm.dll+0x242ea5]
V  [jvm.dll+0xadeca]
V  [jvm.dll+0xae5ac]
V  [jvm.dll+0x35af27]
V  [jvm.dll+0x3253d1]
V  [jvm.dll+0x32487a]
V  [jvm.dll+0x215f3c]
V  [jvm.dll+0x215350]
V  [jvm.dll+0x1a1d9b]
V  [jvm.dll+0x2253a8]
V  [jvm.dll+0x2233ec]
V  [jvm.dll+0x780002]
V  [jvm.dll+0x779b4a]
V  [jvm.dll+0x667666]
C  [ucrtbase.dll+0x21bb2]
C  [KERNEL32.DLL+0x17034]
C  [ntdll.dll+0x52651]


---------------  P R O C E S S  ---------------

Threads class SMR info:
_java_thread_list=0x000002222af6f980, length=17, elements={
0x00000222299da2b0, 0x00000222299db260, 0x000002222a41f480, 0x000002222a420ca0,
0x000002222a425b60, 0x000002222a488cd0, 0x000002222a48bcd0, 0x000002222a48d0d0,
0x000002222a495710, 0x000002222a5e30d0, 0x000002222a5ef150, 0x000002222a703d10,
0x000002222a704230, 0x000002222a704750, 0x000002222a9f5760, 0x000002220ab9a280,
0x000002222afdf2d0
}

Java Threads: ( => current thread )
  0x00000222299da2b0 JavaThread "Reference Handler" daemon [_thread_blocked, id=62172, stack(0x0000004bc8700000,0x0000004bc8800000)]
  0x00000222299db260 JavaThread "Finalizer" daemon [_thread_blocked, id=62360, stack(0x0000004bc8800000,0x0000004bc8900000)]
  0x000002222a41f480 JavaThread "Signal Dispatcher" daemon [_thread_blocked, id=28904, stack(0x0000004bc8900000,0x0000004bc8a00000)]
  0x000002222a420ca0 JavaThread "Attach Listener" daemon [_thread_blocked, id=60584, stack(0x0000004bc8a00000,0x0000004bc8b00000)]
  0x000002222a425b60 JavaThread "Service Thread" daemon [_thread_blocked, id=62308, stack(0x0000004bc8b00000,0x0000004bc8c00000)]
  0x000002222a488cd0 JavaThread "Monitor Deflation Thread" daemon [_thread_blocked, id=57864, stack(0x0000004bc8c00000,0x0000004bc8d00000)]
=>0x000002222a48bcd0 JavaThread "C2 CompilerThread0" daemon [_thread_in_native, id=62288, stack(0x0000004bc8d00000,0x0000004bc8e00000)]
  0x000002222a48d0d0 JavaThread "C1 CompilerThread0" daemon [_thread_blocked, id=60808, stack(0x0000004bc8e00000,0x0000004bc8f00000)]
  0x000002222a495710 JavaThread "Sweeper thread" daemon [_thread_blocked, id=55656, stack(0x0000004bc8f00000,0x0000004bc9000000)]
  0x000002222a5e30d0 JavaThread "Notification Thread" daemon [_thread_blocked, id=60800, stack(0x0000004bc9000000,0x0000004bc9100000)]
  0x000002222a5ef150 JavaThread "Common-Cleaner" daemon [_thread_blocked, id=26620, stack(0x0000004bc9200000,0x0000004bc9300000)]
  0x000002222a703d10 JavaThread "Java2D Disposer" daemon [_thread_blocked, id=61844, stack(0x0000004bc9300000,0x0000004bc9400000)]
  0x000002222a704230 JavaThread "AWT-Shutdown" [_thread_blocked, id=61324, stack(0x0000004bc9400000,0x0000004bc9500000)]
  0x000002222a704750 JavaThread "AWT-Windows" daemon [_thread_in_native, id=60872, stack(0x0000004bc9500000,0x0000004bc9600000)]
  0x000002222a9f5760 JavaThread "AWT-EventQueue-0" [_thread_in_native, id=56620, stack(0x0000004bc9600000,0x0000004bc9700000)]
  0x000002220ab9a280 JavaThread "DestroyJavaVM" [_thread_blocked, id=22756, stack(0x0000004bc8000000,0x0000004bc8100000)]
  0x000002222afdf2d0 JavaThread "D3D Screen Updater" daemon [_thread_blocked, id=60124, stack(0x0000004bc9a00000,0x0000004bc9b00000)]

Other Threads:
  0x000002222a4198a0 VMThread "VM Thread" [stack: 0x0000004bc8600000,0x0000004bc8700000] [id=61504]
  0x000002222a5e3e10 WatcherThread [stack: 0x0000004bc9100000,0x0000004bc9200000] [id=39224]
  0x000002220abebf20 GCTaskThread "GC Thread#0" [stack: 0x0000004bc8100000,0x0000004bc8200000] [id=61732]
  0x0000022238c95490 GCTaskThread "GC Thread#1" [stack: 0x0000004bc7d00000,0x0000004bc7e00000] [id=68656]
  0x0000022238c92cc0 GCTaskThread "GC Thread#2" [stack: 0x0000004bc7e00000,0x0000004bc7f00000] [id=69484]
  0x0000022238c926a0 GCTaskThread "GC Thread#3" [stack: 0x0000004bc9700000,0x0000004bc9800000] [id=69032]
  0x0000022238c90800 GCTaskThread "GC Thread#4" [stack: 0x0000004bc9900000,0x0000004bc9a00000] [id=1528]
  0x0000022238c95ab0 GCTaskThread "GC Thread#5" [stack: 0x0000004bc9b70000,0x0000004bc9c70000] [id=14168]
  0x0000022238c963e0 GCTaskThread "GC Thread#6" [stack: 0x0000004bc9c70000,0x0000004bc9d70000] [id=65684]
  0x0000022238c97640 GCTaskThread "GC Thread#7" [stack: 0x0000004bc9d70000,0x0000004bc9e70000] [id=69400]
  0x000002220abfde30 ConcurrentGCThread "G1 Main Marker" [stack: 0x0000004bc8200000,0x0000004bc8300000] [id=61312]
  0x000002220ac000d0 ConcurrentGCThread "G1 Conc#0" [stack: 0x0000004bc8300000,0x0000004bc8400000] [id=19164]
  0x000002220ac7eab0 ConcurrentGCThread "G1 Refine#0" [stack: 0x0000004bc8400000,0x0000004bc8500000] [id=61724]
  0x000002222ad64360 ConcurrentGCThread "G1 Refine#1" [stack: 0x0000004bc9e70000,0x0000004bc9f70000] [id=64144]
  0x0000022229842320 ConcurrentGCThread "G1 Service" [stack: 0x0000004bc8500000,0x0000004bc8600000] [id=57536]

Threads with active compile tasks:
C2 CompilerThread0  9065753 1770       4       java.awt.event.InvocationEvent::<init> (52 bytes)

VM state: not at safepoint (normal execution)

VM Mutex/Monitor currently owned by a thread: None

Heap address: 0x0000000702400000, size: 4060 MB, Compressed Oops mode: Zero based, Oop shift amount: 3

CDS disabled.
Compressed class space mapped at: 0x0000000800000000-0x0000000840000000, reserved size: 1073741824
Narrow klass base: 0x0000000800000000, Narrow klass shift: 0, Narrow klass range: 0x40000000

GC Precious Log:
 CPUs: 12 total, 12 available
 Memory: 16234M
 Large Page Support: Disabled
 NUMA Support: Disabled
 Compressed Oops: Enabled (Zero based)
 Heap Region Size: 2M
 Heap Min Capacity: 8M
 Heap Initial Capacity: 254M
 Heap Max Capacity: 4060M
 Pre-touch: Disabled
 Parallel Workers: 10
 Concurrent Workers: 3
 Concurrent Refinement Workers: 10
 Periodic GC: Disabled

Heap:
 garbage-first heap   total 260096K, used 45292K [0x0000000702400000, 0x0000000800000000)
  region size 2048K, 7 young (14336K), 2 survivors (4096K)
 Metaspace       used 14440K, committed 14592K, reserved 1064960K
  class space    used 1368K, committed 1472K, reserved 1048576K

Heap Regions: E=young(eden), S=young(survivor), O=old, HS=humongous(starts), HC=humongous(continues), CS=collection set, F=free, OA=open archive, CA=closed archive, TAMS=top-at-mark-start (previous, next)
|   0|0x0000000702400000, 0x0000000702600000, 0x0000000702600000|100%| O|  |TAMS 0x0000000702400000, 0x0000000702400000| Untracked 
|   1|0x0000000702600000, 0x000000070263b200, 0x0000000702800000| 11%| O|  |TAMS 0x0000000702600000, 0x0000000702600000| Untracked 
|   2|0x0000000702800000, 0x0000000702a00000, 0x0000000702a00000|100%|HS|  |TAMS 0x0000000702800000, 0x0000000702800000| Complete 
|   3|0x0000000702a00000, 0x0000000702c00000, 0x0000000702c00000|100%|HC|  |TAMS 0x0000000702a00000, 0x0000000702a00000| Complete 
|   4|0x0000000702c00000, 0x0000000702e00000, 0x0000000702e00000|100%|HC|  |TAMS 0x0000000702c00000, 0x0000000702c00000| Complete 
|   5|0x0000000702e00000, 0x0000000703000000, 0x0000000703000000|100%|HC|  |TAMS 0x0000000702e00000, 0x0000000702e00000| Complete 
|   6|0x0000000703000000, 0x0000000703200000, 0x0000000703200000|100%|HC|  |TAMS 0x0000000703000000, 0x0000000703000000| Complete 
|   7|0x0000000703200000, 0x0000000703400000, 0x0000000703400000|100%|HC|  |TAMS 0x0000000703200000, 0x0000000703200000| Complete 
|   8|0x0000000703400000, 0x0000000703600000, 0x0000000703600000|100%|HC|  |TAMS 0x0000000703400000, 0x0000000703400000| Complete 
|   9|0x0000000703600000, 0x0000000703800000, 0x0000000703800000|100%|HC|  |TAMS 0x0000000703600000, 0x0000000703600000| Complete 
|  10|0x0000000703800000, 0x0000000703a00000, 0x0000000703a00000|100%|HC|  |TAMS 0x0000000703800000, 0x0000000703800000| Complete 
|  11|0x0000000703a00000, 0x0000000703c00000, 0x0000000703c00000|100%|HC|  |TAMS 0x0000000703a00000, 0x0000000703a00000| Complete 
|  12|0x0000000703c00000, 0x0000000703e00000, 0x0000000703e00000|100%|HC|  |TAMS 0x0000000703c00000, 0x0000000703c00000| Complete 
|  13|0x0000000703e00000, 0x0000000704000000, 0x0000000704000000|100%|HC|  |TAMS 0x0000000703e00000, 0x0000000703e00000| Complete 
|  14|0x0000000704000000, 0x0000000704200000, 0x0000000704200000|100%|HC|  |TAMS 0x0000000704000000, 0x0000000704000000| Complete 
|  15|0x0000000704200000, 0x0000000704400000, 0x0000000704400000|100%|HC|  |TAMS 0x0000000704200000, 0x0000000704200000| Complete 
|  16|0x0000000704400000, 0x0000000704600000, 0x0000000704600000|100%|HC|  |TAMS 0x0000000704400000, 0x0000000704400000| Complete 
|  17|0x0000000704600000, 0x0000000704800000, 0x0000000704800000|100%|HC|  |TAMS 0x0000000704600000, 0x0000000704600000| Complete 
|  18|0x0000000704800000, 0x0000000704800000, 0x0000000704a00000|  0%| F|  |TAMS 0x0000000704800000, 0x0000000704800000| Untracked 
|  19|0x0000000704a00000, 0x0000000704a00000, 0x0000000704c00000|  0%| F|  |TAMS 0x0000000704a00000, 0x0000000704a00000| Untracked 
|  20|0x0000000704c00000, 0x0000000704c00000, 0x0000000704e00000|  0%| F|  |TAMS 0x0000000704c00000, 0x0000000704c00000| Untracked 
|  21|0x0000000704e00000, 0x0000000704e00000, 0x0000000705000000|  0%| F|  |TAMS 0x0000000704e00000, 0x0000000704e00000| Untracked 
|  22|0x0000000705000000, 0x0000000705000000, 0x0000000705200000|  0%| F|  |TAMS 0x0000000705000000, 0x0000000705000000| Untracked 
|  23|0x0000000705200000, 0x0000000705200000, 0x0000000705400000|  0%| F|  |TAMS 0x0000000705200000, 0x0000000705200000| Untracked 
|  24|0x0000000705400000, 0x0000000705400000, 0x0000000705600000|  0%| F|  |TAMS 0x0000000705400000, 0x0000000705400000| Untracked 
|  25|0x0000000705600000, 0x0000000705600000, 0x0000000705800000|  0%| F|  |TAMS 0x0000000705600000, 0x0000000705600000| Untracked 
|  26|0x0000000705800000, 0x0000000705800000, 0x0000000705a00000|  0%| F|  |TAMS 0x0000000705800000, 0x0000000705800000| Untracked 
|  27|0x0000000705a00000, 0x0000000705a00000, 0x0000000705c00000|  0%| F|  |TAMS 0x0000000705a00000, 0x0000000705a00000| Untracked 
|  28|0x0000000705c00000, 0x0000000705c00000, 0x0000000705e00000|  0%| F|  |TAMS 0x0000000705c00000, 0x0000000705c00000| Untracked 
|  29|0x0000000705e00000, 0x0000000705e00000, 0x0000000706000000|  0%| F|  |TAMS 0x0000000705e00000, 0x0000000705e00000| Untracked 
|  30|0x0000000706000000, 0x0000000706000000, 0x0000000706200000|  0%| F|  |TAMS 0x0000000706000000, 0x0000000706000000| Untracked 
|  31|0x0000000706200000, 0x0000000706200000, 0x0000000706400000|  0%| F|  |TAMS 0x0000000706200000, 0x0000000706200000| Untracked 
|  32|0x0000000706400000, 0x0000000706400000, 0x0000000706600000|  0%| F|  |TAMS 0x0000000706400000, 0x0000000706400000| Untracked 
|  33|0x0000000706600000, 0x0000000706600000, 0x0000000706800000|  0%| F|  |TAMS 0x0000000706600000, 0x0000000706600000| Untracked 
|  34|0x0000000706800000, 0x0000000706800000, 0x0000000706a00000|  0%| F|  |TAMS 0x0000000706800000, 0x0000000706800000| Untracked 
|  35|0x0000000706a00000, 0x0000000706a00000, 0x0000000706c00000|  0%| F|  |TAMS 0x0000000706a00000, 0x0000000706a00000| Untracked 
|  36|0x0000000706c00000, 0x0000000706c00000, 0x0000000706e00000|  0%| F|  |TAMS 0x0000000706c00000, 0x0000000706c00000| Untracked 
|  37|0x0000000706e00000, 0x0000000706e00000, 0x0000000707000000|  0%| F|  |TAMS 0x0000000706e00000, 0x0000000706e00000| Untracked 
|  38|0x0000000707000000, 0x0000000707000000, 0x0000000707200000|  0%| F|  |TAMS 0x0000000707000000, 0x0000000707000000| Untracked 
|  39|0x0000000707200000, 0x0000000707200000, 0x0000000707400000|  0%| F|  |TAMS 0x0000000707200000, 0x0000000707200000| Untracked 
|  40|0x0000000707400000, 0x0000000707400000, 0x0000000707600000|  0%| F|  |TAMS 0x0000000707400000, 0x0000000707400000| Untracked 
|  41|0x0000000707600000, 0x0000000707600000, 0x0000000707800000|  0%| F|  |TAMS 0x0000000707600000, 0x0000000707600000| Untracked 
|  42|0x0000000707800000, 0x0000000707800000, 0x0000000707a00000|  0%| F|  |TAMS 0x0000000707800000, 0x0000000707800000| Untracked 
|  43|0x0000000707a00000, 0x0000000707a00000, 0x0000000707c00000|  0%| F|  |TAMS 0x0000000707a00000, 0x0000000707a00000| Untracked 
|  44|0x0000000707c00000, 0x0000000707c00000, 0x0000000707e00000|  0%| F|  |TAMS 0x0000000707c00000, 0x0000000707c00000| Untracked 
|  45|0x0000000707e00000, 0x0000000707e00000, 0x0000000708000000|  0%| F|  |TAMS 0x0000000707e00000, 0x0000000707e00000| Untracked 
|  46|0x0000000708000000, 0x0000000708000000, 0x0000000708200000|  0%| F|  |TAMS 0x0000000708000000, 0x0000000708000000| Untracked 
|  47|0x0000000708200000, 0x0000000708200000, 0x0000000708400000|  0%| F|  |TAMS 0x0000000708200000, 0x0000000708200000| Untracked 
|  48|0x0000000708400000, 0x0000000708400000, 0x0000000708600000|  0%| F|  |TAMS 0x0000000708400000, 0x0000000708400000| Untracked 
|  49|0x0000000708600000, 0x0000000708600000, 0x0000000708800000|  0%| F|  |TAMS 0x0000000708600000, 0x0000000708600000| Untracked 
|  50|0x0000000708800000, 0x0000000708800000, 0x0000000708a00000|  0%| F|  |TAMS 0x0000000708800000, 0x0000000708800000| Untracked 
|  51|0x0000000708a00000, 0x0000000708a00000, 0x0000000708c00000|  0%| F|  |TAMS 0x0000000708a00000, 0x0000000708a00000| Untracked 
|  52|0x0000000708c00000, 0x0000000708c00000, 0x0000000708e00000|  0%| F|  |TAMS 0x0000000708c00000, 0x0000000708c00000| Untracked 
|  53|0x0000000708e00000, 0x0000000708e00000, 0x0000000709000000|  0%| F|  |TAMS 0x0000000708e00000, 0x0000000708e00000| Untracked 
|  54|0x0000000709000000, 0x0000000709000000, 0x0000000709200000|  0%| F|  |TAMS 0x0000000709000000, 0x0000000709000000| Untracked 
|  55|0x0000000709200000, 0x0000000709200000, 0x0000000709400000|  0%| F|  |TAMS 0x0000000709200000, 0x0000000709200000| Untracked 
|  56|0x0000000709400000, 0x0000000709400000, 0x0000000709600000|  0%| F|  |TAMS 0x0000000709400000, 0x0000000709400000| Untracked 
|  57|0x0000000709600000, 0x0000000709600000, 0x0000000709800000|  0%| F|  |TAMS 0x0000000709600000, 0x0000000709600000| Untracked 
|  58|0x0000000709800000, 0x0000000709800000, 0x0000000709a00000|  0%| F|  |TAMS 0x0000000709800000, 0x0000000709800000| Untracked 
|  59|0x0000000709a00000, 0x0000000709a00000, 0x0000000709c00000|  0%| F|  |TAMS 0x0000000709a00000, 0x0000000709a00000| Untracked 
|  60|0x0000000709c00000, 0x0000000709c00000, 0x0000000709e00000|  0%| F|  |TAMS 0x0000000709c00000, 0x0000000709c00000| Untracked 
|  61|0x0000000709e00000, 0x0000000709e00000, 0x000000070a000000|  0%| F|  |TAMS 0x0000000709e00000, 0x0000000709e00000| Untracked 
|  62|0x000000070a000000, 0x000000070a000000, 0x000000070a200000|  0%| F|  |TAMS 0x000000070a000000, 0x000000070a000000| Untracked 
|  63|0x000000070a200000, 0x000000070a200000, 0x000000070a400000|  0%| F|  |TAMS 0x000000070a200000, 0x000000070a200000| Untracked 
|  64|0x000000070a400000, 0x000000070a400000, 0x000000070a600000|  0%| F|  |TAMS 0x000000070a400000, 0x000000070a400000| Untracked 
|  65|0x000000070a600000, 0x000000070a600000, 0x000000070a800000|  0%| F|  |TAMS 0x000000070a600000, 0x000000070a600000| Untracked 
|  66|0x000000070a800000, 0x000000070a800000, 0x000000070aa00000|  0%| F|  |TAMS 0x000000070a800000, 0x000000070a800000| Untracked 
|  67|0x000000070aa00000, 0x000000070aa00000, 0x000000070ac00000|  0%| F|  |TAMS 0x000000070aa00000, 0x000000070aa00000| Untracked 
|  68|0x000000070ac00000, 0x000000070ac00000, 0x000000070ae00000|  0%| F|  |TAMS 0x000000070ac00000, 0x000000070ac00000| Untracked 
|  69|0x000000070ae00000, 0x000000070ae00000, 0x000000070b000000|  0%| F|  |TAMS 0x000000070ae00000, 0x000000070ae00000| Untracked 
|  70|0x000000070b000000, 0x000000070b000000, 0x000000070b200000|  0%| F|  |TAMS 0x000000070b000000, 0x000000070b000000| Untracked 
|  71|0x000000070b200000, 0x000000070b200000, 0x000000070b400000|  0%| F|  |TAMS 0x000000070b200000, 0x000000070b200000| Untracked 
|  72|0x000000070b400000, 0x000000070b400000, 0x000000070b600000|  0%| F|  |TAMS 0x000000070b400000, 0x000000070b400000| Untracked 
|  73|0x000000070b600000, 0x000000070b600000, 0x000000070b800000|  0%| F|  |TAMS 0x000000070b600000, 0x000000070b600000| Untracked 
|  74|0x000000070b800000, 0x000000070b800000, 0x000000070ba00000|  0%| F|  |TAMS 0x000000070b800000, 0x000000070b800000| Untracked 
|  75|0x000000070ba00000, 0x000000070ba00000, 0x000000070bc00000|  0%| F|  |TAMS 0x000000070ba00000, 0x000000070ba00000| Untracked 
|  76|0x000000070bc00000, 0x000000070bc00000, 0x000000070be00000|  0%| F|  |TAMS 0x000000070bc00000, 0x000000070bc00000| Untracked 
|  77|0x000000070be00000, 0x000000070be00000, 0x000000070c000000|  0%| F|  |TAMS 0x000000070be00000, 0x000000070be00000| Untracked 
|  78|0x000000070c000000, 0x000000070c000000, 0x000000070c200000|  0%| F|  |TAMS 0x000000070c000000, 0x000000070c000000| Untracked 
|  79|0x000000070c200000, 0x000000070c200000, 0x000000070c400000|  0%| F|  |TAMS 0x000000070c200000, 0x000000070c200000| Untracked 
|  80|0x000000070c400000, 0x000000070c400000, 0x000000070c600000|  0%| F|  |TAMS 0x000000070c400000, 0x000000070c400000| Untracked 
|  81|0x000000070c600000, 0x000000070c600000, 0x000000070c800000|  0%| F|  |TAMS 0x000000070c600000, 0x000000070c600000| Untracked 
|  82|0x000000070c800000, 0x000000070c800000, 0x000000070ca00000|  0%| F|  |TAMS 0x000000070c800000, 0x000000070c800000| Untracked 
|  83|0x000000070ca00000, 0x000000070ca00000, 0x000000070cc00000|  0%| F|  |TAMS 0x000000070ca00000, 0x000000070ca00000| Untracked 
|  84|0x000000070cc00000, 0x000000070cc00000, 0x000000070ce00000|  0%| F|  |TAMS 0x000000070cc00000, 0x000000070cc00000| Untracked 
|  85|0x000000070ce00000, 0x000000070ce00000, 0x000000070d000000|  0%| F|  |TAMS 0x000000070ce00000, 0x000000070ce00000| Untracked 
|  86|0x000000070d000000, 0x000000070d000000, 0x000000070d200000|  0%| F|  |TAMS 0x000000070d000000, 0x000000070d000000| Untracked 
|  87|0x000000070d200000, 0x000000070d200000, 0x000000070d400000|  0%| F|  |TAMS 0x000000070d200000, 0x000000070d200000| Untracked 
|  88|0x000000070d400000, 0x000000070d400000, 0x000000070d600000|  0%| F|  |TAMS 0x000000070d400000, 0x000000070d400000| Untracked 
|  89|0x000000070d600000, 0x000000070d600000, 0x000000070d800000|  0%| F|  |TAMS 0x000000070d600000, 0x000000070d600000| Untracked 
|  90|0x000000070d800000, 0x000000070d800000, 0x000000070da00000|  0%| F|  |TAMS 0x000000070d800000, 0x000000070d800000| Untracked 
|  91|0x000000070da00000, 0x000000070da00000, 0x000000070dc00000|  0%| F|  |TAMS 0x000000070da00000, 0x000000070da00000| Untracked 
|  92|0x000000070dc00000, 0x000000070dc00000, 0x000000070de00000|  0%| F|  |TAMS 0x000000070dc00000, 0x000000070dc00000| Untracked 
|  93|0x000000070de00000, 0x000000070de00000, 0x000000070e000000|  0%| F|  |TAMS 0x000000070de00000, 0x000000070de00000| Untracked 
|  94|0x000000070e000000, 0x000000070e000000, 0x000000070e200000|  0%| F|  |TAMS 0x000000070e000000, 0x000000070e000000| Untracked 
|  95|0x000000070e200000, 0x000000070e200000, 0x000000070e400000|  0%| F|  |TAMS 0x000000070e200000, 0x000000070e200000| Untracked 
|  96|0x000000070e400000, 0x000000070e400000, 0x000000070e600000|  0%| F|  |TAMS 0x000000070e400000, 0x000000070e400000| Untracked 
|  97|0x000000070e600000, 0x000000070e600000, 0x000000070e800000|  0%| F|  |TAMS 0x000000070e600000, 0x000000070e600000| Untracked 
|  98|0x000000070e800000, 0x000000070e800000, 0x000000070ea00000|  0%| F|  |TAMS 0x000000070e800000, 0x000000070e800000| Untracked 
|  99|0x000000070ea00000, 0x000000070ea00000, 0x000000070ec00000|  0%| F|  |TAMS 0x000000070ea00000, 0x000000070ea00000| Untracked 
| 100|0x000000070ec00000, 0x000000070ec00000, 0x000000070ee00000|  0%| F|  |TAMS 0x000000070ec00000, 0x000000070ec00000| Untracked 
| 101|0x000000070ee00000, 0x000000070ee00000, 0x000000070f000000|  0%| F|  |TAMS 0x000000070ee00000, 0x000000070ee00000| Untracked 
| 102|0x000000070f000000, 0x000000070f000000, 0x000000070f200000|  0%| F|  |TAMS 0x000000070f000000, 0x000000070f000000| Untracked 
| 103|0x000000070f200000, 0x000000070f200000, 0x000000070f400000|  0%| F|  |TAMS 0x000000070f200000, 0x000000070f200000| Untracked 
| 104|0x000000070f400000, 0x000000070f400000, 0x000000070f600000|  0%| F|  |TAMS 0x000000070f400000, 0x000000070f400000| Untracked 
| 105|0x000000070f600000, 0x000000070f600000, 0x000000070f800000|  0%| F|  |TAMS 0x000000070f600000, 0x000000070f600000| Untracked 
| 106|0x000000070f800000, 0x000000070f800000, 0x000000070fa00000|  0%| F|  |TAMS 0x000000070f800000, 0x000000070f800000| Untracked 
| 107|0x000000070fa00000, 0x000000070fa00000, 0x000000070fc00000|  0%| F|  |TAMS 0x000000070fa00000, 0x000000070fa00000| Untracked 
| 108|0x000000070fc00000, 0x000000070fc00000, 0x000000070fe00000|  0%| F|  |TAMS 0x000000070fc00000, 0x000000070fc00000| Untracked 
| 109|0x000000070fe00000, 0x000000070fe00000, 0x0000000710000000|  0%| F|  |TAMS 0x000000070fe00000, 0x000000070fe00000| Untracked 
| 110|0x0000000710000000, 0x0000000710000000, 0x0000000710200000|  0%| F|  |TAMS 0x0000000710000000, 0x0000000710000000| Untracked 
| 111|0x0000000710200000, 0x0000000710200000, 0x0000000710400000|  0%| F|  |TAMS 0x0000000710200000, 0x0000000710200000| Untracked 
| 112|0x0000000710400000, 0x0000000710400000, 0x0000000710600000|  0%| F|  |TAMS 0x0000000710400000, 0x0000000710400000| Untracked 
| 113|0x0000000710600000, 0x0000000710600000, 0x0000000710800000|  0%| F|  |TAMS 0x0000000710600000, 0x0000000710600000| Untracked 
| 114|0x0000000710800000, 0x0000000710a00000, 0x0000000710a00000|100%| S|CS|TAMS 0x0000000710800000, 0x0000000710800000| Complete 
| 115|0x0000000710a00000, 0x0000000710c00000, 0x0000000710c00000|100%| S|CS|TAMS 0x0000000710a00000, 0x0000000710a00000| Complete 
| 116|0x0000000710c00000, 0x0000000710c00000, 0x0000000710e00000|  0%| F|  |TAMS 0x0000000710c00000, 0x0000000710c00000| Untracked 
| 117|0x0000000710e00000, 0x0000000710e00000, 0x0000000711000000|  0%| F|  |TAMS 0x0000000710e00000, 0x0000000710e00000| Untracked 
| 118|0x0000000711000000, 0x0000000711000000, 0x0000000711200000|  0%| F|  |TAMS 0x0000000711000000, 0x0000000711000000| Untracked 
| 119|0x0000000711200000, 0x0000000711200000, 0x0000000711400000|  0%| F|  |TAMS 0x0000000711200000, 0x0000000711200000| Untracked 
| 120|0x0000000711400000, 0x0000000711400000, 0x0000000711600000|  0%| F|  |TAMS 0x0000000711400000, 0x0000000711400000| Untracked 
| 121|0x0000000711600000, 0x0000000711600000, 0x0000000711800000|  0%| F|  |TAMS 0x0000000711600000, 0x0000000711600000| Untracked 
| 122|0x0000000711800000, 0x000000071192cc70, 0x0000000711a00000| 58%| E|  |TAMS 0x0000000711800000, 0x0000000711800000| Complete 
| 123|0x0000000711a00000, 0x0000000711c00000, 0x0000000711c00000|100%| E|  |TAMS 0x0000000711a00000, 0x0000000711a00000| Complete 
| 124|0x0000000711c00000, 0x0000000711e00000, 0x0000000711e00000|100%| E|CS|TAMS 0x0000000711c00000, 0x0000000711c00000| Complete 
| 125|0x0000000711e00000, 0x0000000712000000, 0x0000000712000000|100%| E|CS|TAMS 0x0000000711e00000, 0x0000000711e00000| Complete 
| 126|0x0000000712000000, 0x0000000712200000, 0x0000000712200000|100%| E|CS|TAMS 0x0000000712000000, 0x0000000712000000| Complete 

Card table byte_map: [0x000002221de50000,0x000002221e640000] _byte_map_base: 0x000002221a63e000

Marking Bits (Prev, Next): (CMBitMap*) 0x000002220abed620, (CMBitMap*) 0x000002220abed660
 Prev Bits: [0x000002221ee30000, 0x0000022222da0000)
 Next Bits: [0x0000022222da0000, 0x0000022226d10000)

Polling page: 0x0000022208bb0000

Metaspace:

Usage:
  Non-class:     12.77 MB used.
      Class:      1.34 MB used.
       Both:     14.10 MB used.

Virtual space:
  Non-class space:       16.00 MB reserved,      12.81 MB ( 80%) committed,  2 nodes.
      Class space:        1.00 GB reserved,       1.44 MB ( <1%) committed,  1 nodes.
              Both:        1.02 GB reserved,      14.25 MB (  1%) committed. 

Chunk freelists:
   Non-Class:  3.00 MB
       Class:  2.62 MB
        Both:  5.62 MB

MaxMetaspaceSize: 17179869184.00 GB
CompressedClassSpaceSize: 1.00 GB
 - commit_granule_bytes: 65536.
 - commit_granule_words: 8192.
 - virtual_space_node_default_size: 1048576.
 - enlarge_chunks_in_place: 1.
 - new_chunks_are_fully_committed: 0.
 - uncommit_free_chunks: 1.
 - use_allocation_guard: 0.
 - handle_deallocations: 1.


Internal statistics:

num_allocs_failed_limit: 0.
num_arena_births: 110.
num_arena_deaths: 0.
num_vsnodes_births: 3.
num_vsnodes_deaths: 0.
num_space_committed: 228.
num_space_uncommitted: 0.
num_chunks_returned_to_freelist: 0.
num_chunks_taken_from_freelist: 162.
num_chunk_merges: 0.
num_chunk_splits: 89.
num_chunks_enlarged: 46.
num_purges: 0.

CodeHeap 'non-profiled nmethods': size=120000Kb used=719Kb max_used=719Kb free=119280Kb
 bounds [0x0000022215be0000, 0x0000022215e50000, 0x000002221d110000]
CodeHeap 'profiled nmethods': size=120000Kb used=3302Kb max_used=3302Kb free=116697Kb
 bounds [0x000002220e6b0000, 0x000002220e9f0000, 0x0000022215be0000]
CodeHeap 'non-nmethods': size=5760Kb used=1271Kb max_used=1353Kb free=4488Kb
 bounds [0x000002220e110000, 0x000002220e380000, 0x000002220e6b0000]
 total_blobs=2357 nmethods=1769 adapters=500
 compilation: enabled
              stopped_count=0, restarted_count=0
 full_count=0

Compilation events (20 events):
Event: 8853.821 Thread 0x000002222a48d0d0 nmethod 1760 0x000002220e9e3a10 code [0x000002220e9e3be0, 0x000002220e9e3f68]
Event: 8853.821 Thread 0x000002222a48d0d0 1761       3       java.awt.image.DirectColorModel::createCompatibleWritableRaster (114 bytes)
Event: 8853.822 Thread 0x000002222a48d0d0 nmethod 1761 0x000002220e9e4090 code [0x000002220e9e42a0, 0x000002220e9e48e8]
Event: 8853.822 Thread 0x000002222a48d0d0 1762       3       java.awt.image.Raster::createPackedRaster (103 bytes)
Event: 8853.822 Thread 0x000002222a48d0d0 nmethod 1762 0x000002220e9e4b10 code [0x000002220e9e4d40, 0x000002220e9e5698]
Event: 8853.822 Thread 0x000002222a48d0d0 1763       3       java.awt.image.DataBufferInt::<init> (35 bytes)
Event: 8853.823 Thread 0x000002222a48d0d0 nmethod 1763 0x000002220e9e5990 code [0x000002220e9e5b60, 0x000002220e9e6068]
Event: 8853.823 Thread 0x000002222a48d0d0 1764       3       java.awt.image.DataBuffer::<init> (40 bytes)
Event: 8853.823 Thread 0x000002222a48d0d0 nmethod 1764 0x000002220e9e6190 code [0x000002220e9e6340, 0x000002220e9e6688]
Event: 8853.823 Thread 0x000002222a48d0d0 1765       3       java.awt.image.Raster::createPackedRaster (181 bytes)
Event: 8853.838 Thread 0x000002222a48d0d0 nmethod 1765 0x000002220e9e6790 code [0x000002220e9e6a80, 0x000002220e9e7e98]
Event: 8853.838 Thread 0x000002222a48d0d0 1766       3       java.awt.image.BufferedImage$1::<init> (20 bytes)
Event: 8853.838 Thread 0x000002222a48d0d0 nmethod 1766 0x000002220e9e8410 code [0x000002220e9e85c0, 0x000002220e9e8858]
Event: 8853.869 Thread 0x000002222a48d0d0 1767       1       java.awt.event.InvocationEvent::getWhen (5 bytes)
Event: 8853.869 Thread 0x000002222a48d0d0 nmethod 1767 0x0000022215c93810 code [0x0000022215c939a0, 0x0000022215c93a78]
Event: 8853.995 Thread 0x000002222a48d0d0 1768       3       javax.swing.plaf.basic.BasicButtonListener::propertyChange (87 bytes)
Event: 8854.002 Thread 0x000002222a48d0d0 nmethod 1768 0x000002220e9e8910 code [0x000002220e9e8b60, 0x000002220e9e9738]
Event: 8854.053 Thread 0x000002222a48d0d0 1769       1       sun.awt.NullComponentPeer::updateGraphicsData (2 bytes)
Event: 8854.053 Thread 0x000002222a48d0d0 nmethod 1769 0x0000022215c93b10 code [0x0000022215c93ca0, 0x0000022215c93d78]
Event: 9065.706 Thread 0x000002222a48bcd0 1770       4       java.awt.event.InvocationEvent::<init> (52 bytes)

GC Heap History (2 events):
Event: 8853.467 GC heap before
{Heap before GC invocations=0 (full 0):
 garbage-first heap   total 260096K, used 20480K [0x0000000702400000, 0x0000000800000000)
  region size 2048K, 11 young (22528K), 0 survivors (0K)
 Metaspace       used 14404K, committed 14592K, reserved 1064960K
  class space    used 1368K, committed 1472K, reserved 1048576K
}
Event: 8853.580 GC heap after
{Heap after GC invocations=1 (full 0):
 garbage-first heap   total 260096K, used 6380K [0x0000000702400000, 0x0000000800000000)
  region size 2048K, 2 young (4096K), 2 survivors (4096K)
 Metaspace       used 14404K, committed 14592K, reserved 1064960K
  class space    used 1368K, committed 1472K, reserved 1048576K
}

Deoptimization events (20 events):
Event: 414.349 Thread 0x000002222afdf2d0 DEOPT PACKING pc=0x0000022215c896c8 sp=0x0000004bc9afef80
Event: 414.349 Thread 0x000002222afdf2d0 DEOPT UNPACKING pc=0x000002220e15d72e sp=0x0000004bc9afef10 mode 2
Event: 519.994 Thread 0x000002222afdf2d0 Uncommon trap: trap_request=0xffffffdc fr.pc=0x0000022215c8a6d0 relative=0x00000000000001b0
Event: 519.994 Thread 0x000002222afdf2d0 Uncommon trap: reason=class_check action=make_not_entrant pc=0x0000022215c8a6d0 method=java.util.ArrayList.toArray([Ljava/lang/Object;)[Ljava/lang/Object; @ 21 c2
Event: 519.994 Thread 0x000002222afdf2d0 DEOPT PACKING pc=0x0000022215c8a6d0 sp=0x0000004bc9afefe0
Event: 519.994 Thread 0x000002222afdf2d0 DEOPT UNPACKING pc=0x000002220e15d72e sp=0x0000004bc9afefa0 mode 2
Event: 5926.440 Thread 0x000002222afdf2d0 DEOPT PACKING pc=0x000002220e9d1dff sp=0x0000004bc9afefa0
Event: 5926.441 Thread 0x000002222afdf2d0 DEOPT UNPACKING pc=0x000002220e15dece sp=0x0000004bc9afe530 mode 0
Event: 8853.844 Thread 0x000002222a9f5760 Uncommon trap: trap_request=0xffffffde fr.pc=0x0000022215c77f78 relative=0x0000000000001018
Event: 8853.868 Thread 0x000002222a9f5760 Uncommon trap: reason=class_check action=maybe_recompile pc=0x0000022215c77f78 method=java.awt.EventQueue.setCurrentEventAndMostRecentTimeImpl(Ljava/awt/AWTEvent;)V @ 141 c2
Event: 8853.868 Thread 0x000002222a9f5760 DEOPT PACKING pc=0x0000022215c77f78 sp=0x0000004bc96ff0d0
Event: 8853.868 Thread 0x000002222a9f5760 DEOPT UNPACKING pc=0x000002220e15d72e sp=0x0000004bc96fef70 mode 2
Event: 8854.006 Thread 0x000002222afdf2d0 Uncommon trap: trap_request=0xffffff45 fr.pc=0x0000022215c8dd90 relative=0x0000000000000b10
Event: 8854.006 Thread 0x000002222afdf2d0 Uncommon trap: reason=unstable_if action=reinterpret pc=0x0000022215c8dd90 method=java.util.ArrayList.toArray([Ljava/lang/Object;)[Ljava/lang/Object; @ 6 c2
Event: 8854.007 Thread 0x000002222afdf2d0 DEOPT PACKING pc=0x0000022215c8dd90 sp=0x0000004bc9aff090
Event: 8854.007 Thread 0x000002222afdf2d0 DEOPT UNPACKING pc=0x000002220e15d72e sp=0x0000004bc9afefb8 mode 2
Event: 8854.051 Thread 0x000002222a9f5760 Uncommon trap: trap_request=0xffffffde fr.pc=0x0000022215c77f78 relative=0x0000000000001018
Event: 8854.051 Thread 0x000002222a9f5760 Uncommon trap: reason=class_check action=maybe_recompile pc=0x0000022215c77f78 method=java.awt.EventQueue.setCurrentEventAndMostRecentTimeImpl(Ljava/awt/AWTEvent;)V @ 141 c2
Event: 8854.051 Thread 0x000002222a9f5760 DEOPT PACKING pc=0x0000022215c77f78 sp=0x0000004bc96ff0d0
Event: 8854.051 Thread 0x000002222a9f5760 DEOPT UNPACKING pc=0x000002220e15d72e sp=0x0000004bc96fef70 mode 2

Classes unloaded (0 events):
No events

Classes redefined (0 events):
No events

Internal exceptions (18 events):
Event: 0.096 Thread 0x000002220ab9a280 Exception <a 'java/lang/NoSuchMethodError'{0x0000000712181bc8}: 'void java.lang.invoke.DirectMethodHandle$Holder.invokeSpecial(java.lang.Object, java.lang.Object, java.lang.Object)'> (0x0000000712181bc8) 
thrown [t:\workspace\open\src\hotspot\share\interpreter\linkResolver.cpp, line 790]
Event: 0.118 Thread 0x000002220ab9a280 Exception <a 'java/lang/ClassNotFoundException'{0x00000007121a2b70}: sun/awt/resources/spi/awtProvider> (0x00000007121a2b70) 
thrown [t:\workspace\open\src\hotspot\share\classfile\systemDictionary.cpp, line 256]
Event: 0.142 Thread 0x000002220ab9a280 Exception <a 'java/io/FileNotFoundException'{0x00000007121fe3f8}> (0x00000007121fe3f8) 
thrown [t:\workspace\open\src\hotspot\share\prims\jni.cpp, line 579]
Event: 0.148 Thread 0x000002220ab9a280 Exception <a 'java/io/FileNotFoundException'{0x0000000711e2d1d8}> (0x0000000711e2d1d8) 
thrown [t:\workspace\open\src\hotspot\share\prims\jni.cpp, line 579]
Event: 0.148 Thread 0x000002220ab9a280 Exception <a 'java/lang/NoSuchMethodError'{0x0000000711e2e5c8}: 'java.lang.Object java.lang.invoke.DirectMethodHandle$Holder.invokeStatic(java.lang.Object)'> (0x0000000711e2e5c8) 
thrown [t:\workspace\open\src\hotspot\share\interpreter\linkResolver.cpp, line 790]
Event: 0.179 Thread 0x000002220ab9a280 Exception <a 'java/lang/NoSuchMethodError'{0x0000000711e6fbe8}: 'java.lang.Object java.lang.invoke.DirectMethodHandle$Holder.invokeStaticInit(java.lang.Object)'> (0x0000000711e6fbe8) 
thrown [t:\workspace\open\src\hotspot\share\interpreter\linkResolver.cpp, line 790]
Event: 0.449 Thread 0x000002222a9f5760 Exception <a 'java/lang/NoSuchMethodError'{0x0000000711c0c330}: 'java.lang.Object java.lang.invoke.DirectMethodHandle$Holder.newInvokeSpecial(java.lang.Object, java.lang.Object, java.lang.Object, java.lang.Object, java.lang.Object)'> (0x0000000711c0c330) 
thrown [t:\workspace\open\src\hotspot\share\interpreter\linkResolver.cpp, line 790]
Event: 0.451 Thread 0x000002222a9f5760 Exception <a 'java/lang/NoSuchMethodError'{0x0000000711c17e18}: 'java.lang.Object java.lang.invoke.DirectMethodHandle$Holder.invokeStatic(java.lang.Object, int, java.lang.Object, java.lang.Object, java.lang.Object, java.lang.Object)'> (0x0000000711c17e18) 
thrown [t:\workspace\open\src\hotspot\share\interpreter\linkResolver.cpp, line 790]
Event: 0.455 Thread 0x000002222a9f5760 Exception <a 'java/lang/NoSuchMethodError'{0x0000000711c3dee0}: 'java.lang.Object java.lang.invoke.DirectMethodHandle$Holder.invokeStatic(java.lang.Object, int, java.lang.Object)'> (0x0000000711c3dee0) 
thrown [t:\workspace\open\src\hotspot\share\interpreter\linkResolver.cpp, line 790]
Event: 0.478 Thread 0x000002222a9f5760 Exception <a 'java/lang/ClassNotFoundException'{0x0000000711cf6408}: com/sun/swing/internal/plaf/metal/resources/spi/metalProvider> (0x0000000711cf6408) 
thrown [t:\workspace\open\src\hotspot\share\classfile\systemDictionary.cpp, line 256]
Event: 0.479 Thread 0x000002222a9f5760 Exception <a 'java/lang/ClassNotFoundException'{0x0000000711cfa880}: com/sun/swing/internal/plaf/basic/resources/spi/basicProvider> (0x0000000711cfa880) 
thrown [t:\workspace\open\src\hotspot\share\classfile\systemDictionary.cpp, line 256]
Event: 0.515 Thread 0x000002222a704750 Exception <a 'java/lang/NoSuchMethodError'{0x0000000711ef16d8}: 'void java.lang.invoke.DirectMethodHandle$Holder.invokeVirtual(java.lang.Object, java.lang.Object)'> (0x0000000711ef16d8) 
thrown [t:\workspace\open\src\hotspot\share\interpreter\linkResolver.cpp, line 790]
Event: 0.526 Thread 0x000002222a9f5760 Exception <a 'java/lang/NoSuchMethodError'{0x0000000711d758c8}: 'void java.lang.invoke.DirectMethodHandle$Holder.invokeStaticInit(java.lang.Object)'> (0x0000000711d758c8) 
thrown [t:\workspace\open\src\hotspot\share\interpreter\linkResolver.cpp, line 790]
Event: 16.167 Thread 0x000002222a9f5760 Exception <a 'java/lang/ArrayIndexOutOfBoundsException'{0x0000000711259238}: Index 67 out of bounds for length 64> (0x0000000711259238) 
thrown [t:\workspace\open\src\hotspot\share\interpreter\interpreterRuntime.cpp, line 425]
Event: 16.786 Thread 0x000002222a9f5760 Exception <a 'java/lang/ArrayIndexOutOfBoundsException'{0x00000007112a1718}: Index 67 out of bounds for length 64> (0x00000007112a1718) 
thrown [t:\workspace\open\src\hotspot\share\interpreter\interpreterRuntime.cpp, line 425]
Event: 17.800 Thread 0x000002222a9f5760 Implicit null exception at 0x0000022215c47d65 to 0x0000022215c482c2
Event: 17.801 Thread 0x000002222a9f5760 Implicit null exception at 0x0000022215c37ae0 to 0x0000022215c37d3a
Event: 17.806 Thread 0x000002222a9f5760 Implicit null exception at 0x0000022215c57f80 to 0x0000022215c58484

Events (20 events):
Event: 8852.680 loading class sun/awt/image/IntegerComponentRaster done
Event: 8852.680 loading class sun/awt/image/IntegerInterleavedRaster done
Event: 8852.774 loading class java/awt/image/BufferedImage
Event: 8853.181 loading class java/awt/image/WritableRenderedImage
Event: 8853.181 loading class java/awt/image/RenderedImage
Event: 8853.181 loading class java/awt/image/RenderedImage done
Event: 8853.181 loading class java/awt/image/WritableRenderedImage done
Event: 8853.182 loading class java/awt/image/BufferedImage done
Event: 8853.223 loading class java/awt/image/BufferedImage$1
Event: 8853.234 loading class java/awt/image/BufferedImage$1 done
Event: 8853.244 loading class sun/awt/image/BufImgSurfaceData
Event: 8853.246 loading class sun/awt/image/BufImgSurfaceData done
Event: 8853.273 loading class sun/awt/image/BufImgSurfaceData$ICMColorData
Event: 8853.273 loading class sun/awt/image/BufImgSurfaceData$ICMColorData done
Event: 8853.465 Executing  VM operation: G1CollectForAllocation
Event: 8853.580 Executing  VM operation: G1CollectForAllocation done
Event: 8853.739 loading class javax/swing/RepaintManager$DisplayChangedRunnable
Event: 8853.739 loading class javax/swing/RepaintManager$DisplayChangedRunnable done
Event: 8854.592 Executing  VM operation: Cleanup
Event: 8854.592 Executing  VM operation: Cleanup done


Dynamic libraries:
0x00007ff6e35b0000 - 0x00007ff6e35be000 	C:\Users\phuc3\Downloads\eclipse-java-2021-06-R-win32-x86_64\eclipse\plugins\org.eclipse.justj.openjdk.hotspot.jre.full.win32.x86_64_16.0.1.v20210528-1205\jre\bin\javaw.exe
0x00007ff9e7d10000 - 0x00007ff9e7f05000 	C:\WINDOWS\SYSTEM32\ntdll.dll
0x00007ff9e5d60000 - 0x00007ff9e5e1e000 	C:\WINDOWS\System32\KERNEL32.DLL
0x00007ff9e5660000 - 0x00007ff9e5929000 	C:\WINDOWS\System32\KERNELBASE.dll
0x00007ff9e5c60000 - 0x00007ff9e5d60000 	C:\WINDOWS\System32\ucrtbase.dll
0x00007ff9d9850000 - 0x00007ff9d9868000 	C:\Users\phuc3\Downloads\eclipse-java-2021-06-R-win32-x86_64\eclipse\plugins\org.eclipse.justj.openjdk.hotspot.jre.full.win32.x86_64_16.0.1.v20210528-1205\jre\bin\jli.dll
0x00007ff9d67c0000 - 0x00007ff9d67d9000 	C:\Users\phuc3\Downloads\eclipse-java-2021-06-R-win32-x86_64\eclipse\plugins\org.eclipse.justj.openjdk.hotspot.jre.full.win32.x86_64_16.0.1.v20210528-1205\jre\bin\VCRUNTIME140.dll
0x00007ff9e62f0000 - 0x00007ff9e6491000 	C:\WINDOWS\System32\USER32.dll
0x00007ff9e54e0000 - 0x00007ff9e5502000 	C:\WINDOWS\System32\win32u.dll
0x00007ff9d0290000 - 0x00007ff9d052a000 	C:\WINDOWS\WinSxS\amd64_microsoft.windows.common-controls_6595b64144ccf1df_6.0.19041.1110_none_60b5254171f9507e\COMCTL32.dll
0x00007ff9e5e90000 - 0x00007ff9e5ebb000 	C:\WINDOWS\System32\GDI32.dll
0x00007ff9e75e0000 - 0x00007ff9e767e000 	C:\WINDOWS\System32\msvcrt.dll
0x00007ff9e5b20000 - 0x00007ff9e5c2b000 	C:\WINDOWS\System32\gdi32full.dll
0x00007ff9e5560000 - 0x00007ff9e55fd000 	C:\WINDOWS\System32\msvcp_win.dll
0x00007ff9e74c0000 - 0x00007ff9e74f0000 	C:\WINDOWS\System32\IMM32.DLL
0x00007ff9d96b0000 - 0x00007ff9d96bc000 	C:\Users\phuc3\Downloads\eclipse-java-2021-06-R-win32-x86_64\eclipse\plugins\org.eclipse.justj.openjdk.hotspot.jre.full.win32.x86_64_16.0.1.v20210528-1205\jre\bin\vcruntime140_1.dll
0x00007ff9d1af0000 - 0x00007ff9d1b81000 	C:\Users\phuc3\Downloads\eclipse-java-2021-06-R-win32-x86_64\eclipse\plugins\org.eclipse.justj.openjdk.hotspot.jre.full.win32.x86_64_16.0.1.v20210528-1205\jre\bin\msvcp140.dll
0x00007ff969e10000 - 0x00007ff96a9bb000 	C:\Users\phuc3\Downloads\eclipse-java-2021-06-R-win32-x86_64\eclipse\plugins\org.eclipse.justj.openjdk.hotspot.jre.full.win32.x86_64_16.0.1.v20210528-1205\jre\bin\server\jvm.dll
0x00007ff9e61a0000 - 0x00007ff9e624c000 	C:\WINDOWS\System32\ADVAPI32.dll
0x00007ff9e6250000 - 0x00007ff9e62eb000 	C:\WINDOWS\System32\sechost.dll
0x00007ff9e6ab0000 - 0x00007ff9e6bda000 	C:\WINDOWS\System32\RPCRT4.dll
0x00007ff9e6060000 - 0x00007ff9e6068000 	C:\WINDOWS\System32\PSAPI.DLL
0x00007ff9c8ef0000 - 0x00007ff9c8ef9000 	C:\WINDOWS\SYSTEM32\WSOCK32.dll
0x00007ff9d7ff0000 - 0x00007ff9d8017000 	C:\WINDOWS\SYSTEM32\WINMM.dll
0x00007ff9dc250000 - 0x00007ff9dc25a000 	C:\WINDOWS\SYSTEM32\VERSION.dll
0x00007ff9e7570000 - 0x00007ff9e75db000 	C:\WINDOWS\System32\WS2_32.dll
0x00007ff9e3d00000 - 0x00007ff9e3d12000 	C:\WINDOWS\SYSTEM32\kernel.appcore.dll
0x00007ff9df380000 - 0x00007ff9df38a000 	C:\Users\phuc3\Downloads\eclipse-java-2021-06-R-win32-x86_64\eclipse\plugins\org.eclipse.justj.openjdk.hotspot.jre.full.win32.x86_64_16.0.1.v20210528-1205\jre\bin\jimage.dll
0x00007ff9e39d0000 - 0x00007ff9e3bb4000 	C:\WINDOWS\SYSTEM32\DBGHELP.DLL
0x00007ff9cde40000 - 0x00007ff9cde6c000 	C:\WINDOWS\SYSTEM32\dbgcore.DLL
0x00007ff9e5930000 - 0x00007ff9e59b3000 	C:\WINDOWS\System32\bcryptPrimitives.dll
0x00007ff99c5e0000 - 0x00007ff99c605000 	C:\Users\phuc3\Downloads\eclipse-java-2021-06-R-win32-x86_64\eclipse\plugins\org.eclipse.justj.openjdk.hotspot.jre.full.win32.x86_64_16.0.1.v20210528-1205\jre\bin\java.dll
0x00007ff99bca0000 - 0x00007ff99bcb8000 	C:\Users\phuc3\Downloads\eclipse-java-2021-06-R-win32-x86_64\eclipse\plugins\org.eclipse.justj.openjdk.hotspot.jre.full.win32.x86_64_16.0.1.v20210528-1205\jre\bin\zip.dll
0x00007ff9e6ca0000 - 0x00007ff9e73df000 	C:\WINDOWS\System32\SHELL32.dll
0x00007ff9e3170000 - 0x00007ff9e3900000 	C:\WINDOWS\SYSTEM32\windows.storage.dll
0x00007ff9e6750000 - 0x00007ff9e6aa5000 	C:\WINDOWS\System32\combase.dll
0x00007ff9e4e80000 - 0x00007ff9e4eac000 	C:\WINDOWS\SYSTEM32\Wldp.dll
0x00007ff9e5ec0000 - 0x00007ff9e5f6e000 	C:\WINDOWS\System32\SHCORE.dll
0x00007ff9e66f0000 - 0x00007ff9e6745000 	C:\WINDOWS\System32\shlwapi.dll
0x00007ff9e5370000 - 0x00007ff9e538f000 	C:\WINDOWS\SYSTEM32\profapi.dll
0x00007ff978000000 - 0x00007ff97817f000 	C:\Users\phuc3\Downloads\eclipse-java-2021-06-R-win32-x86_64\eclipse\plugins\org.eclipse.justj.openjdk.hotspot.jre.full.win32.x86_64_16.0.1.v20210528-1205\jre\bin\awt.dll
0x00007ff9e5f70000 - 0x00007ff9e603d000 	C:\WINDOWS\System32\OLEAUT32.dll
0x00007ff9e25c0000 - 0x00007ff9e2650000 	C:\WINDOWS\SYSTEM32\apphelp.dll
0x00007ff9e2ad0000 - 0x00007ff9e2b6e000 	C:\WINDOWS\system32\uxtheme.dll
0x00007ff9e7bb0000 - 0x00007ff9e7cc5000 	C:\WINDOWS\System32\MSCTF.dll
0x00007ff98c160000 - 0x00007ff98c259000 	C:\Program Files\NahimicAPI\NahimicAPIDevProps2.dll
0x00007ff9e6070000 - 0x00007ff9e619a000 	C:\WINDOWS\System32\ole32.dll
0x00007ff9e2db0000 - 0x00007ff9e2ddf000 	C:\WINDOWS\system32\DWMAPI.DLL
0x00007ff9bd460000 - 0x00007ff9bd585000 	C:\WINDOWS\system32\opengl32.dll
0x00007ff9d5d10000 - 0x00007ff9d5d3c000 	C:\WINDOWS\SYSTEM32\GLU32.dll
0x00007ff9d6fb0000 - 0x00007ff9d717e000 	C:\WINDOWS\system32\d3d9.dll
0x00007ff9e0820000 - 0x00007ff9e0922000 	C:\WINDOWS\System32\DriverStore\FileRepository\nvacui.inf_amd64_d822c5c0b7f7c6a9\nvldumdx.dll
0x00007ff9e5010000 - 0x00007ff9e5022000 	C:\WINDOWS\SYSTEM32\msasn1.dll
0x00007ff9dbd40000 - 0x00007ff9dbd71000 	C:\WINDOWS\SYSTEM32\cryptnet.dll
0x00007ff9e59c0000 - 0x00007ff9e5b16000 	C:\WINDOWS\System32\CRYPT32.dll
0x00007ff9e4df0000 - 0x00007ff9e4dfc000 	C:\WINDOWS\SYSTEM32\cryptbase.dll
0x000002222b150000 - 0x000002222b1b0000 	C:\WINDOWS\System32\WINTRUST.DLL
0x00007ff9e6040000 - 0x00007ff9e605d000 	C:\WINDOWS\System32\imagehlp.dll
0x00007ff9e4dd0000 - 0x00007ff9e4de8000 	C:\WINDOWS\SYSTEM32\CRYPTSP.dll
0x00007ff9e44f0000 - 0x00007ff9e4524000 	C:\WINDOWS\system32\rsaenh.dll
0x00007ff9e5c30000 - 0x00007ff9e5c57000 	C:\WINDOWS\System32\bcrypt.dll
0x00007ff972040000 - 0x00007ff973a5c000 	C:\WINDOWS\System32\DriverStore\FileRepository\nvacui.inf_amd64_d822c5c0b7f7c6a9\nvd3dumx.dll
0x00007ff99bfb0000 - 0x00007ff99c269000 	C:\WINDOWS\system32\nvspcap64.dll
0x00007ff9e4120000 - 0x00007ff9e4153000 	C:\WINDOWS\SYSTEM32\ntmarta.dll
0x00007ff9e3cb0000 - 0x00007ff9e3cd3000 	C:\WINDOWS\SYSTEM32\gpapi.dll
0x00007ff9df770000 - 0x00007ff9df7ab000 	C:\WINDOWS\SYSTEM32\dxcore.dll
0x00007ff9e5510000 - 0x00007ff9e555e000 	C:\WINDOWS\System32\cfgmgr32.dll
0x00007ff99afe0000 - 0x00007ff99b069000 	C:\Users\phuc3\Downloads\eclipse-java-2021-06-R-win32-x86_64\eclipse\plugins\org.eclipse.justj.openjdk.hotspot.jre.full.win32.x86_64_16.0.1.v20210528-1205\jre\bin\freetype.dll
0x00007ff99ab70000 - 0x00007ff99ac66000 	C:\Users\phuc3\Downloads\eclipse-java-2021-06-R-win32-x86_64\eclipse\plugins\org.eclipse.justj.openjdk.hotspot.jre.full.win32.x86_64_16.0.1.v20210528-1205\jre\bin\harfbuzz.dll
0x00007ff9d74a0000 - 0x00007ff9d74b2000 	C:\Users\phuc3\Downloads\eclipse-java-2021-06-R-win32-x86_64\eclipse\plugins\org.eclipse.justj.openjdk.hotspot.jre.full.win32.x86_64_16.0.1.v20210528-1205\jre\bin\fontmanager.dll
0x00007ff9d7980000 - 0x00007ff9d7a79000 	C:\WINDOWS\SYSTEM32\textinputframework.dll
0x00007ff9e1ea0000 - 0x00007ff9e21fe000 	C:\WINDOWS\System32\CoreUIComponents.dll
0x00007ff9e22b0000 - 0x00007ff9e23a2000 	C:\WINDOWS\System32\CoreMessaging.dll
0x00007ff9e17d0000 - 0x00007ff9e1924000 	C:\WINDOWS\SYSTEM32\wintypes.dll
0x00007ff99bc00000 - 0x00007ff99bc19000 	C:\Users\phuc3\Downloads\eclipse-java-2021-06-R-win32-x86_64\eclipse\plugins\org.eclipse.justj.openjdk.hotspot.jre.full.win32.x86_64_16.0.1.v20210528-1205\jre\bin\net.dll
0x00007ff9dbde0000 - 0x00007ff9dbee8000 	C:\WINDOWS\SYSTEM32\WINHTTP.dll
0x00007ff9e4be0000 - 0x00007ff9e4c4a000 	C:\WINDOWS\system32\mswsock.dll
0x00007ff99bbe0000 - 0x00007ff99bbf3000 	C:\Users\phuc3\Downloads\eclipse-java-2021-06-R-win32-x86_64\eclipse\plugins\org.eclipse.justj.openjdk.hotspot.jre.full.win32.x86_64_16.0.1.v20210528-1205\jre\bin\nio.dll
0x00007ff9d1b90000 - 0x00007ff9d1c3c000 	C:\WINDOWS\SYSTEM32\TextShaping.dll

dbghelp: loaded successfully - version: 4.0.5 - missing functions: none
symbol engine: initialized successfully - sym options: 0x614 - pdb path: .;C:\Users\phuc3\Downloads\eclipse-java-2021-06-R-win32-x86_64\eclipse\plugins\org.eclipse.justj.openjdk.hotspot.jre.full.win32.x86_64_16.0.1.v20210528-1205\jre\bin;C:\WINDOWS\SYSTEM32;C:\WINDOWS\WinSxS\amd64_microsoft.windows.common-controls_6595b64144ccf1df_6.0.19041.1110_none_60b5254171f9507e;C:\Users\phuc3\Downloads\eclipse-java-2021-06-R-win32-x86_64\eclipse\plugins\org.eclipse.justj.openjdk.hotspot.jre.full.win32.x86_64_16.0.1.v20210528-1205\jre\bin\server;C:\Program Files\NahimicAPI;C:\WINDOWS\System32\DriverStore\FileRepository\nvacui.inf_amd64_d822c5c0b7f7c6a9

VM Arguments:
jvm_args: -Dfile.encoding=Cp1252 -XX:+ShowCodeDetailsInExceptionMessages 
java_command: SOSpackage.Game
java_class_path (initial): C:\Users\phuc3\eclipse-workspace\SPRIN\bin
Launcher Type: SUN_STANDARD

[Global flags]
     intx CICompilerCount                          = 4                                         {product} {ergonomic}
     uint ConcGCThreads                            = 3                                         {product} {ergonomic}
     uint G1ConcRefinementThreads                  = 10                                        {product} {ergonomic}
   size_t G1HeapRegionSize                         = 2097152                                   {product} {ergonomic}
    uintx GCDrainStackTargetSize                   = 64                                        {product} {ergonomic}
   size_t InitialHeapSize                          = 266338304                                 {product} {ergonomic}
   size_t MarkStackSize                            = 4194304                                   {product} {ergonomic}
   size_t MaxHeapSize                              = 4257218560                                {product} {ergonomic}
   size_t MaxNewSize                               = 2554331136                                {product} {ergonomic}
   size_t MinHeapDeltaBytes                        = 2097152                                   {product} {ergonomic}
   size_t MinHeapSize                              = 8388608                                   {product} {ergonomic}
    uintx NonNMethodCodeHeapSize                   = 5839372                                {pd product} {ergonomic}
    uintx NonProfiledCodeHeapSize                  = 122909434                              {pd product} {ergonomic}
    uintx ProfiledCodeHeapSize                     = 122909434                              {pd product} {ergonomic}
    uintx ReservedCodeCacheSize                    = 251658240                              {pd product} {ergonomic}
     bool SegmentedCodeCache                       = true                                      {product} {ergonomic}
     bool ShowCodeDetailsInExceptionMessages       = true                                   {manageable} {command line}
   size_t SoftMaxHeapSize                          = 4257218560                             {manageable} {ergonomic}
     bool UseCompressedClassPointers               = true                           {product lp64_product} {ergonomic}
     bool UseCompressedOops                        = true                           {product lp64_product} {ergonomic}
     bool UseG1GC                                  = true                                      {product} {ergonomic}
     bool UseLargePagesIndividualAllocation        = false                                  {pd product} {ergonomic}

Logging:
Log output configuration:
 #0: stdout all=warning uptime,level,tags
 #1: stderr all=off uptime,level,tags

Environment Variables:
PATH=C:/Users/phuc3/Downloads/eclipse-java-2021-06-R-win32-x86_64/eclipse//plugins/org.eclipse.justj.openjdk.hotspot.jre.full.win32.x86_64_16.0.1.v20210528-1205/jre/bin/server;C:/Users/phuc3/Downloads/eclipse-java-2021-06-R-win32-x86_64/eclipse//plugins/org.eclipse.justj.openjdk.hotspot.jre.full.win32.x86_64_16.0.1.v20210528-1205/jre/bin;C:\Program Files\Common Files\Oracle\Java\javapath;C:\Program Files (x86)\Common Files\Oracle\Java\javapath;C:\Program Files\NVIDIA GPU Computing Toolkit\CUDA\v11.1\bin;C:\Program Files\NVIDIA GPU Computing Toolkit\CUDA\v11.1\libnvvp;C:\Program Files (x86)\Razer Chroma SDK\bin;C:\Program Files\Razer Chroma SDK\bin;C:\Program Files (x86)\Razer\ChromaBroadcast\bin;C:\Program Files\Razer\ChromaBroadcast\bin;C:\Windows\system32;C:\Windows;C:\Windows\System32\Wbem;C:\Windows\System32\WindowsPowerShell\v1.0\;C:\Windows\System32\OpenSSH\;C:\Program Files\NVIDIA Corporation\NVIDIA NGX;C:\Program Files\NVIDIA Corporation\NVIDIA NvDLISR;C:\WINDOWS\system32;C:\WINDOWS;C:\WINDOWS\System32\Wbem;C:\WINDOWS\System32\WindowsPowerShell\v1.0\;C:\WINDOWS\System32\OpenSSH\;C:\Program Files\Git\cmd;C:\WINDOWS\system32\config\systemprofile\AppData\Local\Microsoft\WindowsApps;C:\Program Files\NVIDIA Corporation\Nsight Compute 2020.2.1\;C:\Program Files (x86)\NVIDIA Corporation\PhysX\Common;C:\WINDOWS\system32;C:\WINDOWS;C:\WINDOWS\System32\Wbem;C:\WINDOWS\System32\WindowsPowerShell\v1.0\;C:\WINDOWS\System32\OpenSSH\;C:\Program Files\dotnet\;C:\MinGW\bin;C:\MinGW\bin;C:\Users\phuc3\Downloads\eclipse-java-2021-06-R-win32-x86_64\eclipse;
USERNAME=phuc3
OS=Windows_NT
PROCESSOR_IDENTIFIER=Intel64 Family 6 Model 158 Stepping 10, GenuineIntel



---------------  S Y S T E M  ---------------

OS:
 Windows 10 , 64 bit Build 19041 (10.0.19041.1202)
OS uptime: 2 days 17:15 hours

CPU: total 12 (initial active 12) (6 cores per cpu, 2 threads per core) family 6 model 158 stepping 10 microcode 0xb4, cx8, cmov, fxsr, ht, mmx, 3dnowpref, sse, sse2, sse3, ssse3, sse4.1, sse4.2, popcnt, lzcnt, tsc, tscinvbit, avx, avx2, aes, erms, clmul, bmi1, bmi2, adx, fma, vzeroupper, clflush, clflushopt

Memory: 4k page, system-wide physical 16234M (644M free)
TotalPageFile size 65386M (AvailPageFile size 4M)
current process WorkingSet (physical memory assigned to process): 82M, peak: 133M
current process commit charge ("private bytes"): 486M, peak: 502M

vm_info: OpenJDK 64-Bit Server VM (16.0.1+9-24) for windows-amd64 JRE (16.0.1+9-24), built on Mar 26 2021 19:30:07 by "mach5one" with MS VC++ 16.7 (VS2019)

END.
