#
# There is insufficient memory for the Java Runtime Environment to continue.
# Native memory allocation (mmap) failed to map 65536 bytes for Failed to commit metaspace.
# Possible reasons:
#   The system is out of physical RAM or swap space
#   The process is running with CompressedOops enabled, and the Java Heap may be blocking the growth of the native heap
# Possible solutions:
#   Reduce memory load on the system
#   Increase physical memory or swap space
#   Check if swap backing store is full
#   Decrease Java heap size (-Xmx/-Xms)
#   Decrease number of Java threads
#   Decrease Java thread stack sizes (-Xss)
#   Set larger code cache with -XX:ReservedCodeCacheSize=
#   JVM is running with Zero Based Compressed Oops mode in which the Java heap is
#     placed in the first 32GB address space. The Java Heap base address is the
#     maximum limit for the native heap growth. Please use -XX:HeapBaseMinAddress
#     to set the Java Heap base and to place the Java Heap above 32GB virtual address.
# This output file may be truncated or incomplete.
#
#  Out of Memory Error (virtualSpaceNode.cpp:108), pid=64548, tid=63380
#
# JRE version: OpenJDK Runtime Environment (16.0.1+9) (build 16.0.1+9-24)
# Java VM: OpenJDK 64-Bit Server VM (16.0.1+9-24, mixed mode, tiered, compressed oops, compressed class ptrs, g1 gc, windows-amd64)
# No core dump will be written. Minidumps are not enabled by default on client versions of Windows
#

---------------  S U M M A R Y ------------

Command Line: -Dfile.encoding=Cp1252 -XX:+ShowCodeDetailsInExceptionMessages SOSpackage.Game

Host: Intel(R) Core(TM) i7-9750H CPU @ 2.60GHz, 12 cores, 15G,  Windows 10 , 64 bit Build 19041 (10.0.19041.1202)
Time: Sun Sep 26 15:10:01 2021 Central Daylight Time elapsed time: 3.472912 seconds (0d 0h 0m 3s)

---------------  T H R E A D  ---------------

Current thread (0x0000026561cc7230):  JavaThread "AWT-EventQueue-0" [_thread_in_vm, id=63380, stack(0x0000008e67000000,0x0000008e67100000)]

Stack: [0x0000008e67000000,0x0000008e67100000]
Native frames: (J=compiled Java code, j=interpreted, Vv=VM code, C=native code)
V  [jvm.dll+0x6687ca]
V  [jvm.dll+0x7ca3c9]
V  [jvm.dll+0x7cbb53]
V  [jvm.dll+0x7cc1b3]
V  [jvm.dll+0x242ea5]
V  [jvm.dll+0x7c6a4b]
V  [jvm.dll+0x60e436]
V  [jvm.dll+0x60e49a]
V  [jvm.dll+0x610aca]
V  [jvm.dll+0x60ed31]
V  [jvm.dll+0x2372ef]
V  [jvm.dll+0x6193b5]
V  [jvm.dll+0x1e9a52]
V  [jvm.dll+0x1e9f85]
V  [jvm.dll+0x1eab0f]
V  [jvm.dll+0x1df8a1]
V  [jvm.dll+0x536728]
V  [jvm.dll+0x1f0fa2]
V  [jvm.dll+0x741e03]
V  [jvm.dll+0x7436a8]
V  [jvm.dll+0x7439d3]
V  [jvm.dll+0x23ad74]
V  [jvm.dll+0x375b71]
C  0x000002654553c3cd

Java frames: (J=compiled Java code, j=interpreted, Vv=VM code)
j  sun.java2d.marlin.DRendererContext.<init>(Ljava/lang/String;)V+45 java.desktop@16.0.1
j  sun.java2d.marlin.DRendererContext.createContext()Lsun/java2d/marlin/DRendererContext;+18 java.desktop@16.0.1
j  sun.java2d.marlin.DMarlinRenderingEngine$1.newContext()Lsun/java2d/marlin/DRendererContext;+0 java.desktop@16.0.1
j  sun.java2d.marlin.DMarlinRenderingEngine$1.newContext()Lsun/java2d/ReentrantContext;+1 java.desktop@16.0.1
j  sun.java2d.ReentrantContextProviderTL.acquire()Lsun/java2d/ReentrantContext;+30 java.desktop@16.0.1
j  sun.java2d.marlin.DMarlinRenderingEngine.getRendererContext()Lsun/java2d/marlin/DRendererContext;+3 java.desktop@16.0.1
j  sun.java2d.marlin.DMarlinRenderingEngine.getAATileGenerator(Ljava/awt/Shape;Ljava/awt/geom/AffineTransform;Lsun/java2d/pipe/Region;Ljava/awt/BasicStroke;ZZ[I)Lsun/java2d/pipe/AATileGenerator;+6 java.desktop@16.0.1
j  sun.java2d.pipe.AAShapePipe.renderPath(Lsun/java2d/SunGraphics2D;Ljava/awt/Shape;Ljava/awt/BasicStroke;)V+71 java.desktop@16.0.1
j  sun.java2d.pipe.AAShapePipe.draw(Lsun/java2d/SunGraphics2D;Ljava/awt/Shape;)V+38 java.desktop@16.0.1
j  sun.java2d.pipe.PixelToShapeConverter.drawOval(Lsun/java2d/SunGraphics2D;IIII)V+22 java.desktop@16.0.1
j  sun.java2d.SunGraphics2D.drawOval(IIII)V+10 java.desktop@16.0.1
j  javax.swing.plaf.metal.MetalIconFactory$RadioButtonIcon.paintOceanIcon(Ljava/awt/Component;Ljava/awt/Graphics;II)V+222 java.desktop@16.0.1
j  javax.swing.plaf.metal.MetalIconFactory$RadioButtonIcon.paintIcon(Ljava/awt/Component;Ljava/awt/Graphics;II)V+18 java.desktop@16.0.1
j  javax.swing.plaf.metal.MetalRadioButtonUI.paint(Ljava/awt/Graphics;Ljavax/swing/JComponent;)V+465 java.desktop@16.0.1
j  javax.swing.plaf.ComponentUI.update(Ljava/awt/Graphics;Ljavax/swing/JComponent;)V+32 java.desktop@16.0.1
j  javax.swing.JComponent.paintComponent(Ljava/awt/Graphics;)V+26 java.desktop@16.0.1
j  javax.swing.JComponent.paint(Ljava/awt/Graphics;)V+286 java.desktop@16.0.1
j  javax.swing.JComponent.paintChildren(Ljava/awt/Graphics;)V+523 java.desktop@16.0.1
j  javax.swing.JComponent.paint(Ljava/awt/Graphics;)V+318 java.desktop@16.0.1
j  javax.swing.JComponent.paintChildren(Ljava/awt/Graphics;)V+523 java.desktop@16.0.1
j  javax.swing.JComponent.paint(Ljava/awt/Graphics;)V+318 java.desktop@16.0.1
j  javax.swing.JComponent.paintChildren(Ljava/awt/Graphics;)V+523 java.desktop@16.0.1
j  javax.swing.JComponent.paint(Ljava/awt/Graphics;)V+318 java.desktop@16.0.1
j  javax.swing.JLayeredPane.paint(Ljava/awt/Graphics;)V+73 java.desktop@16.0.1
j  javax.swing.JComponent.paintChildren(Ljava/awt/Graphics;)V+523 java.desktop@16.0.1
j  javax.swing.JComponent.paint(Ljava/awt/Graphics;)V+318 java.desktop@16.0.1
j  javax.swing.JComponent.paintToOffscreen(Ljava/awt/Graphics;IIIIII)V+41 java.desktop@16.0.1
j  javax.swing.RepaintManager$PaintManager.paintDoubleBufferedFPScales(Ljavax/swing/JComponent;Ljava/awt/Image;Ljava/awt/Graphics;IIII)V+320 java.desktop@16.0.1
j  javax.swing.RepaintManager$PaintManager.paintDoubleBuffered(Ljavax/swing/JComponent;Ljava/awt/Image;Ljava/awt/Graphics;IIII)V+28 java.desktop@16.0.1
j  javax.swing.RepaintManager$PaintManager.paint(Ljavax/swing/JComponent;Ljavax/swing/JComponent;Ljava/awt/Graphics;IIII)Z+128 java.desktop@16.0.1
j  javax.swing.RepaintManager.paint(Ljavax/swing/JComponent;Ljavax/swing/JComponent;Ljava/awt/Graphics;IIII)V+52 java.desktop@16.0.1
j  javax.swing.JComponent._paintImmediately(IIII)V+683 java.desktop@16.0.1
j  javax.swing.JComponent.paintImmediately(IIII)V+138 java.desktop@16.0.1
j  javax.swing.RepaintManager$4.run()Ljava/lang/Void;+81 java.desktop@16.0.1
j  javax.swing.RepaintManager$4.run()Ljava/lang/Object;+1 java.desktop@16.0.1
J 650 c1 java.security.AccessController.executePrivileged(Ljava/security/PrivilegedAction;Ljava/security/AccessControlContext;Ljava/lang/Class;)Ljava/lang/Object; java.base@16.0.1 (65 bytes) @ 0x0000026545bad73c [0x0000026545bad5e0+0x000000000000015c]
j  java.security.AccessController.doPrivileged(Ljava/security/PrivilegedAction;Ljava/security/AccessControlContext;)Ljava/lang/Object;+13 java.base@16.0.1
j  java.security.ProtectionDomain$JavaSecurityAccessImpl.doIntersectionPrivilege(Ljava/security/PrivilegedAction;Ljava/security/AccessControlContext;Ljava/security/AccessControlContext;)Ljava/lang/Object;+18 java.base@16.0.1
j  javax.swing.RepaintManager.paintDirtyRegions(Ljava/util/Map;)V+154 java.desktop@16.0.1
j  javax.swing.RepaintManager.paintDirtyRegions()V+46 java.desktop@16.0.1
j  javax.swing.RepaintManager.prePaintDirtyRegions()V+73 java.desktop@16.0.1
j  javax.swing.RepaintManager$ProcessingRunnable.run()V+37 java.desktop@16.0.1
j  java.awt.event.InvocationEvent.dispatch()V+47 java.desktop@16.0.1
j  java.awt.EventQueue.dispatchEventImpl(Ljava/awt/AWTEvent;Ljava/lang/Object;)V+21 java.desktop@16.0.1
j  java.awt.EventQueue$4.run()Ljava/lang/Void;+32 java.desktop@16.0.1
j  java.awt.EventQueue$4.run()Ljava/lang/Object;+1 java.desktop@16.0.1
J 650 c1 java.security.AccessController.executePrivileged(Ljava/security/PrivilegedAction;Ljava/security/AccessControlContext;Ljava/lang/Class;)Ljava/lang/Object; java.base@16.0.1 (65 bytes) @ 0x0000026545bad73c [0x0000026545bad5e0+0x000000000000015c]
j  java.security.AccessController.doPrivileged(Ljava/security/PrivilegedAction;Ljava/security/AccessControlContext;)Ljava/lang/Object;+13 java.base@16.0.1
j  java.security.ProtectionDomain$JavaSecurityAccessImpl.doIntersectionPrivilege(Ljava/security/PrivilegedAction;Ljava/security/AccessControlContext;Ljava/security/AccessControlContext;)Ljava/lang/Object;+18 java.base@16.0.1
j  java.awt.EventQueue.dispatchEvent(Ljava/awt/AWTEvent;)V+46 java.desktop@16.0.1
j  java.awt.EventDispatchThread.pumpOneEventForFilters(I)V+78 java.desktop@16.0.1
j  java.awt.EventDispatchThread.pumpEventsForFilter(ILjava/awt/Conditional;Ljava/awt/EventFilter;)V+35 java.desktop@16.0.1
j  java.awt.EventDispatchThread.pumpEventsForHierarchy(ILjava/awt/Conditional;Ljava/awt/Component;)V+11 java.desktop@16.0.1
j  java.awt.EventDispatchThread.pumpEvents(ILjava/awt/Conditional;)V+4 java.desktop@16.0.1
j  java.awt.EventDispatchThread.pumpEvents(Ljava/awt/Conditional;)V+3 java.desktop@16.0.1
j  java.awt.EventDispatchThread.run()V+9 java.desktop@16.0.1
v  ~StubRoutines::call_stub

---------------  P R O C E S S  ---------------

Threads class SMR info:
_java_thread_list=0x000002656221f640, length=17, elements={
0x0000026561837250, 0x00000265618385f0, 0x000002656185c3d0, 0x000002656185e780,
0x0000026561861290, 0x0000026561862bd0, 0x000002656186d600, 0x000002656186ef00,
0x000002656186fd30, 0x00000265619ea680, 0x0000026561a00ec0, 0x0000026561cb08a0,
0x0000026561cb0dc0, 0x0000026561cb33a0, 0x0000026561cc7230, 0x0000026541faa780,
0x0000026562299120
}

Java Threads: ( => current thread )
  0x0000026561837250 JavaThread "Reference Handler" daemon [_thread_blocked, id=57856, stack(0x0000008e66100000,0x0000008e66200000)]
  0x00000265618385f0 JavaThread "Finalizer" daemon [_thread_blocked, id=62292, stack(0x0000008e66200000,0x0000008e66300000)]
  0x000002656185c3d0 JavaThread "Signal Dispatcher" daemon [_thread_blocked, id=63480, stack(0x0000008e66300000,0x0000008e66400000)]
  0x000002656185e780 JavaThread "Attach Listener" daemon [_thread_blocked, id=51356, stack(0x0000008e66400000,0x0000008e66500000)]
  0x0000026561861290 JavaThread "Service Thread" daemon [_thread_blocked, id=64568, stack(0x0000008e66500000,0x0000008e66600000)]
  0x0000026561862bd0 JavaThread "Monitor Deflation Thread" daemon [_thread_blocked, id=57896, stack(0x0000008e66600000,0x0000008e66700000)]
  0x000002656186d600 JavaThread "C2 CompilerThread0" daemon [_thread_blocked, id=65280, stack(0x0000008e66700000,0x0000008e66800000)]
  0x000002656186ef00 JavaThread "C1 CompilerThread0" daemon [_thread_in_vm, id=62632, stack(0x0000008e66800000,0x0000008e66900000)]
  0x000002656186fd30 JavaThread "Sweeper thread" daemon [_thread_blocked, id=64912, stack(0x0000008e66900000,0x0000008e66a00000)]
  0x00000265619ea680 JavaThread "Notification Thread" daemon [_thread_blocked, id=65816, stack(0x0000008e66a00000,0x0000008e66b00000)]
  0x0000026561a00ec0 JavaThread "Common-Cleaner" daemon [_thread_blocked, id=68244, stack(0x0000008e66c00000,0x0000008e66d00000)]
  0x0000026561cb08a0 JavaThread "Java2D Disposer" daemon [_thread_blocked, id=41684, stack(0x0000008e66d00000,0x0000008e66e00000)]
  0x0000026561cb0dc0 JavaThread "AWT-Shutdown" [_thread_blocked, id=68292, stack(0x0000008e66e00000,0x0000008e66f00000)]
  0x0000026561cb33a0 JavaThread "AWT-Windows" daemon [_thread_in_native, id=66224, stack(0x0000008e66f00000,0x0000008e67000000)]
=>0x0000026561cc7230 JavaThread "AWT-EventQueue-0" [_thread_in_vm, id=63380, stack(0x0000008e67000000,0x0000008e67100000)]
  0x0000026541faa780 JavaThread "DestroyJavaVM" [_thread_blocked, id=63960, stack(0x0000008e65a00000,0x0000008e65b00000)]
  0x0000026562299120 JavaThread "D3D Screen Updater" daemon [_thread_blocked, id=45108, stack(0x0000008e67460000,0x0000008e67560000)]

Other Threads:
  0x0000026561818e00 VMThread "VM Thread" [stack: 0x0000008e66000000,0x0000008e66100000] [id=61816]
  0x00000265619eaba0 WatcherThread [stack: 0x0000008e66b00000,0x0000008e66c00000] [id=68456]
  0x0000026541ffb490 GCTaskThread "GC Thread#0" [stack: 0x0000008e65b00000,0x0000008e65c00000] [id=60436]
  0x000002654200d3a0 ConcurrentGCThread "G1 Main Marker" [stack: 0x0000008e65c00000,0x0000008e65d00000] [id=56188]
  0x000002654200f640 ConcurrentGCThread "G1 Conc#0" [stack: 0x0000008e65d00000,0x0000008e65e00000] [id=56056]
  0x000002654208e910 ConcurrentGCThread "G1 Refine#0" [stack: 0x0000008e65e00000,0x0000008e65f00000] [id=64304]
  0x0000026560c22a10 ConcurrentGCThread "G1 Service" [stack: 0x0000008e65f00000,0x0000008e66000000] [id=63512]

Threads with active compile tasks:
C1 CompilerThread0     3506  910       3       sun.awt.AWTAutoShutdown::notifyToolkitThreadBusy (8 bytes)

VM state: not at safepoint (normal execution)

VM Mutex/Monitor currently owned by a thread:  ([mutex/lock_event])
[0x0000026541fa5ab0] MetaspaceExpand_lock - owner thread: 0x0000026561cc7230
[0x0000026541fa67f0] MethodData_lock - owner thread: 0x000002656186ef00

Heap address: 0x0000000702400000, size: 4060 MB, Compressed Oops mode: Zero based, Oop shift amount: 3

CDS disabled.
Compressed class space mapped at: 0x0000000800000000-0x0000000840000000, reserved size: 1073741824
Narrow klass base: 0x0000000800000000, Narrow klass shift: 0, Narrow klass range: 0x40000000

GC Precious Log:
 CPUs: 12 total, 12 available
 Memory: 16234M
 Large Page Support: Disabled
 NUMA Support: Disabled
 Compressed Oops: Enabled (Zero based)
 Heap Region Size: 2M
 Heap Min Capacity: 8M
 Heap Initial Capacity: 254M
 Heap Max Capacity: 4060M
 Pre-touch: Disabled
 Parallel Workers: 10
 Concurrent Workers: 3
 Concurrent Refinement Workers: 10
 Periodic GC: Disabled

Heap:
 garbage-first heap   total 260096K, used 40960K [0x0000000702400000, 0x0000000800000000)
  region size 2048K, 5 young (10240K), 0 survivors (0K)
 Metaspace       used 13269K, committed 13440K, reserved 1064960K
  class space    used 1318K, committed 1408K, reserved 1048576K

Heap Regions: E=young(eden), S=young(survivor), O=old, HS=humongous(starts), HC=humongous(continues), CS=collection set, F=free, OA=open archive, CA=closed archive, TAMS=top-at-mark-start (previous, next)
|   0|0x0000000702400000, 0x0000000702600000, 0x0000000702600000|100%|HS|  |TAMS 0x0000000702400000, 0x0000000702400000| Complete 
|   1|0x0000000702600000, 0x0000000702800000, 0x0000000702800000|100%|HC|  |TAMS 0x0000000702600000, 0x0000000702600000| Complete 
|   2|0x0000000702800000, 0x0000000702a00000, 0x0000000702a00000|100%|HC|  |TAMS 0x0000000702800000, 0x0000000702800000| Complete 
|   3|0x0000000702a00000, 0x0000000702c00000, 0x0000000702c00000|100%|HC|  |TAMS 0x0000000702a00000, 0x0000000702a00000| Complete 
|   4|0x0000000702c00000, 0x0000000702e00000, 0x0000000702e00000|100%|HC|  |TAMS 0x0000000702c00000, 0x0000000702c00000| Complete 
|   5|0x0000000702e00000, 0x0000000703000000, 0x0000000703000000|100%|HC|  |TAMS 0x0000000702e00000, 0x0000000702e00000| Complete 
|   6|0x0000000703000000, 0x0000000703200000, 0x0000000703200000|100%|HC|  |TAMS 0x0000000703000000, 0x0000000703000000| Complete 
|   7|0x0000000703200000, 0x0000000703400000, 0x0000000703400000|100%|HC|  |TAMS 0x0000000703200000, 0x0000000703200000| Complete 
|   8|0x0000000703400000, 0x0000000703600000, 0x0000000703600000|100%|HC|  |TAMS 0x0000000703400000, 0x0000000703400000| Complete 
|   9|0x0000000703600000, 0x0000000703800000, 0x0000000703800000|100%|HC|  |TAMS 0x0000000703600000, 0x0000000703600000| Complete 
|  10|0x0000000703800000, 0x0000000703a00000, 0x0000000703a00000|100%|HC|  |TAMS 0x0000000703800000, 0x0000000703800000| Complete 
|  11|0x0000000703a00000, 0x0000000703c00000, 0x0000000703c00000|100%|HC|  |TAMS 0x0000000703a00000, 0x0000000703a00000| Complete 
|  12|0x0000000703c00000, 0x0000000703e00000, 0x0000000703e00000|100%|HC|  |TAMS 0x0000000703c00000, 0x0000000703c00000| Complete 
|  13|0x0000000703e00000, 0x0000000704000000, 0x0000000704000000|100%|HC|  |TAMS 0x0000000703e00000, 0x0000000703e00000| Complete 
|  14|0x0000000704000000, 0x0000000704200000, 0x0000000704200000|100%|HC|  |TAMS 0x0000000704000000, 0x0000000704000000| Complete 
|  15|0x0000000704200000, 0x0000000704400000, 0x0000000704400000|100%|HC|  |TAMS 0x0000000704200000, 0x0000000704200000| Complete 
|  16|0x0000000704400000, 0x0000000704400000, 0x0000000704600000|  0%| F|  |TAMS 0x0000000704400000, 0x0000000704400000| Untracked 
|  17|0x0000000704600000, 0x0000000704600000, 0x0000000704800000|  0%| F|  |TAMS 0x0000000704600000, 0x0000000704600000| Untracked 
|  18|0x0000000704800000, 0x0000000704800000, 0x0000000704a00000|  0%| F|  |TAMS 0x0000000704800000, 0x0000000704800000| Untracked 
|  19|0x0000000704a00000, 0x0000000704a00000, 0x0000000704c00000|  0%| F|  |TAMS 0x0000000704a00000, 0x0000000704a00000| Untracked 
|  20|0x0000000704c00000, 0x0000000704c00000, 0x0000000704e00000|  0%| F|  |TAMS 0x0000000704c00000, 0x0000000704c00000| Untracked 
|  21|0x0000000704e00000, 0x0000000704e00000, 0x0000000705000000|  0%| F|  |TAMS 0x0000000704e00000, 0x0000000704e00000| Untracked 
|  22|0x0000000705000000, 0x0000000705000000, 0x0000000705200000|  0%| F|  |TAMS 0x0000000705000000, 0x0000000705000000| Untracked 
|  23|0x0000000705200000, 0x0000000705200000, 0x0000000705400000|  0%| F|  |TAMS 0x0000000705200000, 0x0000000705200000| Untracked 
|  24|0x0000000705400000, 0x0000000705400000, 0x0000000705600000|  0%| F|  |TAMS 0x0000000705400000, 0x0000000705400000| Untracked 
|  25|0x0000000705600000, 0x0000000705600000, 0x0000000705800000|  0%| F|  |TAMS 0x0000000705600000, 0x0000000705600000| Untracked 
|  26|0x0000000705800000, 0x0000000705800000, 0x0000000705a00000|  0%| F|  |TAMS 0x0000000705800000, 0x0000000705800000| Untracked 
|  27|0x0000000705a00000, 0x0000000705a00000, 0x0000000705c00000|  0%| F|  |TAMS 0x0000000705a00000, 0x0000000705a00000| Untracked 
|  28|0x0000000705c00000, 0x0000000705c00000, 0x0000000705e00000|  0%| F|  |TAMS 0x0000000705c00000, 0x0000000705c00000| Untracked 
|  29|0x0000000705e00000, 0x0000000705e00000, 0x0000000706000000|  0%| F|  |TAMS 0x0000000705e00000, 0x0000000705e00000| Untracked 
|  30|0x0000000706000000, 0x0000000706000000, 0x0000000706200000|  0%| F|  |TAMS 0x0000000706000000, 0x0000000706000000| Untracked 
|  31|0x0000000706200000, 0x0000000706200000, 0x0000000706400000|  0%| F|  |TAMS 0x0000000706200000, 0x0000000706200000| Untracked 
|  32|0x0000000706400000, 0x0000000706400000, 0x0000000706600000|  0%| F|  |TAMS 0x0000000706400000, 0x0000000706400000| Untracked 
|  33|0x0000000706600000, 0x0000000706600000, 0x0000000706800000|  0%| F|  |TAMS 0x0000000706600000, 0x0000000706600000| Untracked 
|  34|0x0000000706800000, 0x0000000706800000, 0x0000000706a00000|  0%| F|  |TAMS 0x0000000706800000, 0x0000000706800000| Untracked 
|  35|0x0000000706a00000, 0x0000000706a00000, 0x0000000706c00000|  0%| F|  |TAMS 0x0000000706a00000, 0x0000000706a00000| Untracked 
|  36|0x0000000706c00000, 0x0000000706c00000, 0x0000000706e00000|  0%| F|  |TAMS 0x0000000706c00000, 0x0000000706c00000| Untracked 
|  37|0x0000000706e00000, 0x0000000706e00000, 0x0000000707000000|  0%| F|  |TAMS 0x0000000706e00000, 0x0000000706e00000| Untracked 
|  38|0x0000000707000000, 0x0000000707000000, 0x0000000707200000|  0%| F|  |TAMS 0x0000000707000000, 0x0000000707000000| Untracked 
|  39|0x0000000707200000, 0x0000000707200000, 0x0000000707400000|  0%| F|  |TAMS 0x0000000707200000, 0x0000000707200000| Untracked 
|  40|0x0000000707400000, 0x0000000707400000, 0x0000000707600000|  0%| F|  |TAMS 0x0000000707400000, 0x0000000707400000| Untracked 
|  41|0x0000000707600000, 0x0000000707600000, 0x0000000707800000|  0%| F|  |TAMS 0x0000000707600000, 0x0000000707600000| Untracked 
|  42|0x0000000707800000, 0x0000000707800000, 0x0000000707a00000|  0%| F|  |TAMS 0x0000000707800000, 0x0000000707800000| Untracked 
|  43|0x0000000707a00000, 0x0000000707a00000, 0x0000000707c00000|  0%| F|  |TAMS 0x0000000707a00000, 0x0000000707a00000| Untracked 
|  44|0x0000000707c00000, 0x0000000707c00000, 0x0000000707e00000|  0%| F|  |TAMS 0x0000000707c00000, 0x0000000707c00000| Untracked 
|  45|0x0000000707e00000, 0x0000000707e00000, 0x0000000708000000|  0%| F|  |TAMS 0x0000000707e00000, 0x0000000707e00000| Untracked 
|  46|0x0000000708000000, 0x0000000708000000, 0x0000000708200000|  0%| F|  |TAMS 0x0000000708000000, 0x0000000708000000| Untracked 
|  47|0x0000000708200000, 0x0000000708200000, 0x0000000708400000|  0%| F|  |TAMS 0x0000000708200000, 0x0000000708200000| Untracked 
|  48|0x0000000708400000, 0x0000000708400000, 0x0000000708600000|  0%| F|  |TAMS 0x0000000708400000, 0x0000000708400000| Untracked 
|  49|0x0000000708600000, 0x0000000708600000, 0x0000000708800000|  0%| F|  |TAMS 0x0000000708600000, 0x0000000708600000| Untracked 
|  50|0x0000000708800000, 0x0000000708800000, 0x0000000708a00000|  0%| F|  |TAMS 0x0000000708800000, 0x0000000708800000| Untracked 
|  51|0x0000000708a00000, 0x0000000708a00000, 0x0000000708c00000|  0%| F|  |TAMS 0x0000000708a00000, 0x0000000708a00000| Untracked 
|  52|0x0000000708c00000, 0x0000000708c00000, 0x0000000708e00000|  0%| F|  |TAMS 0x0000000708c00000, 0x0000000708c00000| Untracked 
|  53|0x0000000708e00000, 0x0000000708e00000, 0x0000000709000000|  0%| F|  |TAMS 0x0000000708e00000, 0x0000000708e00000| Untracked 
|  54|0x0000000709000000, 0x0000000709000000, 0x0000000709200000|  0%| F|  |TAMS 0x0000000709000000, 0x0000000709000000| Untracked 
|  55|0x0000000709200000, 0x0000000709200000, 0x0000000709400000|  0%| F|  |TAMS 0x0000000709200000, 0x0000000709200000| Untracked 
|  56|0x0000000709400000, 0x0000000709400000, 0x0000000709600000|  0%| F|  |TAMS 0x0000000709400000, 0x0000000709400000| Untracked 
|  57|0x0000000709600000, 0x0000000709600000, 0x0000000709800000|  0%| F|  |TAMS 0x0000000709600000, 0x0000000709600000| Untracked 
|  58|0x0000000709800000, 0x0000000709800000, 0x0000000709a00000|  0%| F|  |TAMS 0x0000000709800000, 0x0000000709800000| Untracked 
|  59|0x0000000709a00000, 0x0000000709a00000, 0x0000000709c00000|  0%| F|  |TAMS 0x0000000709a00000, 0x0000000709a00000| Untracked 
|  60|0x0000000709c00000, 0x0000000709c00000, 0x0000000709e00000|  0%| F|  |TAMS 0x0000000709c00000, 0x0000000709c00000| Untracked 
|  61|0x0000000709e00000, 0x0000000709e00000, 0x000000070a000000|  0%| F|  |TAMS 0x0000000709e00000, 0x0000000709e00000| Untracked 
|  62|0x000000070a000000, 0x000000070a000000, 0x000000070a200000|  0%| F|  |TAMS 0x000000070a000000, 0x000000070a000000| Untracked 
|  63|0x000000070a200000, 0x000000070a200000, 0x000000070a400000|  0%| F|  |TAMS 0x000000070a200000, 0x000000070a200000| Untracked 
|  64|0x000000070a400000, 0x000000070a400000, 0x000000070a600000|  0%| F|  |TAMS 0x000000070a400000, 0x000000070a400000| Untracked 
|  65|0x000000070a600000, 0x000000070a600000, 0x000000070a800000|  0%| F|  |TAMS 0x000000070a600000, 0x000000070a600000| Untracked 
|  66|0x000000070a800000, 0x000000070a800000, 0x000000070aa00000|  0%| F|  |TAMS 0x000000070a800000, 0x000000070a800000| Untracked 
|  67|0x000000070aa00000, 0x000000070aa00000, 0x000000070ac00000|  0%| F|  |TAMS 0x000000070aa00000, 0x000000070aa00000| Untracked 
|  68|0x000000070ac00000, 0x000000070ac00000, 0x000000070ae00000|  0%| F|  |TAMS 0x000000070ac00000, 0x000000070ac00000| Untracked 
|  69|0x000000070ae00000, 0x000000070ae00000, 0x000000070b000000|  0%| F|  |TAMS 0x000000070ae00000, 0x000000070ae00000| Untracked 
|  70|0x000000070b000000, 0x000000070b000000, 0x000000070b200000|  0%| F|  |TAMS 0x000000070b000000, 0x000000070b000000| Untracked 
|  71|0x000000070b200000, 0x000000070b200000, 0x000000070b400000|  0%| F|  |TAMS 0x000000070b200000, 0x000000070b200000| Untracked 
|  72|0x000000070b400000, 0x000000070b400000, 0x000000070b600000|  0%| F|  |TAMS 0x000000070b400000, 0x000000070b400000| Untracked 
|  73|0x000000070b600000, 0x000000070b600000, 0x000000070b800000|  0%| F|  |TAMS 0x000000070b600000, 0x000000070b600000| Untracked 
|  74|0x000000070b800000, 0x000000070b800000, 0x000000070ba00000|  0%| F|  |TAMS 0x000000070b800000, 0x000000070b800000| Untracked 
|  75|0x000000070ba00000, 0x000000070ba00000, 0x000000070bc00000|  0%| F|  |TAMS 0x000000070ba00000, 0x000000070ba00000| Untracked 
|  76|0x000000070bc00000, 0x000000070bc00000, 0x000000070be00000|  0%| F|  |TAMS 0x000000070bc00000, 0x000000070bc00000| Untracked 
|  77|0x000000070be00000, 0x000000070be00000, 0x000000070c000000|  0%| F|  |TAMS 0x000000070be00000, 0x000000070be00000| Untracked 
|  78|0x000000070c000000, 0x000000070c000000, 0x000000070c200000|  0%| F|  |TAMS 0x000000070c000000, 0x000000070c000000| Untracked 
|  79|0x000000070c200000, 0x000000070c200000, 0x000000070c400000|  0%| F|  |TAMS 0x000000070c200000, 0x000000070c200000| Untracked 
|  80|0x000000070c400000, 0x000000070c400000, 0x000000070c600000|  0%| F|  |TAMS 0x000000070c400000, 0x000000070c400000| Untracked 
|  81|0x000000070c600000, 0x000000070c600000, 0x000000070c800000|  0%| F|  |TAMS 0x000000070c600000, 0x000000070c600000| Untracked 
|  82|0x000000070c800000, 0x000000070c800000, 0x000000070ca00000|  0%| F|  |TAMS 0x000000070c800000, 0x000000070c800000| Untracked 
|  83|0x000000070ca00000, 0x000000070ca00000, 0x000000070cc00000|  0%| F|  |TAMS 0x000000070ca00000, 0x000000070ca00000| Untracked 
|  84|0x000000070cc00000, 0x000000070cc00000, 0x000000070ce00000|  0%| F|  |TAMS 0x000000070cc00000, 0x000000070cc00000| Untracked 
|  85|0x000000070ce00000, 0x000000070ce00000, 0x000000070d000000|  0%| F|  |TAMS 0x000000070ce00000, 0x000000070ce00000| Untracked 
|  86|0x000000070d000000, 0x000000070d000000, 0x000000070d200000|  0%| F|  |TAMS 0x000000070d000000, 0x000000070d000000| Untracked 
|  87|0x000000070d200000, 0x000000070d200000, 0x000000070d400000|  0%| F|  |TAMS 0x000000070d200000, 0x000000070d200000| Untracked 
|  88|0x000000070d400000, 0x000000070d400000, 0x000000070d600000|  0%| F|  |TAMS 0x000000070d400000, 0x000000070d400000| Untracked 
|  89|0x000000070d600000, 0x000000070d600000, 0x000000070d800000|  0%| F|  |TAMS 0x000000070d600000, 0x000000070d600000| Untracked 
|  90|0x000000070d800000, 0x000000070d800000, 0x000000070da00000|  0%| F|  |TAMS 0x000000070d800000, 0x000000070d800000| Untracked 
|  91|0x000000070da00000, 0x000000070da00000, 0x000000070dc00000|  0%| F|  |TAMS 0x000000070da00000, 0x000000070da00000| Untracked 
|  92|0x000000070dc00000, 0x000000070dc00000, 0x000000070de00000|  0%| F|  |TAMS 0x000000070dc00000, 0x000000070dc00000| Untracked 
|  93|0x000000070de00000, 0x000000070de00000, 0x000000070e000000|  0%| F|  |TAMS 0x000000070de00000, 0x000000070de00000| Untracked 
|  94|0x000000070e000000, 0x000000070e000000, 0x000000070e200000|  0%| F|  |TAMS 0x000000070e000000, 0x000000070e000000| Untracked 
|  95|0x000000070e200000, 0x000000070e200000, 0x000000070e400000|  0%| F|  |TAMS 0x000000070e200000, 0x000000070e200000| Untracked 
|  96|0x000000070e400000, 0x000000070e400000, 0x000000070e600000|  0%| F|  |TAMS 0x000000070e400000, 0x000000070e400000| Untracked 
|  97|0x000000070e600000, 0x000000070e600000, 0x000000070e800000|  0%| F|  |TAMS 0x000000070e600000, 0x000000070e600000| Untracked 
|  98|0x000000070e800000, 0x000000070e800000, 0x000000070ea00000|  0%| F|  |TAMS 0x000000070e800000, 0x000000070e800000| Untracked 
|  99|0x000000070ea00000, 0x000000070ea00000, 0x000000070ec00000|  0%| F|  |TAMS 0x000000070ea00000, 0x000000070ea00000| Untracked 
| 100|0x000000070ec00000, 0x000000070ec00000, 0x000000070ee00000|  0%| F|  |TAMS 0x000000070ec00000, 0x000000070ec00000| Untracked 
| 101|0x000000070ee00000, 0x000000070ee00000, 0x000000070f000000|  0%| F|  |TAMS 0x000000070ee00000, 0x000000070ee00000| Untracked 
| 102|0x000000070f000000, 0x000000070f000000, 0x000000070f200000|  0%| F|  |TAMS 0x000000070f000000, 0x000000070f000000| Untracked 
| 103|0x000000070f200000, 0x000000070f200000, 0x000000070f400000|  0%| F|  |TAMS 0x000000070f200000, 0x000000070f200000| Untracked 
| 104|0x000000070f400000, 0x000000070f400000, 0x000000070f600000|  0%| F|  |TAMS 0x000000070f400000, 0x000000070f400000| Untracked 
| 105|0x000000070f600000, 0x000000070f600000, 0x000000070f800000|  0%| F|  |TAMS 0x000000070f600000, 0x000000070f600000| Untracked 
| 106|0x000000070f800000, 0x000000070f800000, 0x000000070fa00000|  0%| F|  |TAMS 0x000000070f800000, 0x000000070f800000| Untracked 
| 107|0x000000070fa00000, 0x000000070fa00000, 0x000000070fc00000|  0%| F|  |TAMS 0x000000070fa00000, 0x000000070fa00000| Untracked 
| 108|0x000000070fc00000, 0x000000070fc00000, 0x000000070fe00000|  0%| F|  |TAMS 0x000000070fc00000, 0x000000070fc00000| Untracked 
| 109|0x000000070fe00000, 0x000000070fe00000, 0x0000000710000000|  0%| F|  |TAMS 0x000000070fe00000, 0x000000070fe00000| Untracked 
| 110|0x0000000710000000, 0x0000000710000000, 0x0000000710200000|  0%| F|  |TAMS 0x0000000710000000, 0x0000000710000000| Untracked 
| 111|0x0000000710200000, 0x0000000710200000, 0x0000000710400000|  0%| F|  |TAMS 0x0000000710200000, 0x0000000710200000| Untracked 
| 112|0x0000000710400000, 0x0000000710400000, 0x0000000710600000|  0%| F|  |TAMS 0x0000000710400000, 0x0000000710400000| Untracked 
| 113|0x0000000710600000, 0x0000000710600000, 0x0000000710800000|  0%| F|  |TAMS 0x0000000710600000, 0x0000000710600000| Untracked 
| 114|0x0000000710800000, 0x0000000710800000, 0x0000000710a00000|  0%| F|  |TAMS 0x0000000710800000, 0x0000000710800000| Untracked 
| 115|0x0000000710a00000, 0x0000000710a00000, 0x0000000710c00000|  0%| F|  |TAMS 0x0000000710a00000, 0x0000000710a00000| Untracked 
| 116|0x0000000710c00000, 0x0000000710c00000, 0x0000000710e00000|  0%| F|  |TAMS 0x0000000710c00000, 0x0000000710c00000| Untracked 
| 117|0x0000000710e00000, 0x0000000710e00000, 0x0000000711000000|  0%| F|  |TAMS 0x0000000710e00000, 0x0000000710e00000| Untracked 
| 118|0x0000000711000000, 0x0000000711000000, 0x0000000711200000|  0%| F|  |TAMS 0x0000000711000000, 0x0000000711000000| Untracked 
| 119|0x0000000711200000, 0x0000000711200000, 0x0000000711400000|  0%| F|  |TAMS 0x0000000711200000, 0x0000000711200000| Untracked 
| 120|0x0000000711400000, 0x0000000711400000, 0x0000000711600000|  0%| F|  |TAMS 0x0000000711400000, 0x0000000711400000| Untracked 
| 121|0x0000000711600000, 0x0000000711600000, 0x0000000711800000|  0%| F|  |TAMS 0x0000000711600000, 0x0000000711600000| Untracked 
| 122|0x0000000711800000, 0x000000071199c550, 0x0000000711a00000| 80%| E|  |TAMS 0x0000000711800000, 0x0000000711800000| Complete 
| 123|0x0000000711a00000, 0x0000000711c00000, 0x0000000711c00000|100%| E|CS|TAMS 0x0000000711a00000, 0x0000000711a00000| Complete 
| 124|0x0000000711c00000, 0x0000000711e00000, 0x0000000711e00000|100%| E|CS|TAMS 0x0000000711c00000, 0x0000000711c00000| Complete 
| 125|0x0000000711e00000, 0x0000000712000000, 0x0000000712000000|100%| E|CS|TAMS 0x0000000711e00000, 0x0000000711e00000| Complete 
| 126|0x0000000712000000, 0x0000000712200000, 0x0000000712200000|100%| E|CS|TAMS 0x0000000712000000, 0x0000000712000000| Complete 

Card table byte_map: [0x0000026555260000,0x0000026555a50000] _byte_map_base: 0x0000026551a4e000

Marking Bits (Prev, Next): (CMBitMap*) 0x0000026541ffcb90, (CMBitMap*) 0x0000026541ffcbd0
 Prev Bits: [0x0000026556240000, 0x000002655a1b0000)
 Next Bits: [0x000002655a1b0000, 0x000002655e120000)

Polling page: 0x000002653ff90000

Metaspace:

Usage:
  Non-class:     11.67 MB used.
      Class:      1.29 MB used.
       Both:     12.96 MB used.

Virtual space:
  Non-class space:       16.00 MB reserved,      11.75 MB ( 73%) committed,  2 nodes.
      Class space:        1.00 GB reserved,       1.38 MB ( <1%) committed,  1 nodes.
              Both:        1.02 GB reserved,      13.12 MB (  1%) committed. 

Chunk freelists:
   Non-Class:  243.00 KB
       Class:  2.62 MB
        Both:  2.85 MB

MaxMetaspaceSize: 17179869184.00 GB
CompressedClassSpaceSize: 1.00 GB
 - commit_granule_bytes: 65536.
 - commit_granule_words: 8192.
 - virtual_space_node_default_size: 1048576.
 - enlarge_chunks_in_place: 1.
 - new_chunks_are_fully_committed: 0.
 - uncommit_free_chunks: 1.
 - use_allocation_guard: 0.
 - handle_deallocations: 1.


Internal statistics:

num_allocs_failed_limit: 0.
num_arena_births: 110.
num_arena_deaths: 0.
num_vsnodes_births: 3.
num_vsnodes_deaths: 0.
num_space_committed: 210.
num_space_uncommitted: 0.
num_chunks_returned_to_freelist: 0.
num_chunks_taken_from_freelist: 154.
num_chunk_merges: 0.
num_chunk_splits: 89.
num_chunks_enlarged: 46.
num_purges: 0.

CodeHeap 'non-profiled nmethods': size=120000Kb used=251Kb max_used=251Kb free=119748Kb
 bounds [0x000002654cff0000, 0x000002654d260000, 0x0000026554520000]
CodeHeap 'profiled nmethods': size=120000Kb used=1249Kb max_used=1249Kb free=118750Kb
 bounds [0x0000026545ac0000, 0x0000026545d30000, 0x000002654cff0000]
CodeHeap 'non-nmethods': size=5760Kb used=1247Kb max_used=1262Kb free=4512Kb
 bounds [0x0000026545520000, 0x0000026545790000, 0x0000026545ac0000]
 total_blobs=1467 nmethods=908 adapters=472
 compilation: enabled
              stopped_count=0, restarted_count=0
 full_count=0

Compilation events (20 events):
Event: 3.454 Thread 0x000002656186ef00  899       3       java.awt.AWTEvent::<init> (81 bytes)
Event: 3.454 Thread 0x000002656186ef00 nmethod 899 0x0000026545bf5790 code [0x0000026545bf5960, 0x0000026545bf5e18]
Event: 3.459 Thread 0x000002656186ef00  901       3       sun.java2d.pipe.RenderQueue::unlock (4 bytes)
Event: 3.459 Thread 0x000002656186ef00 nmethod 901 0x0000026545bf5f90 code [0x0000026545bf6160, 0x0000026545bf6598]
Event: 3.459 Thread 0x000002656186ef00  902       3       sun.awt.SunToolkit::awtUnlock (7 bytes)
Event: 3.459 Thread 0x000002656186ef00 nmethod 902 0x0000026545bf6710 code [0x0000026545bf68e0, 0x0000026545bf6c98]
Event: 3.463 Thread 0x000002656186ef00  903       3       java.awt.GradientPaintContext::cycleFillRaster (104 bytes)
Event: 3.463 Thread 0x000002656186ef00 nmethod 903 0x0000026545bf6e10 code [0x0000026545bf7040, 0x0000026545bf7438]
Event: 3.464 Thread 0x000002656186ef00  904       1       java.lang.Thread::isInterrupted (5 bytes)
Event: 3.464 Thread 0x000002656186ef00 nmethod 904 0x000002654d02e990 code [0x000002654d02eb20, 0x000002654d02ebf8]
Event: 3.465 Thread 0x000002656186ef00  905       3       java.nio.MappedByteBuffer::position (6 bytes)
Event: 3.465 Thread 0x000002656186ef00 nmethod 905 0x0000026545bf7690 code [0x0000026545bf7840, 0x0000026545bf7a48]
Event: 3.465 Thread 0x000002656186ef00  907       3       java.nio.channels.spi.AbstractInterruptibleChannel::isOpen (13 bytes)
Event: 3.465 Thread 0x000002656186ef00 nmethod 907 0x0000026545bf7b90 code [0x0000026545bf7d20, 0x0000026545bf7e98]
Event: 3.466 Thread 0x000002656186ef00  908       3       java.nio.channels.spi.AbstractInterruptibleChannel::blockedOn (10 bytes)
Event: 3.466 Thread 0x000002656186ef00 nmethod 908 0x0000026545bf7f10 code [0x0000026545bf80c0, 0x0000026545bf8308]
Event: 3.466 Thread 0x000002656186ef00  906       1       sun.nio.ch.NativeThread::current (2 bytes)
Event: 3.466 Thread 0x000002656186ef00 nmethod 906 0x000002654d02ec90 code [0x000002654d02ee20, 0x000002654d02eed8]
Event: 3.469 Thread 0x000002656186ef00  909       3       java.awt.event.InputEvent::getModifiers (8 bytes)
Event: 3.469 Thread 0x000002656186ef00 nmethod 909 0x0000026545bf8410 code [0x0000026545bf85a0, 0x0000026545bf86b8]

GC Heap History (0 events):
No events

Deoptimization events (20 events):
Event: 3.170 Thread 0x0000026561cc7230 Uncommon trap: trap_request=0xffffffc6 fr.pc=0x000002654d01ce1c relative=0x000000000000033c
Event: 3.170 Thread 0x0000026561cc7230 Uncommon trap: reason=bimorphic_or_optimized_type_check action=maybe_recompile pc=0x000002654d01ce1c method=java.util.HashMap.getNode(Ljava/lang/Object;)Ljava/util/HashMap$Node; @ 63 c2
Event: 3.170 Thread 0x0000026561cc7230 DEOPT PACKING pc=0x000002654d01ce1c sp=0x0000008e670fd300
Event: 3.170 Thread 0x0000026561cc7230 DEOPT UNPACKING pc=0x000002654556d72e sp=0x0000008e670fd208 mode 2
Event: 3.233 Thread 0x0000026561cc7230 Uncommon trap: trap_request=0xffffffc6 fr.pc=0x000002654d01ce1c relative=0x000000000000033c
Event: 3.233 Thread 0x0000026561cc7230 Uncommon trap: reason=bimorphic_or_optimized_type_check action=maybe_recompile pc=0x000002654d01ce1c method=java.util.HashMap.getNode(Ljava/lang/Object;)Ljava/util/HashMap$Node; @ 63 c2
Event: 3.233 Thread 0x0000026561cc7230 DEOPT PACKING pc=0x000002654d01ce1c sp=0x0000008e670fd110
Event: 3.233 Thread 0x0000026561cc7230 DEOPT UNPACKING pc=0x000002654556d72e sp=0x0000008e670fd018 mode 2
Event: 3.255 Thread 0x0000026561cc7230 Uncommon trap: trap_request=0xffffffc6 fr.pc=0x000002654d01ce1c relative=0x000000000000033c
Event: 3.255 Thread 0x0000026561cc7230 Uncommon trap: reason=bimorphic_or_optimized_type_check action=maybe_recompile pc=0x000002654d01ce1c method=java.util.HashMap.getNode(Ljava/lang/Object;)Ljava/util/HashMap$Node; @ 63 c2
Event: 3.255 Thread 0x0000026561cc7230 DEOPT PACKING pc=0x000002654d01ce1c sp=0x0000008e670fd110
Event: 3.255 Thread 0x0000026561cc7230 DEOPT UNPACKING pc=0x000002654556d72e sp=0x0000008e670fd018 mode 2
Event: 3.276 Thread 0x0000026561cc7230 Uncommon trap: trap_request=0xffffffc6 fr.pc=0x000002654d01ce1c relative=0x000000000000033c
Event: 3.276 Thread 0x0000026561cc7230 Uncommon trap: reason=bimorphic_or_optimized_type_check action=maybe_recompile pc=0x000002654d01ce1c method=java.util.HashMap.getNode(Ljava/lang/Object;)Ljava/util/HashMap$Node; @ 63 c2
Event: 3.276 Thread 0x0000026561cc7230 DEOPT PACKING pc=0x000002654d01ce1c sp=0x0000008e670fd110
Event: 3.276 Thread 0x0000026561cc7230 DEOPT UNPACKING pc=0x000002654556d72e sp=0x0000008e670fd018 mode 2
Event: 3.296 Thread 0x0000026561cc7230 Uncommon trap: trap_request=0xffffffc6 fr.pc=0x000002654d01689c relative=0x000000000000033c
Event: 3.296 Thread 0x0000026561cc7230 Uncommon trap: reason=bimorphic_or_optimized_type_check action=maybe_recompile pc=0x000002654d01689c method=java.util.HashMap.getNode(Ljava/lang/Object;)Ljava/util/HashMap$Node; @ 63 c2
Event: 3.296 Thread 0x0000026561cc7230 DEOPT PACKING pc=0x000002654d01689c sp=0x0000008e670fd0a0
Event: 3.296 Thread 0x0000026561cc7230 DEOPT UNPACKING pc=0x000002654556d72e sp=0x0000008e670fd018 mode 2

Classes unloaded (0 events):
No events

Classes redefined (0 events):
No events

Internal exceptions (13 events):
Event: 0.096 Thread 0x0000026541faa780 Exception <a 'java/lang/NoSuchMethodError'{0x0000000712183068}: 'void java.lang.invoke.DirectMethodHandle$Holder.invokeSpecial(java.lang.Object, java.lang.Object, java.lang.Object)'> (0x0000000712183068) 
thrown [t:\workspace\open\src\hotspot\share\interpreter\linkResolver.cpp, line 790]
Event: 0.118 Thread 0x0000026541faa780 Exception <a 'java/lang/ClassNotFoundException'{0x00000007121a4010}: sun/awt/resources/spi/awtProvider> (0x00000007121a4010) 
thrown [t:\workspace\open\src\hotspot\share\classfile\systemDictionary.cpp, line 256]
Event: 0.142 Thread 0x0000026541faa780 Exception <a 'java/io/FileNotFoundException'{0x00000007121ff8a8}> (0x00000007121ff8a8) 
thrown [t:\workspace\open\src\hotspot\share\prims\jni.cpp, line 579]
Event: 0.147 Thread 0x0000026541faa780 Exception <a 'java/io/FileNotFoundException'{0x0000000711e2e758}> (0x0000000711e2e758) 
thrown [t:\workspace\open\src\hotspot\share\prims\jni.cpp, line 579]
Event: 0.148 Thread 0x0000026541faa780 Exception <a 'java/lang/NoSuchMethodError'{0x0000000711e2fb48}: 'java.lang.Object java.lang.invoke.DirectMethodHandle$Holder.invokeStatic(java.lang.Object)'> (0x0000000711e2fb48) 
thrown [t:\workspace\open\src\hotspot\share\interpreter\linkResolver.cpp, line 790]
Event: 0.175 Thread 0x0000026541faa780 Exception <a 'java/lang/NoSuchMethodError'{0x0000000711e70f28}: 'java.lang.Object java.lang.invoke.DirectMethodHandle$Holder.invokeStaticInit(java.lang.Object)'> (0x0000000711e70f28) 
thrown [t:\workspace\open\src\hotspot\share\interpreter\linkResolver.cpp, line 790]
Event: 0.474 Thread 0x0000026561cc7230 Exception <a 'java/lang/NoSuchMethodError'{0x0000000711c0c158}: 'java.lang.Object java.lang.invoke.DirectMethodHandle$Holder.newInvokeSpecial(java.lang.Object, java.lang.Object, java.lang.Object, java.lang.Object, java.lang.Object)'> (0x0000000711c0c158) 
thrown [t:\workspace\open\src\hotspot\share\interpreter\linkResolver.cpp, line 790]
Event: 0.476 Thread 0x0000026561cc7230 Exception <a 'java/lang/NoSuchMethodError'{0x0000000711c17c40}: 'java.lang.Object java.lang.invoke.DirectMethodHandle$Holder.invokeStatic(java.lang.Object, int, java.lang.Object, java.lang.Object, java.lang.Object, java.lang.Object)'> (0x0000000711c17c40) 
thrown [t:\workspace\open\src\hotspot\share\interpreter\linkResolver.cpp, line 790]
Event: 0.479 Thread 0x0000026561cc7230 Exception <a 'java/lang/NoSuchMethodError'{0x0000000711c3dd08}: 'java.lang.Object java.lang.invoke.DirectMethodHandle$Holder.invokeStatic(java.lang.Object, int, java.lang.Object)'> (0x0000000711c3dd08) 
thrown [t:\workspace\open\src\hotspot\share\interpreter\linkResolver.cpp, line 790]
Event: 0.500 Thread 0x0000026561cc7230 Exception <a 'java/lang/ClassNotFoundException'{0x0000000711cf5dc0}: com/sun/swing/internal/plaf/metal/resources/spi/metalProvider> (0x0000000711cf5dc0) 
thrown [t:\workspace\open\src\hotspot\share\classfile\systemDictionary.cpp, line 256]
Event: 0.501 Thread 0x0000026561cc7230 Exception <a 'java/lang/ClassNotFoundException'{0x0000000711cfa238}: com/sun/swing/internal/plaf/basic/resources/spi/basicProvider> (0x0000000711cfa238) 
thrown [t:\workspace\open\src\hotspot\share\classfile\systemDictionary.cpp, line 256]
Event: 0.540 Thread 0x0000026561cb33a0 Exception <a 'java/lang/NoSuchMethodError'{0x0000000711ef1598}: 'void java.lang.invoke.DirectMethodHandle$Holder.invokeVirtual(java.lang.Object, java.lang.Object)'> (0x0000000711ef1598) 
thrown [t:\workspace\open\src\hotspot\share\interpreter\linkResolver.cpp, line 790]
Event: 0.552 Thread 0x0000026561cc7230 Exception <a 'java/lang/NoSuchMethodError'{0x0000000711d76100}: 'void java.lang.invoke.DirectMethodHandle$Holder.invokeStaticInit(java.lang.Object)'> (0x0000000711d76100) 
thrown [t:\workspace\open\src\hotspot\share\interpreter\linkResolver.cpp, line 790]

Events (20 events):
Event: 3.470 loading class java/awt/geom/Ellipse2D
Event: 3.470 loading class java/awt/geom/Ellipse2D done
Event: 3.470 loading class java/awt/geom/Ellipse2D$Float done
Event: 3.470 loading class sun/java2d/pipe/AAShapePipe$TileState
Event: 3.470 loading class sun/java2d/ReentrantContext
Event: 3.470 loading class sun/java2d/ReentrantContext done
Event: 3.470 loading class sun/java2d/pipe/AAShapePipe$TileState done
Event: 3.470 loading class sun/java2d/ReentrantContextProvider$HardReference
Event: 3.470 loading class sun/java2d/ReentrantContextProvider$HardReference done
Event: 3.470 loading class sun/java2d/marlin/DRendererContext
Event: 3.470 loading class sun/java2d/marlin/IRendererContext
Event: 3.470 loading class sun/java2d/marlin/IRendererContext done
Event: 3.470 loading class sun/java2d/marlin/DRendererContext done
Event: 3.470 loading class sun/java2d/marlin/DCurve
Event: 3.470 loading class sun/java2d/marlin/DCurve done
Event: 3.470 loading class sun/java2d/marlin/DCollinearSimplifier
Event: 3.470 loading class sun/java2d/marlin/DPathConsumer2D
Event: 3.471 loading class sun/java2d/marlin/DPathConsumer2D done
Event: 3.471 loading class sun/java2d/marlin/DCollinearSimplifier done
Event: 3.471 loading class sun/java2d/marlin/DPathSimplifier


Dynamic libraries:
0x00007ff6e35b0000 - 0x00007ff6e35be000 	C:\Users\phuc3\Downloads\eclipse-java-2021-06-R-win32-x86_64\eclipse\plugins\org.eclipse.justj.openjdk.hotspot.jre.full.win32.x86_64_16.0.1.v20210528-1205\jre\bin\javaw.exe
0x00007ff9e7d10000 - 0x00007ff9e7f05000 	C:\WINDOWS\SYSTEM32\ntdll.dll
0x00007ff9e5d60000 - 0x00007ff9e5e1e000 	C:\WINDOWS\System32\KERNEL32.DLL
0x00007ff9e5660000 - 0x00007ff9e5929000 	C:\WINDOWS\System32\KERNELBASE.dll
0x00007ff9e5c60000 - 0x00007ff9e5d60000 	C:\WINDOWS\System32\ucrtbase.dll
0x00007ff9d9850000 - 0x00007ff9d9868000 	C:\Users\phuc3\Downloads\eclipse-java-2021-06-R-win32-x86_64\eclipse\plugins\org.eclipse.justj.openjdk.hotspot.jre.full.win32.x86_64_16.0.1.v20210528-1205\jre\bin\jli.dll
0x00007ff9d67c0000 - 0x00007ff9d67d9000 	C:\Users\phuc3\Downloads\eclipse-java-2021-06-R-win32-x86_64\eclipse\plugins\org.eclipse.justj.openjdk.hotspot.jre.full.win32.x86_64_16.0.1.v20210528-1205\jre\bin\VCRUNTIME140.dll
0x00007ff9e62f0000 - 0x00007ff9e6491000 	C:\WINDOWS\System32\USER32.dll
0x00007ff9e54e0000 - 0x00007ff9e5502000 	C:\WINDOWS\System32\win32u.dll
0x00007ff9d0290000 - 0x00007ff9d052a000 	C:\WINDOWS\WinSxS\amd64_microsoft.windows.common-controls_6595b64144ccf1df_6.0.19041.1110_none_60b5254171f9507e\COMCTL32.dll
0x00007ff9e5e90000 - 0x00007ff9e5ebb000 	C:\WINDOWS\System32\GDI32.dll
0x00007ff9e5b20000 - 0x00007ff9e5c2b000 	C:\WINDOWS\System32\gdi32full.dll
0x00007ff9e75e0000 - 0x00007ff9e767e000 	C:\WINDOWS\System32\msvcrt.dll
0x00007ff9e5560000 - 0x00007ff9e55fd000 	C:\WINDOWS\System32\msvcp_win.dll
0x00007ff9e74c0000 - 0x00007ff9e74f0000 	C:\WINDOWS\System32\IMM32.DLL
0x00007ff9d96b0000 - 0x00007ff9d96bc000 	C:\Users\phuc3\Downloads\eclipse-java-2021-06-R-win32-x86_64\eclipse\plugins\org.eclipse.justj.openjdk.hotspot.jre.full.win32.x86_64_16.0.1.v20210528-1205\jre\bin\vcruntime140_1.dll
0x00007ff9d1af0000 - 0x00007ff9d1b81000 	C:\Users\phuc3\Downloads\eclipse-java-2021-06-R-win32-x86_64\eclipse\plugins\org.eclipse.justj.openjdk.hotspot.jre.full.win32.x86_64_16.0.1.v20210528-1205\jre\bin\msvcp140.dll
0x00007ff969e10000 - 0x00007ff96a9bb000 	C:\Users\phuc3\Downloads\eclipse-java-2021-06-R-win32-x86_64\eclipse\plugins\org.eclipse.justj.openjdk.hotspot.jre.full.win32.x86_64_16.0.1.v20210528-1205\jre\bin\server\jvm.dll
0x00007ff9e61a0000 - 0x00007ff9e624c000 	C:\WINDOWS\System32\ADVAPI32.dll
0x00007ff9e6250000 - 0x00007ff9e62eb000 	C:\WINDOWS\System32\sechost.dll
0x00007ff9e6ab0000 - 0x00007ff9e6bda000 	C:\WINDOWS\System32\RPCRT4.dll
0x00007ff9e6060000 - 0x00007ff9e6068000 	C:\WINDOWS\System32\PSAPI.DLL
0x00007ff9c8ef0000 - 0x00007ff9c8ef9000 	C:\WINDOWS\SYSTEM32\WSOCK32.dll
0x00007ff9d7ff0000 - 0x00007ff9d8017000 	C:\WINDOWS\SYSTEM32\WINMM.dll
0x00007ff9dc250000 - 0x00007ff9dc25a000 	C:\WINDOWS\SYSTEM32\VERSION.dll
0x00007ff9e7570000 - 0x00007ff9e75db000 	C:\WINDOWS\System32\WS2_32.dll
0x00007ff9e3d00000 - 0x00007ff9e3d12000 	C:\WINDOWS\SYSTEM32\kernel.appcore.dll
0x00007ff9df380000 - 0x00007ff9df38a000 	C:\Users\phuc3\Downloads\eclipse-java-2021-06-R-win32-x86_64\eclipse\plugins\org.eclipse.justj.openjdk.hotspot.jre.full.win32.x86_64_16.0.1.v20210528-1205\jre\bin\jimage.dll
0x00007ff9e39d0000 - 0x00007ff9e3bb4000 	C:\WINDOWS\SYSTEM32\DBGHELP.DLL
0x00007ff9cde40000 - 0x00007ff9cde6c000 	C:\WINDOWS\SYSTEM32\dbgcore.DLL
0x00007ff9e5930000 - 0x00007ff9e59b3000 	C:\WINDOWS\System32\bcryptPrimitives.dll
0x00007ff99c5e0000 - 0x00007ff99c605000 	C:\Users\phuc3\Downloads\eclipse-java-2021-06-R-win32-x86_64\eclipse\plugins\org.eclipse.justj.openjdk.hotspot.jre.full.win32.x86_64_16.0.1.v20210528-1205\jre\bin\java.dll
0x00007ff99bca0000 - 0x00007ff99bcb8000 	C:\Users\phuc3\Downloads\eclipse-java-2021-06-R-win32-x86_64\eclipse\plugins\org.eclipse.justj.openjdk.hotspot.jre.full.win32.x86_64_16.0.1.v20210528-1205\jre\bin\zip.dll
0x00007ff9e6ca0000 - 0x00007ff9e73df000 	C:\WINDOWS\System32\SHELL32.dll
0x00007ff9e3170000 - 0x00007ff9e3900000 	C:\WINDOWS\SYSTEM32\windows.storage.dll
0x00007ff9e6750000 - 0x00007ff9e6aa5000 	C:\WINDOWS\System32\combase.dll
0x00007ff9e4e80000 - 0x00007ff9e4eac000 	C:\WINDOWS\SYSTEM32\Wldp.dll
0x00007ff9e5ec0000 - 0x00007ff9e5f6e000 	C:\WINDOWS\System32\SHCORE.dll
0x00007ff9e66f0000 - 0x00007ff9e6745000 	C:\WINDOWS\System32\shlwapi.dll
0x00007ff9e5370000 - 0x00007ff9e538f000 	C:\WINDOWS\SYSTEM32\profapi.dll
0x00007ff978000000 - 0x00007ff97817f000 	C:\Users\phuc3\Downloads\eclipse-java-2021-06-R-win32-x86_64\eclipse\plugins\org.eclipse.justj.openjdk.hotspot.jre.full.win32.x86_64_16.0.1.v20210528-1205\jre\bin\awt.dll
0x00007ff9e5f70000 - 0x00007ff9e603d000 	C:\WINDOWS\System32\OLEAUT32.dll
0x00007ff9e25c0000 - 0x00007ff9e2650000 	C:\WINDOWS\SYSTEM32\apphelp.dll
0x00007ff9e2ad0000 - 0x00007ff9e2b6e000 	C:\WINDOWS\system32\uxtheme.dll
0x00007ff9e7bb0000 - 0x00007ff9e7cc5000 	C:\WINDOWS\System32\MSCTF.dll
0x00007ff98c160000 - 0x00007ff98c259000 	C:\Program Files\NahimicAPI\NahimicAPIDevProps2.dll
0x00007ff9e6070000 - 0x00007ff9e619a000 	C:\WINDOWS\System32\ole32.dll
0x00007ff9e2db0000 - 0x00007ff9e2ddf000 	C:\WINDOWS\system32\DWMAPI.DLL
0x00007ff9bd460000 - 0x00007ff9bd585000 	C:\WINDOWS\system32\opengl32.dll
0x00007ff9d5d10000 - 0x00007ff9d5d3c000 	C:\WINDOWS\SYSTEM32\GLU32.dll
0x00007ff9d6fb0000 - 0x00007ff9d717e000 	C:\WINDOWS\system32\d3d9.dll
0x00007ff9e0820000 - 0x00007ff9e0922000 	C:\WINDOWS\System32\DriverStore\FileRepository\nvacui.inf_amd64_d822c5c0b7f7c6a9\nvldumdx.dll
0x00007ff9e5010000 - 0x00007ff9e5022000 	C:\WINDOWS\SYSTEM32\msasn1.dll
0x00007ff9dbd40000 - 0x00007ff9dbd71000 	C:\WINDOWS\SYSTEM32\cryptnet.dll
0x00007ff9e59c0000 - 0x00007ff9e5b16000 	C:\WINDOWS\System32\CRYPT32.dll
0x00007ff9e4df0000 - 0x00007ff9e4dfc000 	C:\WINDOWS\SYSTEM32\cryptbase.dll
0x0000026562d00000 - 0x0000026562d60000 	C:\WINDOWS\System32\WINTRUST.DLL
0x00007ff9e6040000 - 0x00007ff9e605d000 	C:\WINDOWS\System32\imagehlp.dll
0x00007ff9e4dd0000 - 0x00007ff9e4de8000 	C:\WINDOWS\SYSTEM32\CRYPTSP.dll
0x00007ff9e44f0000 - 0x00007ff9e4524000 	C:\WINDOWS\system32\rsaenh.dll
0x00007ff9e5c30000 - 0x00007ff9e5c57000 	C:\WINDOWS\System32\bcrypt.dll
0x00007ff972040000 - 0x00007ff973a5c000 	C:\WINDOWS\System32\DriverStore\FileRepository\nvacui.inf_amd64_d822c5c0b7f7c6a9\nvd3dumx.dll
0x00007ff99bfb0000 - 0x00007ff99c269000 	C:\WINDOWS\system32\nvspcap64.dll
0x00007ff9e4120000 - 0x00007ff9e4153000 	C:\WINDOWS\SYSTEM32\ntmarta.dll
0x00007ff9e3cb0000 - 0x00007ff9e3cd3000 	C:\WINDOWS\SYSTEM32\gpapi.dll
0x00007ff9df770000 - 0x00007ff9df7ab000 	C:\WINDOWS\SYSTEM32\dxcore.dll
0x00007ff9e5510000 - 0x00007ff9e555e000 	C:\WINDOWS\System32\cfgmgr32.dll
0x00007ff99afe0000 - 0x00007ff99b069000 	C:\Users\phuc3\Downloads\eclipse-java-2021-06-R-win32-x86_64\eclipse\plugins\org.eclipse.justj.openjdk.hotspot.jre.full.win32.x86_64_16.0.1.v20210528-1205\jre\bin\freetype.dll
0x00007ff99ab70000 - 0x00007ff99ac66000 	C:\Users\phuc3\Downloads\eclipse-java-2021-06-R-win32-x86_64\eclipse\plugins\org.eclipse.justj.openjdk.hotspot.jre.full.win32.x86_64_16.0.1.v20210528-1205\jre\bin\harfbuzz.dll
0x00007ff9d74a0000 - 0x00007ff9d74b2000 	C:\Users\phuc3\Downloads\eclipse-java-2021-06-R-win32-x86_64\eclipse\plugins\org.eclipse.justj.openjdk.hotspot.jre.full.win32.x86_64_16.0.1.v20210528-1205\jre\bin\fontmanager.dll
0x00007ff9d7980000 - 0x00007ff9d7a79000 	C:\WINDOWS\SYSTEM32\textinputframework.dll
0x00007ff9e1ea0000 - 0x00007ff9e21fe000 	C:\WINDOWS\System32\CoreUIComponents.dll
0x00007ff9e22b0000 - 0x00007ff9e23a2000 	C:\WINDOWS\System32\CoreMessaging.dll
0x00007ff9e17d0000 - 0x00007ff9e1924000 	C:\WINDOWS\SYSTEM32\wintypes.dll
0x00007ff99bc00000 - 0x00007ff99bc19000 	C:\Users\phuc3\Downloads\eclipse-java-2021-06-R-win32-x86_64\eclipse\plugins\org.eclipse.justj.openjdk.hotspot.jre.full.win32.x86_64_16.0.1.v20210528-1205\jre\bin\net.dll
0x00007ff9dbde0000 - 0x00007ff9dbee8000 	C:\WINDOWS\SYSTEM32\WINHTTP.dll
0x00007ff9e4be0000 - 0x00007ff9e4c4a000 	C:\WINDOWS\system32\mswsock.dll
0x00007ff99bbe0000 - 0x00007ff99bbf3000 	C:\Users\phuc3\Downloads\eclipse-java-2021-06-R-win32-x86_64\eclipse\plugins\org.eclipse.justj.openjdk.hotspot.jre.full.win32.x86_64_16.0.1.v20210528-1205\jre\bin\nio.dll

dbghelp: loaded successfully - version: 4.0.5 - missing functions: none
symbol engine: initialized successfully - sym options: 0x614 - pdb path: .;C:\Users\phuc3\Downloads\eclipse-java-2021-06-R-win32-x86_64\eclipse\plugins\org.eclipse.justj.openjdk.hotspot.jre.full.win32.x86_64_16.0.1.v20210528-1205\jre\bin;C:\WINDOWS\SYSTEM32;C:\WINDOWS\WinSxS\amd64_microsoft.windows.common-controls_6595b64144ccf1df_6.0.19041.1110_none_60b5254171f9507e;C:\Users\phuc3\Downloads\eclipse-java-2021-06-R-win32-x86_64\eclipse\plugins\org.eclipse.justj.openjdk.hotspot.jre.full.win32.x86_64_16.0.1.v20210528-1205\jre\bin\server;C:\Program Files\NahimicAPI;C:\WINDOWS\System32\DriverStore\FileRepository\nvacui.inf_amd64_d822c5c0b7f7c6a9

VM Arguments:
jvm_args: -Dfile.encoding=Cp1252 -XX:+ShowCodeDetailsInExceptionMessages 
java_command: SOSpackage.Game
java_class_path (initial): C:\Users\phuc3\eclipse-workspace\SPRIN\bin
Launcher Type: SUN_STANDARD

[Global flags]
     intx CICompilerCount                          = 4                                         {product} {ergonomic}
     uint ConcGCThreads                            = 3                                         {product} {ergonomic}
     uint G1ConcRefinementThreads                  = 10                                        {product} {ergonomic}
   size_t G1HeapRegionSize                         = 2097152                                   {product} {ergonomic}
    uintx GCDrainStackTargetSize                   = 64                                        {product} {ergonomic}
   size_t InitialHeapSize                          = 266338304                                 {product} {ergonomic}
   size_t MarkStackSize                            = 4194304                                   {product} {ergonomic}
   size_t MaxHeapSize                              = 4257218560                                {product} {ergonomic}
   size_t MaxNewSize                               = 2554331136                                {product} {ergonomic}
   size_t MinHeapDeltaBytes                        = 2097152                                   {product} {ergonomic}
   size_t MinHeapSize                              = 8388608                                   {product} {ergonomic}
    uintx NonNMethodCodeHeapSize                   = 5839372                                {pd product} {ergonomic}
    uintx NonProfiledCodeHeapSize                  = 122909434                              {pd product} {ergonomic}
    uintx ProfiledCodeHeapSize                     = 122909434                              {pd product} {ergonomic}
    uintx ReservedCodeCacheSize                    = 251658240                              {pd product} {ergonomic}
     bool SegmentedCodeCache                       = true                                      {product} {ergonomic}
     bool ShowCodeDetailsInExceptionMessages       = true                                   {manageable} {command line}
   size_t SoftMaxHeapSize                          = 4257218560                             {manageable} {ergonomic}
     bool UseCompressedClassPointers               = true                           {product lp64_product} {ergonomic}
     bool UseCompressedOops                        = true                           {product lp64_product} {ergonomic}
     bool UseG1GC                                  = true                                      {product} {ergonomic}
     bool UseLargePagesIndividualAllocation        = false                                  {pd product} {ergonomic}

Logging:
Log output configuration:
 #0: stdout all=warning uptime,level,tags
 #1: stderr all=off uptime,level,tags

Environment Variables:
PATH=C:/Users/phuc3/Downloads/eclipse-java-2021-06-R-win32-x86_64/eclipse//plugins/org.eclipse.justj.openjdk.hotspot.jre.full.win32.x86_64_16.0.1.v20210528-1205/jre/bin/server;C:/Users/phuc3/Downloads/eclipse-java-2021-06-R-win32-x86_64/eclipse//plugins/org.eclipse.justj.openjdk.hotspot.jre.full.win32.x86_64_16.0.1.v20210528-1205/jre/bin;C:\Program Files\Common Files\Oracle\Java\javapath;C:\Program Files (x86)\Common Files\Oracle\Java\javapath;C:\Program Files\NVIDIA GPU Computing Toolkit\CUDA\v11.1\bin;C:\Program Files\NVIDIA GPU Computing Toolkit\CUDA\v11.1\libnvvp;C:\Program Files (x86)\Razer Chroma SDK\bin;C:\Program Files\Razer Chroma SDK\bin;C:\Program Files (x86)\Razer\ChromaBroadcast\bin;C:\Program Files\Razer\ChromaBroadcast\bin;C:\Windows\system32;C:\Windows;C:\Windows\System32\Wbem;C:\Windows\System32\WindowsPowerShell\v1.0\;C:\Windows\System32\OpenSSH\;C:\Program Files\NVIDIA Corporation\NVIDIA NGX;C:\Program Files\NVIDIA Corporation\NVIDIA NvDLISR;C:\WINDOWS\system32;C:\WINDOWS;C:\WINDOWS\System32\Wbem;C:\WINDOWS\System32\WindowsPowerShell\v1.0\;C:\WINDOWS\System32\OpenSSH\;C:\Program Files\Git\cmd;C:\WINDOWS\system32\config\systemprofile\AppData\Local\Microsoft\WindowsApps;C:\Program Files\NVIDIA Corporation\Nsight Compute 2020.2.1\;C:\Program Files (x86)\NVIDIA Corporation\PhysX\Common;C:\WINDOWS\system32;C:\WINDOWS;C:\WINDOWS\System32\Wbem;C:\WINDOWS\System32\WindowsPowerShell\v1.0\;C:\WINDOWS\System32\OpenSSH\;C:\Program Files\dotnet\;C:\MinGW\bin;C:\MinGW\bin;C:\Users\phuc3\Downloads\eclipse-java-2021-06-R-win32-x86_64\eclipse;
USERNAME=phuc3
OS=Windows_NT
PROCESSOR_IDENTIFIER=Intel64 Family 6 Model 158 Stepping 10, GenuineIntel



---------------  S Y S T E M  ---------------

OS:
 Windows 10 , 64 bit Build 19041 (10.0.19041.1202)
OS uptime: 2 days 17:05 hours

CPU: total 12 (initial active 12) (6 cores per cpu, 2 threads per core) family 6 model 158 stepping 10 microcode 0xb4, cx8, cmov, fxsr, ht, mmx, 3dnowpref, sse, sse2, sse3, ssse3, sse4.1, sse4.2, popcnt, lzcnt, tsc, tscinvbit, avx, avx2, aes, erms, clmul, bmi1, bmi2, adx, fma, vzeroupper, clflush, clflushopt

Memory: 4k page, system-wide physical 16234M (1319M free)
TotalPageFile size 65386M (AvailPageFile size 12M)
current process WorkingSet (physical memory assigned to process): 139M, peak: 139M
current process commit charge ("private bytes"): 420M, peak: 447M

vm_info: OpenJDK 64-Bit Server VM (16.0.1+9-24) for windows-amd64 JRE (16.0.1+9-24), built on Mar 26 2021 19:30:07 by "mach5one" with MS VC++ 16.7 (VS2019)

END.
